--------------- Rebuild Started: 11/05/2017 10:02:06 Project: BinMonitorPart1, Configuration: ARM GCC 5.4-2016-q2-update Debug ---------------
cydsfit.exe -.appdatapath "C:\Users\megan\AppData\Local\Cypress Semiconductor\PSoC Creator\4.1" -.fdsnotice -.fdswarpdepfile=warp_dependencies.txt -.fdselabdepfile=elab_dependencies.txt -.fdsbldfile=generated_files.txt -.fdsreffile=referenced_files.txt -p "C:\Users\megan\Google Drive\College\S10 - Fall 2017\ECEN 4350 - Embedded uC Design\Github\ECEN4350-EmbeddedMicrocontrollerDesign\BinMonitorPart1\BinMonitorPart1\BinMonitorPart1.cydsn\BinMonitorPart1.cyprj" -d CYBLE-202007-01 -s "C:\Users\megan\Google Drive\College\S10 - Fall 2017\ECEN 4350 - Embedded uC Design\Github\ECEN4350-EmbeddedMicrocontrollerDesign\BinMonitorPart1\BinMonitorPart1\BinMonitorPart1.cydsn\Generated_Source\PSoC4" -- -yv2 -q10 -ygs -o2 -v3 -.fftcfgtype=LE
Elaborating Design...
HDL Generation...
Synthesis...
Tech Mapping...
ADD: pft.M0040: information: The following 8 pin(s) will be assigned a location by the fitter: \LCDSPI:miso_m(0)\, \LCDSPI:mosi_m(0)\, \LCDSPI:sclk_m(0)\, \LCDSPI:ss0_m(0)\, ADC_In(0), LED_1(0), LED_2(0), rst0_m(0)
Analog Placement...
Analog Routing...
Analog Code Generation...
Digital Placement...
Digital Routing...
Bitstream Generation...
Bitstream Verification...
Static timing analysis...
API Generation...
Dependency Generation...
Cleanup...
arm-none-eabi-gcc.exe -mcpu=cortex-m0 -mthumb -I. -I. -IGenerated_Source\PSoC4 -Wa,-alh=.\CortexM0\ARM_GCC_541\Debug/main.lst -g -D DEBUG -Wall -ffunction-sections -ffat-lto-objects -O0 -c main.c -o .\CortexM0\ARM_GCC_541\Debug\main.o
arm-none-eabi-gcc.exe -mcpu=cortex-m0 -mthumb -I. -I. -IGenerated_Source\PSoC4 -Wa,-alh=.\CortexM0\ARM_GCC_541\Debug/RA8875.lst -g -D DEBUG -Wall -ffunction-sections -ffat-lto-objects -O0 -c RA8875.c -o .\CortexM0\ARM_GCC_541\Debug\RA8875.o
RA8875.c: In function 'GPIOX':
RA8875.c:1066:9: warning: variable 'x' set but not used [-Wunused-but-set-variable]
   uint8 x;
         ^
arm-none-eabi-gcc.exe -mcpu=cortex-m0 -mthumb -I. -I. -IGenerated_Source\PSoC4 -Wa,-alh=.\CortexM0\ARM_GCC_541\Debug/cyfitter_cfg.lst -g -D DEBUG -Wall -ffunction-sections -ffat-lto-objects -O0 -c Generated_Source\PSoC4\cyfitter_cfg.c -o .\CortexM0\ARM_GCC_541\Debug\cyfitter_cfg.o
arm-none-eabi-gcc.exe -mcpu=cortex-m0 -mthumb -I. -I. -IGenerated_Source\PSoC4 -Wa,-alh=.\CortexM0\ARM_GCC_541\Debug/cymetadata.lst -g -D DEBUG -Wall -ffunction-sections -ffat-lto-objects -O0 -c Generated_Source\PSoC4\cymetadata.c -o .\CortexM0\ARM_GCC_541\Debug\cymetadata.o
arm-none-eabi-gcc.exe -mcpu=cortex-m0 -mthumb -I. -I. -IGenerated_Source\PSoC4 -Wa,-alh=.\CortexM0\ARM_GCC_541\Debug/TCPWM_1.lst -g -D DEBUG -Wall -ffunction-sections -ffat-lto-objects -O0 -c Generated_Source\PSoC4\TCPWM_1.c -o .\CortexM0\ARM_GCC_541\Debug\TCPWM_1.o
arm-none-eabi-gcc.exe -mcpu=cortex-m0 -mthumb -I. -I. -IGenerated_Source\PSoC4 -Wa,-alh=.\CortexM0\ARM_GCC_541\Debug/TCPWM_1_PM.lst -g -D DEBUG -Wall -ffunction-sections -ffat-lto-objects -O0 -c Generated_Source\PSoC4\TCPWM_1_PM.c -o .\CortexM0\ARM_GCC_541\Debug\TCPWM_1_PM.o
arm-none-eabi-gcc.exe -mcpu=cortex-m0 -mthumb -I. -I. -IGenerated_Source\PSoC4 -Wa,-alh=.\CortexM0\ARM_GCC_541\Debug/Clock_1.lst -g -D DEBUG -Wall -ffunction-sections -ffat-lto-objects -O0 -c Generated_Source\PSoC4\Clock_1.c -o .\CortexM0\ARM_GCC_541\Debug\Clock_1.o
arm-none-eabi-gcc.exe -mcpu=cortex-m0 -mthumb -I. -I. -IGenerated_Source\PSoC4 -Wa,-alh=.\CortexM0\ARM_GCC_541\Debug/isr_1.lst -g -D DEBUG -Wall -ffunction-sections -ffat-lto-objects -O0 -c Generated_Source\PSoC4\isr_1.c -o .\CortexM0\ARM_GCC_541\Debug\isr_1.o
arm-none-eabi-gcc.exe -mcpu=cortex-m0 -mthumb -I. -I. -IGenerated_Source\PSoC4 -Wa,-alh=.\CortexM0\ARM_GCC_541\Debug/ADC_In.lst -g -D DEBUG -Wall -ffunction-sections -ffat-lto-objects -O0 -c Generated_Source\PSoC4\ADC_In.c -o .\CortexM0\ARM_GCC_541\Debug\ADC_In.o
arm-none-eabi-gcc.exe -mcpu=cortex-m0 -mthumb -I. -I. -IGenerated_Source\PSoC4 -Wa,-alh=.\CortexM0\ARM_GCC_541\Debug/ADC_In_PM.lst -g -D DEBUG -Wall -ffunction-sections -ffat-lto-objects -O0 -c Generated_Source\PSoC4\ADC_In_PM.c -o .\CortexM0\ARM_GCC_541\Debug\ADC_In_PM.o
arm-none-eabi-gcc.exe -mcpu=cortex-m0 -mthumb -I. -I. -IGenerated_Source\PSoC4 -Wa,-alh=.\CortexM0\ARM_GCC_541\Debug/LED_1.lst -g -D DEBUG -Wall -ffunction-sections -ffat-lto-objects -O0 -c Generated_Source\PSoC4\LED_1.c -o .\CortexM0\ARM_GCC_541\Debug\LED_1.o
arm-none-eabi-gcc.exe -mcpu=cortex-m0 -mthumb -I. -I. -IGenerated_Source\PSoC4 -Wa,-alh=.\CortexM0\ARM_GCC_541\Debug/LED_1_PM.lst -g -D DEBUG -Wall -ffunction-sections -ffat-lto-objects -O0 -c Generated_Source\PSoC4\LED_1_PM.c -o .\CortexM0\ARM_GCC_541\Debug\LED_1_PM.o
arm-none-eabi-gcc.exe -mcpu=cortex-m0 -mthumb -I. -I. -IGenerated_Source\PSoC4 -Wa,-alh=.\CortexM0\ARM_GCC_541\Debug/LED_2.lst -g -D DEBUG -Wall -ffunction-sections -ffat-lto-objects -O0 -c Generated_Source\PSoC4\LED_2.c -o .\CortexM0\ARM_GCC_541\Debug\LED_2.o
arm-none-eabi-gcc.exe -mcpu=cortex-m0 -mthumb -I. -I. -IGenerated_Source\PSoC4 -Wa,-alh=.\CortexM0\ARM_GCC_541\Debug/LED_2_PM.lst -g -D DEBUG -Wall -ffunction-sections -ffat-lto-objects -O0 -c Generated_Source\PSoC4\LED_2_PM.c -o .\CortexM0\ARM_GCC_541\Debug\LED_2_PM.o
arm-none-eabi-gcc.exe -mcpu=cortex-m0 -mthumb -I. -I. -IGenerated_Source\PSoC4 -Wa,-alh=.\CortexM0\ARM_GCC_541\Debug/BLE_1_bas.lst -g -D DEBUG -Wall -ffunction-sections -ffat-lto-objects -O0 -c Generated_Source\PSoC4\BLE_1_bas.c -o .\CortexM0\ARM_GCC_541\Debug\BLE_1_bas.o
arm-none-eabi-gcc.exe -mcpu=cortex-m0 -mthumb -I. -I. -IGenerated_Source\PSoC4 -Wa,-alh=.\CortexM0\ARM_GCC_541\Debug/BLE_1.lst -g -D DEBUG -Wall -ffunction-sections -ffat-lto-objects -O0 -c Generated_Source\PSoC4\BLE_1.c -o .\CortexM0\ARM_GCC_541\Debug\BLE_1.o
arm-none-eabi-gcc.exe -mcpu=cortex-m0 -mthumb -I. -I. -IGenerated_Source\PSoC4 -Wa,-alh=.\CortexM0\ARM_GCC_541\Debug/BLE_1_gatt.lst -g -D DEBUG -Wall -ffunction-sections -ffat-lto-objects -O0 -c Generated_Source\PSoC4\BLE_1_gatt.c -o .\CortexM0\ARM_GCC_541\Debug\BLE_1_gatt.o
arm-none-eabi-gcc.exe -mcpu=cortex-m0 -mthumb -I. -I. -IGenerated_Source\PSoC4 -Wa,-alh=.\CortexM0\ARM_GCC_541\Debug/BLE_1_eventHandler.lst -g -D DEBUG -Wall -ffunction-sections -ffat-lto-objects -O0 -c Generated_Source\PSoC4\BLE_1_eventHandler.c -o .\CortexM0\ARM_GCC_541\Debug\BLE_1_eventHandler.o
arm-none-eabi-gcc.exe -mcpu=cortex-m0 -mthumb -I. -I. -IGenerated_Source\PSoC4 -Wa,-alh=.\CortexM0\ARM_GCC_541\Debug/BLE_1_hids.lst -g -D DEBUG -Wall -ffunction-sections -ffat-lto-objects -O0 -c Generated_Source\PSoC4\BLE_1_hids.c -o .\CortexM0\ARM_GCC_541\Debug\BLE_1_hids.o
arm-none-eabi-gcc.exe -mcpu=cortex-m0 -mthumb -I. -I. -IGenerated_Source\PSoC4 -Wa,-alh=.\CortexM0\ARM_GCC_541\Debug/BLE_1_HAL_INT.lst -g -D DEBUG -Wall -ffunction-sections -ffat-lto-objects -O0 -c Generated_Source\PSoC4\BLE_1_HAL_INT.c -o .\CortexM0\ARM_GCC_541\Debug\BLE_1_HAL_INT.o
arm-none-eabi-gcc.exe -mcpu=cortex-m0 -mthumb -I. -I. -IGenerated_Source\PSoC4 -Wa,-alh=.\CortexM0\ARM_GCC_541\Debug/BLE_1_HAL_PVT.lst -g -D DEBUG -Wall -ffunction-sections -ffat-lto-objects -O0 -c Generated_Source\PSoC4\BLE_1_HAL_PVT.c -o .\CortexM0\ARM_GCC_541\Debug\BLE_1_HAL_PVT.o
arm-none-eabi-gcc.exe -mcpu=cortex-m0 -mthumb -I. -I. -IGenerated_Source\PSoC4 -Wa,-alh=.\CortexM0\ARM_GCC_541\Debug/BLE_1_scps.lst -g -D DEBUG -Wall -ffunction-sections -ffat-lto-objects -O0 -c Generated_Source\PSoC4\BLE_1_scps.c -o .\CortexM0\ARM_GCC_541\Debug\BLE_1_scps.o
arm-none-eabi-gcc.exe -mcpu=cortex-m0 -mthumb -I. -I. -IGenerated_Source\PSoC4 -Wa,-alh=.\CortexM0\ARM_GCC_541\Debug/BLE_1_dis.lst -g -D DEBUG -Wall -ffunction-sections -ffat-lto-objects -O0 -c Generated_Source\PSoC4\BLE_1_dis.c -o .\CortexM0\ARM_GCC_541\Debug\BLE_1_dis.o
arm-none-eabi-gcc.exe -mcpu=cortex-m0 -mthumb -I. -I. -IGenerated_Source\PSoC4 -Wa,-alh=.\CortexM0\ARM_GCC_541\Debug/BLE_1_bless_isr.lst -g -D DEBUG -Wall -ffunction-sections -ffat-lto-objects -O0 -c Generated_Source\PSoC4\BLE_1_bless_isr.c -o .\CortexM0\ARM_GCC_541\Debug\BLE_1_bless_isr.o
arm-none-eabi-gcc.exe -mcpu=cortex-m0 -mthumb -I. -I. -IGenerated_Source\PSoC4 -Wa,-alh=.\CortexM0\ARM_GCC_541\Debug/Cm0Start.lst -g -D DEBUG -Wall -ffunction-sections -ffat-lto-objects -O0 -c Generated_Source\PSoC4\Cm0Start.c -o .\CortexM0\ARM_GCC_541\Debug\Cm0Start.o
arm-none-eabi-gcc.exe -mcpu=cortex-m0 -mthumb -I. -I. -IGenerated_Source\PSoC4 -Wa,-alh=.\CortexM0\ARM_GCC_541\Debug/CyFlash.lst -g -D DEBUG -Wall -ffunction-sections -ffat-lto-objects -O0 -c Generated_Source\PSoC4\CyFlash.c -o .\CortexM0\ARM_GCC_541\Debug\CyFlash.o
arm-none-eabi-gcc.exe -mcpu=cortex-m0 -mthumb -I. -I. -IGenerated_Source\PSoC4 -Wa,-alh=.\CortexM0\ARM_GCC_541\Debug/CyLib.lst -g -D DEBUG -Wall -ffunction-sections -ffat-lto-objects -O0 -c Generated_Source\PSoC4\CyLib.c -o .\CortexM0\ARM_GCC_541\Debug\CyLib.o
arm-none-eabi-gcc.exe -mcpu=cortex-m0 -mthumb -I. -I. -IGenerated_Source\PSoC4 -Wa,-alh=.\CortexM0\ARM_GCC_541\Debug/cyPm.lst -g -D DEBUG -Wall -ffunction-sections -ffat-lto-objects -O0 -c Generated_Source\PSoC4\cyPm.c -o .\CortexM0\ARM_GCC_541\Debug\cyPm.o
arm-none-eabi-gcc.exe -mcpu=cortex-m0 -mthumb -I. -I. -IGenerated_Source\PSoC4 -Wa,-alh=.\CortexM0\ARM_GCC_541\Debug/cyutils.lst -g -D DEBUG -Wall -ffunction-sections -ffat-lto-objects -O0 -c Generated_Source\PSoC4\cyutils.c -o .\CortexM0\ARM_GCC_541\Debug\cyutils.o
arm-none-eabi-gcc.exe -mcpu=cortex-m0 -mthumb -I. -I. -IGenerated_Source\PSoC4 -Wa,-alh=.\CortexM0\ARM_GCC_541\Debug/CyDMA.lst -g -D DEBUG -Wall -ffunction-sections -ffat-lto-objects -O0 -c Generated_Source\PSoC4\CyDMA.c -o .\CortexM0\ARM_GCC_541\Debug\CyDMA.o
arm-none-eabi-gcc.exe -mcpu=cortex-m0 -mthumb -I. -I. -IGenerated_Source\PSoC4 -Wa,-alh=.\CortexM0\ARM_GCC_541\Debug/CyLFClk.lst -g -D DEBUG -Wall -ffunction-sections -ffat-lto-objects -O0 -c Generated_Source\PSoC4\CyLFClk.c -o .\CortexM0\ARM_GCC_541\Debug\CyLFClk.o
arm-none-eabi-gcc.exe -mcpu=cortex-m0 -mthumb -I. -I. -IGenerated_Source\PSoC4 -Wa,-alh=.\CortexM0\ARM_GCC_541\Debug/LCDSPI.lst -g -D DEBUG -Wall -ffunction-sections -ffat-lto-objects -O0 -c Generated_Source\PSoC4\LCDSPI.c -o .\CortexM0\ARM_GCC_541\Debug\LCDSPI.o
arm-none-eabi-gcc.exe -mcpu=cortex-m0 -mthumb -I. -I. -IGenerated_Source\PSoC4 -Wa,-alh=.\CortexM0\ARM_GCC_541\Debug/LCDSPI_SPI_UART.lst -g -D DEBUG -Wall -ffunction-sections -ffat-lto-objects -O0 -c Generated_Source\PSoC4\LCDSPI_SPI_UART.c -o .\CortexM0\ARM_GCC_541\Debug\LCDSPI_SPI_UART.o
arm-none-eabi-gcc.exe -mcpu=cortex-m0 -mthumb -I. -I. -IGenerated_Source\PSoC4 -Wa,-alh=.\CortexM0\ARM_GCC_541\Debug/LCDSPI_PM.lst -g -D DEBUG -Wall -ffunction-sections -ffat-lto-objects -O0 -c Generated_Source\PSoC4\LCDSPI_PM.c -o .\CortexM0\ARM_GCC_541\Debug\LCDSPI_PM.o
arm-none-eabi-gcc.exe -mcpu=cortex-m0 -mthumb -I. -I. -IGenerated_Source\PSoC4 -Wa,-alh=.\CortexM0\ARM_GCC_541\Debug/LCDSPI_SPI.lst -g -D DEBUG -Wall -ffunction-sections -ffat-lto-objects -O0 -c Generated_Source\PSoC4\LCDSPI_SPI.c -o .\CortexM0\ARM_GCC_541\Debug\LCDSPI_SPI.o
arm-none-eabi-gcc.exe -mcpu=cortex-m0 -mthumb -I. -I. -IGenerated_Source\PSoC4 -Wa,-alh=.\CortexM0\ARM_GCC_541\Debug/LCDSPI_BOOT.lst -g -D DEBUG -Wall -ffunction-sections -ffat-lto-objects -O0 -c Generated_Source\PSoC4\LCDSPI_BOOT.c -o .\CortexM0\ARM_GCC_541\Debug\LCDSPI_BOOT.o
arm-none-eabi-gcc.exe -mcpu=cortex-m0 -mthumb -I. -I. -IGenerated_Source\PSoC4 -Wa,-alh=.\CortexM0\ARM_GCC_541\Debug/LCDSPI_SPI_BOOT.lst -g -D DEBUG -Wall -ffunction-sections -ffat-lto-objects -O0 -c Generated_Source\PSoC4\LCDSPI_SPI_BOOT.c -o .\CortexM0\ARM_GCC_541\Debug\LCDSPI_SPI_BOOT.o
arm-none-eabi-gcc.exe -mcpu=cortex-m0 -mthumb -I. -I. -IGenerated_Source\PSoC4 -Wa,-alh=.\CortexM0\ARM_GCC_541\Debug/LCDSPI_SCBCLK.lst -g -D DEBUG -Wall -ffunction-sections -ffat-lto-objects -O0 -c Generated_Source\PSoC4\LCDSPI_SCBCLK.c -o .\CortexM0\ARM_GCC_541\Debug\LCDSPI_SCBCLK.o
arm-none-eabi-gcc.exe -mcpu=cortex-m0 -mthumb -I. -I. -IGenerated_Source\PSoC4 -Wa,-alh=.\CortexM0\ARM_GCC_541\Debug/LCDSPI_sclk_m.lst -g -D DEBUG -Wall -ffunction-sections -ffat-lto-objects -O0 -c Generated_Source\PSoC4\LCDSPI_sclk_m.c -o .\CortexM0\ARM_GCC_541\Debug\LCDSPI_sclk_m.o
arm-none-eabi-gcc.exe -mcpu=cortex-m0 -mthumb -I. -I. -IGenerated_Source\PSoC4 -Wa,-alh=.\CortexM0\ARM_GCC_541\Debug/LCDSPI_sclk_m_PM.lst -g -D DEBUG -Wall -ffunction-sections -ffat-lto-objects -O0 -c Generated_Source\PSoC4\LCDSPI_sclk_m_PM.c -o .\CortexM0\ARM_GCC_541\Debug\LCDSPI_sclk_m_PM.o
arm-none-eabi-gcc.exe -mcpu=cortex-m0 -mthumb -I. -I. -IGenerated_Source\PSoC4 -Wa,-alh=.\CortexM0\ARM_GCC_541\Debug/LCDSPI_miso_m.lst -g -D DEBUG -Wall -ffunction-sections -ffat-lto-objects -O0 -c Generated_Source\PSoC4\LCDSPI_miso_m.c -o .\CortexM0\ARM_GCC_541\Debug\LCDSPI_miso_m.o
arm-none-eabi-gcc.exe -mcpu=cortex-m0 -mthumb -I. -I. -IGenerated_Source\PSoC4 -Wa,-alh=.\CortexM0\ARM_GCC_541\Debug/LCDSPI_miso_m_PM.lst -g -D DEBUG -Wall -ffunction-sections -ffat-lto-objects -O0 -c Generated_Source\PSoC4\LCDSPI_miso_m_PM.c -o .\CortexM0\ARM_GCC_541\Debug\LCDSPI_miso_m_PM.o
arm-none-eabi-gcc.exe -mcpu=cortex-m0 -mthumb -I. -I. -IGenerated_Source\PSoC4 -Wa,-alh=.\CortexM0\ARM_GCC_541\Debug/LCDSPI_mosi_m.lst -g -D DEBUG -Wall -ffunction-sections -ffat-lto-objects -O0 -c Generated_Source\PSoC4\LCDSPI_mosi_m.c -o .\CortexM0\ARM_GCC_541\Debug\LCDSPI_mosi_m.o
arm-none-eabi-gcc.exe -mcpu=cortex-m0 -mthumb -I. -I. -IGenerated_Source\PSoC4 -Wa,-alh=.\CortexM0\ARM_GCC_541\Debug/LCDSPI_mosi_m_PM.lst -g -D DEBUG -Wall -ffunction-sections -ffat-lto-objects -O0 -c Generated_Source\PSoC4\LCDSPI_mosi_m_PM.c -o .\CortexM0\ARM_GCC_541\Debug\LCDSPI_mosi_m_PM.o
arm-none-eabi-gcc.exe -mcpu=cortex-m0 -mthumb -I. -I. -IGenerated_Source\PSoC4 -Wa,-alh=.\CortexM0\ARM_GCC_541\Debug/LCDSPI_ss0_m.lst -g -D DEBUG -Wall -ffunction-sections -ffat-lto-objects -O0 -c Generated_Source\PSoC4\LCDSPI_ss0_m.c -o .\CortexM0\ARM_GCC_541\Debug\LCDSPI_ss0_m.o
arm-none-eabi-gcc.exe -mcpu=cortex-m0 -mthumb -I. -I. -IGenerated_Source\PSoC4 -Wa,-alh=.\CortexM0\ARM_GCC_541\Debug/LCDSPI_ss0_m_PM.lst -g -D DEBUG -Wall -ffunction-sections -ffat-lto-objects -O0 -c Generated_Source\PSoC4\LCDSPI_ss0_m_PM.c -o .\CortexM0\ARM_GCC_541\Debug\LCDSPI_ss0_m_PM.o
arm-none-eabi-gcc.exe -mcpu=cortex-m0 -mthumb -I. -I. -IGenerated_Source\PSoC4 -Wa,-alh=.\CortexM0\ARM_GCC_541\Debug/rst0_m.lst -g -D DEBUG -Wall -ffunction-sections -ffat-lto-objects -O0 -c Generated_Source\PSoC4\rst0_m.c -o .\CortexM0\ARM_GCC_541\Debug\rst0_m.o
arm-none-eabi-gcc.exe -mcpu=cortex-m0 -mthumb -I. -I. -IGenerated_Source\PSoC4 -Wa,-alh=.\CortexM0\ARM_GCC_541\Debug/rst0_m_PM.lst -g -D DEBUG -Wall -ffunction-sections -ffat-lto-objects -O0 -c Generated_Source\PSoC4\rst0_m_PM.c -o .\CortexM0\ARM_GCC_541\Debug\rst0_m_PM.o
arm-none-eabi-as.exe -mcpu=cortex-m0 -mthumb -I. -IGenerated_Source\PSoC4 -alh=.\CortexM0\ARM_GCC_541\Debug/CyBootAsmGnu.lst -g -W -o .\CortexM0\ARM_GCC_541\Debug\CyBootAsmGnu.o Generated_Source\PSoC4\CyBootAsmGnu.s
arm-none-eabi-ar.exe -rs .\CortexM0\ARM_GCC_541\Debug\BinMonitorPart1.a .\CortexM0\ARM_GCC_541\Debug\TCPWM_1.o .\CortexM0\ARM_GCC_541\Debug\TCPWM_1_PM.o .\CortexM0\ARM_GCC_541\Debug\Clock_1.o .\CortexM0\ARM_GCC_541\Debug\isr_1.o .\CortexM0\ARM_GCC_541\Debug\ADC_In.o .\CortexM0\ARM_GCC_541\Debug\ADC_In_PM.o .\CortexM0\ARM_GCC_541\Debug\LED_1.o .\CortexM0\ARM_GCC_541\Debug\LED_1_PM.o .\CortexM0\ARM_GCC_541\Debug\LED_2.o .\CortexM0\ARM_GCC_541\Debug\LED_2_PM.o .\CortexM0\ARM_GCC_541\Debug\BLE_1_bas.o .\CortexM0\ARM_GCC_541\Debug\BLE_1.o .\CortexM0\ARM_GCC_541\Debug\BLE_1_gatt.o .\CortexM0\ARM_GCC_541\Debug\BLE_1_eventHandler.o .\CortexM0\ARM_GCC_541\Debug\BLE_1_hids.o .\CortexM0\ARM_GCC_541\Debug\BLE_1_HAL_INT.o .\CortexM0\ARM_GCC_541\Debug\BLE_1_HAL_PVT.o .\CortexM0\ARM_GCC_541\Debug\BLE_1_scps.o .\CortexM0\ARM_GCC_541\Debug\BLE_1_dis.o .\CortexM0\ARM_GCC_541\Debug\BLE_1_bless_isr.o .\CortexM0\ARM_GCC_541\Debug\CyFlash.o .\CortexM0\ARM_GCC_541\Debug\CyLib.o .\CortexM0\ARM_GCC_541\Debug\cyPm.o .\CortexM0\ARM_GCC_541\Debug\cyutils.o .\CortexM0\ARM_GCC_541\Debug\CyDMA.o .\CortexM0\ARM_GCC_541\Debug\CyLFClk.o .\CortexM0\ARM_GCC_541\Debug\LCDSPI.o .\CortexM0\ARM_GCC_541\Debug\LCDSPI_SPI_UART.o .\CortexM0\ARM_GCC_541\Debug\LCDSPI_PM.o .\CortexM0\ARM_GCC_541\Debug\LCDSPI_SPI.o .\CortexM0\ARM_GCC_541\Debug\LCDSPI_BOOT.o .\CortexM0\ARM_GCC_541\Debug\LCDSPI_SPI_BOOT.o .\CortexM0\ARM_GCC_541\Debug\LCDSPI_SCBCLK.o .\CortexM0\ARM_GCC_541\Debug\LCDSPI_sclk_m.o .\CortexM0\ARM_GCC_541\Debug\LCDSPI_sclk_m_PM.o .\CortexM0\ARM_GCC_541\Debug\LCDSPI_miso_m.o .\CortexM0\ARM_GCC_541\Debug\LCDSPI_miso_m_PM.o .\CortexM0\ARM_GCC_541\Debug\LCDSPI_mosi_m.o .\CortexM0\ARM_GCC_541\Debug\LCDSPI_mosi_m_PM.o .\CortexM0\ARM_GCC_541\Debug\LCDSPI_ss0_m.o .\CortexM0\ARM_GCC_541\Debug\LCDSPI_ss0_m_PM.o .\CortexM0\ARM_GCC_541\Debug\rst0_m.o .\CortexM0\ARM_GCC_541\Debug\rst0_m_PM.o .\CortexM0\ARM_GCC_541\Debug\CyBootAsmGnu.o
arm-none-eabi-ar.exe: creating .\CortexM0\ARM_GCC_541\Debug\BinMonitorPart1.a
arm-none-eabi-gcc.exe -Wl,--start-group -o "C:\Users\megan\Google Drive\College\S10 - Fall 2017\ECEN 4350 - Embedded uC Design\Github\ECEN4350-EmbeddedMicrocontrollerDesign\BinMonitorPart1\BinMonitorPart1\BinMonitorPart1.cydsn\CortexM0\ARM_GCC_541\Debug\BinMonitorPart1.elf" .\CortexM0\ARM_GCC_541\Debug\main.o .\CortexM0\ARM_GCC_541\Debug\RA8875.o .\CortexM0\ARM_GCC_541\Debug\cyfitter_cfg.o .\CortexM0\ARM_GCC_541\Debug\cymetadata.o .\CortexM0\ARM_GCC_541\Debug\Cm0Start.o .\CortexM0\ARM_GCC_541\Debug\BinMonitorPart1.a "C:\Program Files (x86)\Cypress\PSoC Creator\4.1\PSoC Creator\psoc\content\CyComponentLibrary\CyComponentLibrary.cylib\BLE_v3_30\Library\gccCyBLEStack_BLE_SOC_PERIPHERAL.a" "C:\Program Files (x86)\Cypress\PSoC Creator\4.1\PSoC Creator\psoc\content\cycomponentlibrary\CyComponentLibrary.cylib\CortexM0\ARM_GCC_541\Debug\CyComponentLibrary.a" -mcpu=cortex-m0 -mthumb -L Generated_Source\PSoC4 -Wl,-Map,.\CortexM0\ARM_GCC_541\Debug/BinMonitorPart1.map -T Generated_Source\PSoC4\cm0gcc.ld -specs=nano.specs -Wl,--gc-sections -g -ffunction-sections -O0 -ffat-lto-objects -Wl,--end-group
cyelftool.exe -C "C:\Users\megan\Google Drive\College\S10 - Fall 2017\ECEN 4350 - Embedded uC Design\Github\ECEN4350-EmbeddedMicrocontrollerDesign\BinMonitorPart1\BinMonitorPart1\BinMonitorPart1.cydsn\CortexM0\ARM_GCC_541\Debug\BinMonitorPart1.elf" --flash_row_size 256 --flash_size 262144 --flash_offset 0x00000000
cyelftool.exe -S "C:\Users\megan\Google Drive\College\S10 - Fall 2017\ECEN 4350 - Embedded uC Design\Github\ECEN4350-EmbeddedMicrocontrollerDesign\BinMonitorPart1\BinMonitorPart1\BinMonitorPart1.cydsn\CortexM0\ARM_GCC_541\Debug\BinMonitorPart1.elf"
Flash used: 88870 of 262144 bytes (33.9 %).
SRAM used: 11032 of 32768 bytes (33.7 %). Stack: 2048 bytes. Heap: 128 bytes.
--------------- Rebuild Succeeded: 11/05/2017 10:02:18 ---------------
