--------------- Build Started: 10/28/2017 17:22:21 Project: BinMonitor, Configuration: ARM GCC 5.4-2016-q2-update Debug ---------------
The code generation step is up to date.
arm-none-eabi-gcc.exe -mcpu=cortex-m0 -mthumb -I. -I..\..\ugfx_2.7\ugfx_2.7 -I..\..\ugfx_2.7\ugfx_2.7\drivers\gdisp\RA8875 -I..\..\ugfx_2.7\ugfx_2.7\demos\applications\notepad -I. -IGenerated_Source\PSoC4 -Wa,-alh=.\CortexM0\ARM_GCC_541\Debug/main.lst -g -D DEBUG -Wall -ffunction-sections -ffat-lto-objects -O0 -c main.c -o .\CortexM0\ARM_GCC_541\Debug\main.o
arm-none-eabi-gcc.exe -mcpu=cortex-m0 -mthumb -I. -I..\..\ugfx_2.7\ugfx_2.7 -I..\..\ugfx_2.7\ugfx_2.7\drivers\gdisp\RA8875 -I..\..\ugfx_2.7\ugfx_2.7\demos\applications\notepad -I. -IGenerated_Source\PSoC4 -Wa,-alh=.\CortexM0\ARM_GCC_541\Debug/gfx_mk.lst -g -D DEBUG -Wall -ffunction-sections -ffat-lto-objects -O0 -c ..\..\ugfx_2.7\ugfx_2.7\src\gfx_mk.c -o .\CortexM0\ARM_GCC_541\Debug\gfx_mk.o
In file included from ..\..\ugfx_2.7\ugfx_2.7\src\gos/gos_mk.c:14:0,
                 from ..\..\ugfx_2.7\ugfx_2.7\src\gfx_mk.c:9:
..\..\ugfx_2.7\ugfx_2.7\src\gos/gos_raw32.c: In function '_gosInit':
..\..\ugfx_2.7\ugfx_2.7\src\gos/gos_raw32.c:29:4: warning: #warning "GOS: Raw32 - Make sure you initialize your hardware and the C runtime before calling gfxInit() in your application!" [-Wcpp]
   #warning "GOS: Raw32 - Make sure you initialize your hardware and the C runtime before calling gfxInit() in your application!"
    ^
arm-none-eabi-gcc.exe -mcpu=cortex-m0 -mthumb -I. -I..\..\ugfx_2.7\ugfx_2.7 -I..\..\ugfx_2.7\ugfx_2.7\drivers\gdisp\RA8875 -I..\..\ugfx_2.7\ugfx_2.7\demos\applications\notepad -I. -IGenerated_Source\PSoC4 -Wa,-alh=.\CortexM0\ARM_GCC_541\Debug/gdisp_lld_RA8875.lst -g -D DEBUG -Wall -ffunction-sections -ffat-lto-objects -O0 -c ..\..\ugfx_2.7\ugfx_2.7\drivers\gdisp\RA8875\gdisp_lld_RA8875.c -o .\CortexM0\ARM_GCC_541\Debug\gdisp_lld_RA8875.o
In file included from ..\..\ugfx_2.7\ugfx_2.7\drivers\gdisp\RA8875\gdisp_lld_RA8875.c:17:0:
..\..\ugfx_2.7\ugfx_2.7\drivers\gdisp\RA8875\board_RA8875.h: In function 'read_data':
..\..\ugfx_2.7\ugfx_2.7\drivers\gdisp\RA8875\board_RA8875.h:52:1: warning: no return statement in function returning non-void [-Wreturn-type]
 }
 ^
arm-none-eabi-ar.exe -rs .\CortexM0\ARM_GCC_541\Debug\BinMonitor.a .\CortexM0\ARM_GCC_541\Debug\BLE_1_bas.o .\CortexM0\ARM_GCC_541\Debug\BLE_1.o .\CortexM0\ARM_GCC_541\Debug\BLE_1_gatt.o .\CortexM0\ARM_GCC_541\Debug\BLE_1_eventHandler.o .\CortexM0\ARM_GCC_541\Debug\BLE_1_hids.o .\CortexM0\ARM_GCC_541\Debug\BLE_1_HAL_INT.o .\CortexM0\ARM_GCC_541\Debug\BLE_1_HAL_PVT.o .\CortexM0\ARM_GCC_541\Debug\BLE_1_scps.o .\CortexM0\ARM_GCC_541\Debug\BLE_1_dis.o .\CortexM0\ARM_GCC_541\Debug\LED_GREEN.o .\CortexM0\ARM_GCC_541\Debug\LED_GREEN_PM.o .\CortexM0\ARM_GCC_541\Debug\LED_BLUE.o .\CortexM0\ARM_GCC_541\Debug\LED_BLUE_PM.o .\CortexM0\ARM_GCC_541\Debug\SPI_1.o .\CortexM0\ARM_GCC_541\Debug\SPI_1_SPI_UART.o .\CortexM0\ARM_GCC_541\Debug\SPI_1_PM.o .\CortexM0\ARM_GCC_541\Debug\SPI_1_SPI.o .\CortexM0\ARM_GCC_541\Debug\SPI_1_BOOT.o .\CortexM0\ARM_GCC_541\Debug\SPI_1_SPI_BOOT.o .\CortexM0\ARM_GCC_541\Debug\BLE_1_bless_isr.o .\CortexM0\ARM_GCC_541\Debug\SPI_1_SCBCLK.o .\CortexM0\ARM_GCC_541\Debug\SPI_1_ss_s.o .\CortexM0\ARM_GCC_541\Debug\SPI_1_ss_s_PM.o .\CortexM0\ARM_GCC_541\Debug\SPI_1_miso_s.o .\CortexM0\ARM_GCC_541\Debug\SPI_1_miso_s_PM.o .\CortexM0\ARM_GCC_541\Debug\SPI_1_sclk_s.o .\CortexM0\ARM_GCC_541\Debug\SPI_1_sclk_s_PM.o .\CortexM0\ARM_GCC_541\Debug\SPI_1_mosi_s.o .\CortexM0\ARM_GCC_541\Debug\SPI_1_mosi_s_PM.o .\CortexM0\ARM_GCC_541\Debug\CyFlash.o .\CortexM0\ARM_GCC_541\Debug\CyLib.o .\CortexM0\ARM_GCC_541\Debug\cyPm.o .\CortexM0\ARM_GCC_541\Debug\cyutils.o .\CortexM0\ARM_GCC_541\Debug\CyDMA.o .\CortexM0\ARM_GCC_541\Debug\CyLFClk.o .\CortexM0\ARM_GCC_541\Debug\CyBootAsmGnu.o
arm-none-eabi-ar.exe: creating .\CortexM0\ARM_GCC_541\Debug\BinMonitor.a
arm-none-eabi-gcc.exe -Wl,--start-group -o "C:\Users\megan\Google Drive\College\S10 - Fall 2017\ECEN 4350 - Embedded uC Design\Github\ECEN4350-EmbeddedMicrocontrollerDesign\CYBLE-202007-01\BinMonitor.cydsn\CortexM0\ARM_GCC_541\Debug\BinMonitor.elf" .\CortexM0\ARM_GCC_541\Debug\main.o .\CortexM0\ARM_GCC_541\Debug\gfx_mk.o .\CortexM0\ARM_GCC_541\Debug\gdisp_lld_RA8875.o .\CortexM0\ARM_GCC_541\Debug\cyfitter_cfg.o .\CortexM0\ARM_GCC_541\Debug\cymetadata.o .\CortexM0\ARM_GCC_541\Debug\Cm0Start.o .\CortexM0\ARM_GCC_541\Debug\BinMonitor.a "C:\Program Files (x86)\Cypress\PSoC Creator\4.1\PSoC Creator\psoc\content\CyComponentLibrary\CyComponentLibrary.cylib\BLE_v3_30\Library\gccCyBLEStack_BLE_SOC_PERIPHERAL.a" "C:\Program Files (x86)\Cypress\PSoC Creator\4.1\PSoC Creator\psoc\content\cycomponentlibrary\CyComponentLibrary.cylib\CortexM0\ARM_GCC_541\Debug\CyComponentLibrary.a" -mcpu=cortex-m0 -mthumb -L Generated_Source\PSoC4 -Wl,-Map,.\CortexM0\ARM_GCC_541\Debug/BinMonitor.map -T Generated_Source\PSoC4\cm0gcc.ld -specs=nano.specs -Wl,--gc-sections -g -ffunction-sections -O0 -ffat-lto-objects -Wl,--end-group
.\CortexM0\ARM_GCC_541\Debug\gdisp_lld_RA8875.o:(.rodata+0x2c): undefined reference to `gdisp_lld_read_start'
.\CortexM0\ARM_GCC_541\Debug\gdisp_lld_RA8875.o:(.rodata+0x30): undefined reference to `gdisp_lld_read_color'
.\CortexM0\ARM_GCC_541\Debug\gdisp_lld_RA8875.o:(.rodata+0x34): undefined reference to `gdisp_lld_read_stop'
collect2.exe: error: ld returned 1 exit status
The command 'arm-none-eabi-gcc.exe' failed with exit code '1'.
--------------- Build Failed: 10/28/2017 17:22:23 ---------------
