ARM GAS  C:\Users\megan\AppData\Local\Temp\ccxLMs0j.s 			page 1


   1              		.syntax unified
   2              		.cpu cortex-m0
   3              		.fpu softvfp
   4              		.eabi_attribute 20, 1
   5              		.eabi_attribute 21, 1
   6              		.eabi_attribute 23, 3
   7              		.eabi_attribute 24, 1
   8              		.eabi_attribute 25, 1
   9              		.eabi_attribute 26, 1
  10              		.eabi_attribute 30, 6
  11              		.eabi_attribute 34, 0
  12              		.eabi_attribute 18, 4
  13              		.thumb
  14              		.syntax unified
  15              		.file	"main.c"
  16              		.text
  17              	.Ltext0:
  18              		.cfi_sections	.debug_frame
  19              		.comm	_cs,1,1
  20              		.comm	_rst,1,1
  21              		.comm	_width,2,2
  22              		.comm	_height,2,2
  23              		.comm	_textScale,1,1
  24              		.comm	_size,1,1
  25              		.section	.rodata
  26              		.align	2
  27              	.LC0:
  28 0000 4D656761 		.ascii	"Megan Bird\000"
  28      6E204269 
  28      726400
  29 000b 00       		.align	2
  30              	.LC2:
  31 000c 4543454E 		.ascii	"ECEN 4350\000"
  31      20343335 
  31      3000
  32 0016 0000     		.align	2
  33              	.LC4:
  34 0018 46616C6C 		.ascii	"Fall 2017\000"
  34      20323031 
  34      3700
  35 0022 0000     		.align	2
  36              	.LC6:
  37 0024 424C455F 		.ascii	"BLE_Central\000"
  37      43656E74 
  37      72616C00 
  38              		.align	2
  39              	.LC8:
  40 0030 424C4520 		.ascii	"BLE Start() Error\000"
  40      53746172 
  40      74282920 
  40      4572726F 
  40      7200
  41 0042 0000     		.align	2
  42              	.LC10:
  43 0044 424C4520 		.ascii	"BLE Advertise Successful\000"
  43      41647665 
  43      72746973 
ARM GAS  C:\Users\megan\AppData\Local\Temp\ccxLMs0j.s 			page 2


  43      65205375 
  43      63636573 
  44              		.section	.text.main,"ax",%progbits
  45              		.align	2
  46              		.global	main
  47              		.code	16
  48              		.thumb_func
  49              		.type	main, %function
  50              	main:
  51              	.LFB35:
  52              		.file 1 "main.c"
   1:main.c        **** /* ========================================
   2:main.c        ****  *
   3:main.c        ****  * Copyright YOUR COMPANY, THE YEAR
   4:main.c        ****  * All Rights Reserved
   5:main.c        ****  * UNPUBLISHED, LICENSED SOFTWARE.
   6:main.c        ****  *
   7:main.c        ****  * CONFIDENTIAL AND PROPRIETARY INFORMATION
   8:main.c        ****  * WHICH IS THE PROPERTY OF your company.
   9:main.c        ****  *
  10:main.c        ****  * ========================================
  11:main.c        **** */
  12:main.c        **** #include <project.h>
  13:main.c        **** #include <RA8875.h>
  14:main.c        **** 
  15:main.c        **** void StackEventHandler( uint32 eventCode, void *eventParam );
  16:main.c        **** 
  17:main.c        **** /* define the test register to switch the PA/LNA hardware control pins */
  18:main.c        **** #define CYREG_SRSS_TST_DDFT_CTRL 0x40030008
  19:main.c        **** 
  20:main.c        **** int main()
  21:main.c        **** {
  53              		.loc 1 21 0
  54              		.cfi_startproc
  55              		@ args = 0, pretend = 0, frame = 112
  56              		@ frame_needed = 1, uses_anonymous_args = 0
  57 0000 90B5     		push	{r4, r7, lr}
  58              		.cfi_def_cfa_offset 12
  59              		.cfi_offset 4, -12
  60              		.cfi_offset 7, -8
  61              		.cfi_offset 14, -4
  62 0002 A1B0     		sub	sp, sp, #132
  63              		.cfi_def_cfa_offset 144
  64 0004 04AF     		add	r7, sp, #16
  65              		.cfi_def_cfa 7, 128
  22:main.c        ****     //------ Declarations -------//
  23:main.c        ****     
  24:main.c        ****     // LCD Strings
  25:main.c        ****     char welcome1[] = "Megan Bird";
  66              		.loc 1 25 0
  67 0006 5823     		movs	r3, #88
  68 0008 FB18     		adds	r3, r7, r3
  69 000a EA4A     		ldr	r2, .L7
  70 000c 03CA     		ldmia	r2!, {r0, r1}
  71 000e 03C3     		stmia	r3!, {r0, r1}
  72 0010 1188     		ldrh	r1, [r2]
  73 0012 1980     		strh	r1, [r3]
ARM GAS  C:\Users\megan\AppData\Local\Temp\ccxLMs0j.s 			page 3


  74 0014 9278     		ldrb	r2, [r2, #2]
  75 0016 9A70     		strb	r2, [r3, #2]
  26:main.c        ****     char welcome2[] = "ECEN 4350";
  76              		.loc 1 26 0
  77 0018 4C23     		movs	r3, #76
  78 001a FB18     		adds	r3, r7, r3
  79 001c E64A     		ldr	r2, .L7+4
  80 001e 03CA     		ldmia	r2!, {r0, r1}
  81 0020 03C3     		stmia	r3!, {r0, r1}
  82 0022 1288     		ldrh	r2, [r2]
  83 0024 1A80     		strh	r2, [r3]
  27:main.c        ****     char welcome3[] = "Fall 2017";
  84              		.loc 1 27 0
  85 0026 4023     		movs	r3, #64
  86 0028 FB18     		adds	r3, r7, r3
  87 002a E44A     		ldr	r2, .L7+8
  88 002c 03CA     		ldmia	r2!, {r0, r1}
  89 002e 03C3     		stmia	r3!, {r0, r1}
  90 0030 1288     		ldrh	r2, [r2]
  91 0032 1A80     		strh	r2, [r3]
  28:main.c        ****     char ble[] = "BLE_Central";
  92              		.loc 1 28 0
  93 0034 3423     		movs	r3, #52
  94 0036 FB18     		adds	r3, r7, r3
  95 0038 E14A     		ldr	r2, .L7+12
  96 003a 13CA     		ldmia	r2!, {r0, r1, r4}
  97 003c 13C3     		stmia	r3!, {r0, r1, r4}
  29:main.c        ****     
  30:main.c        ****     uint16_t x;
  31:main.c        ****     uint16_t y;
  32:main.c        ****     bool waiting = true;
  98              		.loc 1 32 0
  99 003e 6F23     		movs	r3, #111
 100 0040 FB18     		adds	r3, r7, r3
 101 0042 0122     		movs	r2, #1
 102 0044 1A70     		strb	r2, [r3]
  33:main.c        ****     
  34:main.c        ****     char BLE_START_ERROR[] = "BLE Start() Error";
 103              		.loc 1 34 0
 104 0046 1C23     		movs	r3, #28
 105 0048 FB18     		adds	r3, r7, r3
 106 004a DE4A     		ldr	r2, .L7+16
 107 004c 13CA     		ldmia	r2!, {r0, r1, r4}
 108 004e 13C3     		stmia	r3!, {r0, r1, r4}
 109 0050 1168     		ldr	r1, [r2]
 110 0052 1960     		str	r1, [r3]
 111 0054 9288     		ldrh	r2, [r2, #4]
 112 0056 9A80     		strh	r2, [r3, #4]
  35:main.c        ****     char STR_CYBLE_ERROR_OK[] = "BLE Advertise Successful";
 113              		.loc 1 35 0
 114 0058 3B00     		movs	r3, r7
 115 005a DB4A     		ldr	r2, .L7+20
 116 005c 13CA     		ldmia	r2!, {r0, r1, r4}
 117 005e 13C3     		stmia	r3!, {r0, r1, r4}
 118 0060 13CA     		ldmia	r2!, {r0, r1, r4}
 119 0062 13C3     		stmia	r3!, {r0, r1, r4}
 120 0064 1278     		ldrb	r2, [r2]
ARM GAS  C:\Users\megan\AppData\Local\Temp\ccxLMs0j.s 			page 4


 121 0066 1A70     		strb	r2, [r3]
  36:main.c        ****     
  37:main.c        ****     CYBLE_API_RESULT_T apiResult;
  38:main.c        ****     //---------------------------//
  39:main.c        ****     
  40:main.c        ****      CyGlobalIntEnable;   /* Enable global interrupts */
 122              		.loc 1 40 0
 123              		.syntax divided
 124              	@ 40 "main.c" 1
 125 0068 62B6     		CPSIE   i
 126              	@ 0 "" 2
  41:main.c        **** 
  42:main.c        ****     
  43:main.c        ****     //------ LCD Setup ------//   
  44:main.c        ****     
  45:main.c        ****     rst0_m_Write(1u);
 127              		.loc 1 45 0
 128              		.thumb
 129              		.syntax unified
 130 006a 0120     		movs	r0, #1
 131 006c FFF7FEFF 		bl	rst0_m_Write
  46:main.c        ****     
  47:main.c        ****     begin(RA8875_800x480);
 132              		.loc 1 47 0
 133 0070 0120     		movs	r0, #1
 134 0072 FFF7FEFF 		bl	begin
  48:main.c        ****     displayOn(true);
 135              		.loc 1 48 0
 136 0076 0120     		movs	r0, #1
 137 0078 FFF7FEFF 		bl	displayOn
  49:main.c        ****     GPIOX(true);      // Enable TFT - display enable tied to GPIOX
 138              		.loc 1 49 0
 139 007c 0120     		movs	r0, #1
 140 007e FFF7FEFF 		bl	GPIOX
  50:main.c        ****     
  51:main.c        ****     PWM1config(true, RA8875_PWM_CLK_DIV1024); // PWM output for backlight  
 141              		.loc 1 51 0
 142 0082 0A21     		movs	r1, #10
 143 0084 0120     		movs	r0, #1
 144 0086 FFF7FEFF 		bl	PWM1config
  52:main.c        ****     PWM1out(255);
 145              		.loc 1 52 0
 146 008a FF20     		movs	r0, #255
 147 008c FFF7FEFF 		bl	PWM1out
  53:main.c        ****     
  54:main.c        ****     LCD_int_Write(1u);
 148              		.loc 1 54 0
 149 0090 0120     		movs	r0, #1
 150 0092 FFF7FEFF 		bl	LCD_int_Write
  55:main.c        ****     touchEnable(true);   
 151              		.loc 1 55 0
 152 0096 0120     		movs	r0, #1
 153 0098 FFF7FEFF 		bl	touchEnable
  56:main.c        ****     
  57:main.c        ****     //----- Color Demo -----//
  58:main.c        ****     
  59:main.c        ****     fillScreen(RA8875_WHITE);    
ARM GAS  C:\Users\megan\AppData\Local\Temp\ccxLMs0j.s 			page 5


 154              		.loc 1 59 0
 155 009c CB4B     		ldr	r3, .L7+24
 156 009e 1800     		movs	r0, r3
 157 00a0 FFF7FEFF 		bl	fillScreen
  60:main.c        ****     CyDelay(500);
 158              		.loc 1 60 0
 159 00a4 FA23     		movs	r3, #250
 160 00a6 5B00     		lsls	r3, r3, #1
 161 00a8 1800     		movs	r0, r3
 162 00aa FFF7FEFF 		bl	CyDelay
  61:main.c        ****     fillScreen(RA8875_RED);
 163              		.loc 1 61 0
 164 00ae F823     		movs	r3, #248
 165 00b0 1B02     		lsls	r3, r3, #8
 166 00b2 1800     		movs	r0, r3
 167 00b4 FFF7FEFF 		bl	fillScreen
  62:main.c        ****     CyDelay(500);
 168              		.loc 1 62 0
 169 00b8 FA23     		movs	r3, #250
 170 00ba 5B00     		lsls	r3, r3, #1
 171 00bc 1800     		movs	r0, r3
 172 00be FFF7FEFF 		bl	CyDelay
  63:main.c        ****     fillScreen(RA8875_YELLOW);
 173              		.loc 1 63 0
 174 00c2 C34B     		ldr	r3, .L7+28
 175 00c4 1800     		movs	r0, r3
 176 00c6 FFF7FEFF 		bl	fillScreen
  64:main.c        ****     CyDelay(500);
 177              		.loc 1 64 0
 178 00ca FA23     		movs	r3, #250
 179 00cc 5B00     		lsls	r3, r3, #1
 180 00ce 1800     		movs	r0, r3
 181 00d0 FFF7FEFF 		bl	CyDelay
  65:main.c        ****     fillScreen(RA8875_GREEN);
 182              		.loc 1 65 0
 183 00d4 FC23     		movs	r3, #252
 184 00d6 DB00     		lsls	r3, r3, #3
 185 00d8 1800     		movs	r0, r3
 186 00da FFF7FEFF 		bl	fillScreen
  66:main.c        ****     CyDelay(500);
 187              		.loc 1 66 0
 188 00de FA23     		movs	r3, #250
 189 00e0 5B00     		lsls	r3, r3, #1
 190 00e2 1800     		movs	r0, r3
 191 00e4 FFF7FEFF 		bl	CyDelay
  67:main.c        ****     fillScreen(RA8875_BLUE);
 192              		.loc 1 67 0
 193 00e8 1F20     		movs	r0, #31
 194 00ea FFF7FEFF 		bl	fillScreen
  68:main.c        ****     CyDelay(500);
 195              		.loc 1 68 0
 196 00ee FA23     		movs	r3, #250
 197 00f0 5B00     		lsls	r3, r3, #1
 198 00f2 1800     		movs	r0, r3
 199 00f4 FFF7FEFF 		bl	CyDelay
  69:main.c        ****     fillScreen(RA8875_CYAN);
 200              		.loc 1 69 0
ARM GAS  C:\Users\megan\AppData\Local\Temp\ccxLMs0j.s 			page 6


 201 00f8 B64B     		ldr	r3, .L7+32
 202 00fa 1800     		movs	r0, r3
 203 00fc FFF7FEFF 		bl	fillScreen
  70:main.c        ****     CyDelay(500);
 204              		.loc 1 70 0
 205 0100 FA23     		movs	r3, #250
 206 0102 5B00     		lsls	r3, r3, #1
 207 0104 1800     		movs	r0, r3
 208 0106 FFF7FEFF 		bl	CyDelay
  71:main.c        ****     fillScreen(RA8875_MAGENTA);
 209              		.loc 1 71 0
 210 010a B34B     		ldr	r3, .L7+36
 211 010c 1800     		movs	r0, r3
 212 010e FFF7FEFF 		bl	fillScreen
  72:main.c        ****     CyDelay(500);
 213              		.loc 1 72 0
 214 0112 FA23     		movs	r3, #250
 215 0114 5B00     		lsls	r3, r3, #1
 216 0116 1800     		movs	r0, r3
 217 0118 FFF7FEFF 		bl	CyDelay
  73:main.c        ****     fillScreen(RA8875_BLACK);
 218              		.loc 1 73 0
 219 011c 0020     		movs	r0, #0
 220 011e FFF7FEFF 		bl	fillScreen
  74:main.c        ****     
  75:main.c        ****     CyDelay(3000);
 221              		.loc 1 75 0
 222 0122 AE4B     		ldr	r3, .L7+40
 223 0124 1800     		movs	r0, r3
 224 0126 FFF7FEFF 		bl	CyDelay
  76:main.c        ****     
  77:main.c        ****     // Try some GFX acceleration!
  78:main.c        ****       drawCircle(100, 100, 50, RA8875_BLACK);
 225              		.loc 1 78 0
 226 012a 0023     		movs	r3, #0
 227 012c 3222     		movs	r2, #50
 228 012e 6421     		movs	r1, #100
 229 0130 6420     		movs	r0, #100
 230 0132 FFF7FEFF 		bl	drawCircle
  79:main.c        ****       fillCircle(100, 100, 49, RA8875_GREEN);
 231              		.loc 1 79 0
 232 0136 FC23     		movs	r3, #252
 233 0138 DB00     		lsls	r3, r3, #3
 234 013a 3122     		movs	r2, #49
 235 013c 6421     		movs	r1, #100
 236 013e 6420     		movs	r0, #100
 237 0140 FFF7FEFF 		bl	fillCircle
  80:main.c        ****       
  81:main.c        ****       fillRect(11, 11, 398, 198, RA8875_BLUE);
 238              		.loc 1 81 0
 239 0144 C723     		movs	r3, #199
 240 0146 5A00     		lsls	r2, r3, #1
 241 0148 1F23     		movs	r3, #31
 242 014a 0093     		str	r3, [sp]
 243 014c C623     		movs	r3, #198
 244 014e 0B21     		movs	r1, #11
 245 0150 0B20     		movs	r0, #11
ARM GAS  C:\Users\megan\AppData\Local\Temp\ccxLMs0j.s 			page 7


 246 0152 FFF7FEFF 		bl	fillRect
  82:main.c        ****       drawRect(10, 10, 400, 200, RA8875_GREEN);
 247              		.loc 1 82 0
 248 0156 C823     		movs	r3, #200
 249 0158 5A00     		lsls	r2, r3, #1
 250 015a FC23     		movs	r3, #252
 251 015c DB00     		lsls	r3, r3, #3
 252 015e 0093     		str	r3, [sp]
 253 0160 C823     		movs	r3, #200
 254 0162 0A21     		movs	r1, #10
 255 0164 0A20     		movs	r0, #10
 256 0166 FFF7FEFF 		bl	drawRect
  83:main.c        ****       drawPixel(10,10,RA8875_BLACK);
 257              		.loc 1 83 0
 258 016a 0022     		movs	r2, #0
 259 016c 0A21     		movs	r1, #10
 260 016e 0A20     		movs	r0, #10
 261 0170 FFF7FEFF 		bl	drawPixel
  84:main.c        ****       drawPixel(11,11,RA8875_BLACK);
 262              		.loc 1 84 0
 263 0174 0022     		movs	r2, #0
 264 0176 0B21     		movs	r1, #11
 265 0178 0B20     		movs	r0, #11
 266 017a FFF7FEFF 		bl	drawPixel
  85:main.c        ****       drawLine(10, 10, 200, 100, RA8875_RED);
 267              		.loc 1 85 0
 268 017e F823     		movs	r3, #248
 269 0180 1B02     		lsls	r3, r3, #8
 270 0182 0093     		str	r3, [sp]
 271 0184 6423     		movs	r3, #100
 272 0186 C822     		movs	r2, #200
 273 0188 0A21     		movs	r1, #10
 274 018a 0A20     		movs	r0, #10
 275 018c FFF7FEFF 		bl	drawLine
  86:main.c        ****       drawTriangle(200, 15, 250, 100, 150, 125, RA8875_BLACK);
 276              		.loc 1 86 0
 277 0190 0023     		movs	r3, #0
 278 0192 0293     		str	r3, [sp, #8]
 279 0194 7D23     		movs	r3, #125
 280 0196 0193     		str	r3, [sp, #4]
 281 0198 9623     		movs	r3, #150
 282 019a 0093     		str	r3, [sp]
 283 019c 6423     		movs	r3, #100
 284 019e FA22     		movs	r2, #250
 285 01a0 0F21     		movs	r1, #15
 286 01a2 C820     		movs	r0, #200
 287 01a4 FFF7FEFF 		bl	drawTriangle
  87:main.c        ****       fillTriangle(200, 16, 249, 99, 151, 124, RA8875_YELLOW);
 288              		.loc 1 87 0
 289 01a8 894B     		ldr	r3, .L7+28
 290 01aa 0293     		str	r3, [sp, #8]
 291 01ac 7C23     		movs	r3, #124
 292 01ae 0193     		str	r3, [sp, #4]
 293 01b0 9723     		movs	r3, #151
 294 01b2 0093     		str	r3, [sp]
 295 01b4 6323     		movs	r3, #99
 296 01b6 F922     		movs	r2, #249
ARM GAS  C:\Users\megan\AppData\Local\Temp\ccxLMs0j.s 			page 8


 297 01b8 1021     		movs	r1, #16
 298 01ba C820     		movs	r0, #200
 299 01bc FFF7FEFF 		bl	fillTriangle
  88:main.c        ****       drawEllipse(300, 100, 100, 40, RA8875_BLACK);
 300              		.loc 1 88 0
 301 01c0 9623     		movs	r3, #150
 302 01c2 5800     		lsls	r0, r3, #1
 303 01c4 0023     		movs	r3, #0
 304 01c6 0093     		str	r3, [sp]
 305 01c8 2823     		movs	r3, #40
 306 01ca 6422     		movs	r2, #100
 307 01cc 6421     		movs	r1, #100
 308 01ce FFF7FEFF 		bl	drawEllipse
  89:main.c        ****       fillEllipse(300, 100, 98, 38, RA8875_GREEN);
 309              		.loc 1 89 0
 310 01d2 9623     		movs	r3, #150
 311 01d4 5800     		lsls	r0, r3, #1
 312 01d6 FC23     		movs	r3, #252
 313 01d8 DB00     		lsls	r3, r3, #3
 314 01da 0093     		str	r3, [sp]
 315 01dc 2623     		movs	r3, #38
 316 01de 6222     		movs	r2, #98
 317 01e0 6421     		movs	r1, #100
 318 01e2 FFF7FEFF 		bl	fillEllipse
  90:main.c        ****       // Argument 5 (curvePart) is a 2-bit value to control each corner (select 0, 1, 2, or 3)
  91:main.c        ****       drawCurve(50, 100, 80, 40, 2, RA8875_BLACK);  
 319              		.loc 1 91 0
 320 01e6 0023     		movs	r3, #0
 321 01e8 0193     		str	r3, [sp, #4]
 322 01ea 0223     		movs	r3, #2
 323 01ec 0093     		str	r3, [sp]
 324 01ee 2823     		movs	r3, #40
 325 01f0 5022     		movs	r2, #80
 326 01f2 6421     		movs	r1, #100
 327 01f4 3220     		movs	r0, #50
 328 01f6 FFF7FEFF 		bl	drawCurve
  92:main.c        ****       fillCurve(50, 100, 78, 38, 2, RA8875_WHITE);
 329              		.loc 1 92 0
 330 01fa 744B     		ldr	r3, .L7+24
 331 01fc 0193     		str	r3, [sp, #4]
 332 01fe 0223     		movs	r3, #2
 333 0200 0093     		str	r3, [sp]
 334 0202 2623     		movs	r3, #38
 335 0204 4E22     		movs	r2, #78
 336 0206 6421     		movs	r1, #100
 337 0208 3220     		movs	r0, #50
 338 020a FFF7FEFF 		bl	fillCurve
  93:main.c        ****         
  94:main.c        ****     //--- Welcome Screen ---//
  95:main.c        ****     CyDelay(10000);
 339              		.loc 1 95 0
 340 020e 744B     		ldr	r3, .L7+44
 341 0210 1800     		movs	r0, r3
 342 0212 FFF7FEFF 		bl	CyDelay
  96:main.c        ****     PWM1out(0);
 343              		.loc 1 96 0
 344 0216 0020     		movs	r0, #0
ARM GAS  C:\Users\megan\AppData\Local\Temp\ccxLMs0j.s 			page 9


 345 0218 FFF7FEFF 		bl	PWM1out
  97:main.c        ****     fillScreen(RA8875_WHITE);
 346              		.loc 1 97 0
 347 021c 6B4B     		ldr	r3, .L7+24
 348 021e 1800     		movs	r0, r3
 349 0220 FFF7FEFF 		bl	fillScreen
 350              	.LBB2:
  98:main.c        ****     
  99:main.c        ****     
 100:main.c        ****     for (int i = 0; i < 256; i++) {
 351              		.loc 1 100 0
 352 0224 0023     		movs	r3, #0
 353 0226 BB66     		str	r3, [r7, #104]
 354 0228 0AE0     		b	.L2
 355              	.L3:
 101:main.c        ****         PWM1out(i);
 356              		.loc 1 101 0 discriminator 3
 357 022a BB6E     		ldr	r3, [r7, #104]
 358 022c DBB2     		uxtb	r3, r3
 359 022e 1800     		movs	r0, r3
 360 0230 FFF7FEFF 		bl	PWM1out
 102:main.c        ****         CyDelay(5);
 361              		.loc 1 102 0 discriminator 3
 362 0234 0520     		movs	r0, #5
 363 0236 FFF7FEFF 		bl	CyDelay
 100:main.c        ****         PWM1out(i);
 364              		.loc 1 100 0 discriminator 3
 365 023a BB6E     		ldr	r3, [r7, #104]
 366 023c 0133     		adds	r3, r3, #1
 367 023e BB66     		str	r3, [r7, #104]
 368              	.L2:
 100:main.c        ****         PWM1out(i);
 369              		.loc 1 100 0 is_stmt 0 discriminator 1
 370 0240 BB6E     		ldr	r3, [r7, #104]
 371 0242 FF2B     		cmp	r3, #255
 372 0244 F1DD     		ble	.L3
 373              	.LBE2:
 103:main.c        ****     }
 104:main.c        **** 
 105:main.c        ****     textMode();
 374              		.loc 1 105 0 is_stmt 1
 375 0246 FFF7FEFF 		bl	textMode
 106:main.c        ****     fillRect(75,85,370,100,RA8875_RED);
 376              		.loc 1 106 0
 377 024a B923     		movs	r3, #185
 378 024c 5A00     		lsls	r2, r3, #1
 379 024e F823     		movs	r3, #248
 380 0250 1B02     		lsls	r3, r3, #8
 381 0252 0093     		str	r3, [sp]
 382 0254 6423     		movs	r3, #100
 383 0256 5521     		movs	r1, #85
 384 0258 4B20     		movs	r0, #75
 385 025a FFF7FEFF 		bl	fillRect
 107:main.c        ****     textSetCursor(100, 100);
 386              		.loc 1 107 0
 387 025e 6421     		movs	r1, #100
 388 0260 6420     		movs	r0, #100
ARM GAS  C:\Users\megan\AppData\Local\Temp\ccxLMs0j.s 			page 10


 389 0262 FFF7FEFF 		bl	textSetCursor
 108:main.c        ****     textEnlarge(1);
 390              		.loc 1 108 0
 391 0266 0120     		movs	r0, #1
 392 0268 FFF7FEFF 		bl	textEnlarge
 109:main.c        ****     textTransparent(RA8875_WHITE);
 393              		.loc 1 109 0
 394 026c 574B     		ldr	r3, .L7+24
 395 026e 1800     		movs	r0, r3
 396 0270 FFF7FEFF 		bl	textTransparent
 110:main.c        ****     textWrite(welcome1,strlen(welcome1)); 
 397              		.loc 1 110 0
 398 0274 5823     		movs	r3, #88
 399 0276 FB18     		adds	r3, r7, r3
 400 0278 1800     		movs	r0, r3
 401 027a FFF7FEFF 		bl	strlen
 402 027e 0300     		movs	r3, r0
 403 0280 9AB2     		uxth	r2, r3
 404 0282 5823     		movs	r3, #88
 405 0284 FB18     		adds	r3, r7, r3
 406 0286 1100     		movs	r1, r2
 407 0288 1800     		movs	r0, r3
 408 028a FFF7FEFF 		bl	textWrite
 111:main.c        ****     
 112:main.c        ****     textEnlarge(0);
 409              		.loc 1 112 0
 410 028e 0020     		movs	r0, #0
 411 0290 FFF7FEFF 		bl	textEnlarge
 113:main.c        ****     textSetCursor(100, 200);
 412              		.loc 1 113 0
 413 0294 C821     		movs	r1, #200
 414 0296 6420     		movs	r0, #100
 415 0298 FFF7FEFF 		bl	textSetCursor
 114:main.c        ****     textTransparent(RA8875_BLACK);
 416              		.loc 1 114 0
 417 029c 0020     		movs	r0, #0
 418 029e FFF7FEFF 		bl	textTransparent
 115:main.c        ****     textWrite(welcome2,strlen(welcome2)); 
 419              		.loc 1 115 0
 420 02a2 4C23     		movs	r3, #76
 421 02a4 FB18     		adds	r3, r7, r3
 422 02a6 1800     		movs	r0, r3
 423 02a8 FFF7FEFF 		bl	strlen
 424 02ac 0300     		movs	r3, r0
 425 02ae 9AB2     		uxth	r2, r3
 426 02b0 4C23     		movs	r3, #76
 427 02b2 FB18     		adds	r3, r7, r3
 428 02b4 1100     		movs	r1, r2
 429 02b6 1800     		movs	r0, r3
 430 02b8 FFF7FEFF 		bl	textWrite
 116:main.c        ****     textSetCursor(100, 250);
 431              		.loc 1 116 0
 432 02bc FA21     		movs	r1, #250
 433 02be 6420     		movs	r0, #100
 434 02c0 FFF7FEFF 		bl	textSetCursor
 117:main.c        ****     textWrite(welcome3,strlen(welcome3)); 
 435              		.loc 1 117 0
ARM GAS  C:\Users\megan\AppData\Local\Temp\ccxLMs0j.s 			page 11


 436 02c4 4023     		movs	r3, #64
 437 02c6 FB18     		adds	r3, r7, r3
 438 02c8 1800     		movs	r0, r3
 439 02ca FFF7FEFF 		bl	strlen
 440 02ce 0300     		movs	r3, r0
 441 02d0 9AB2     		uxth	r2, r3
 442 02d2 4023     		movs	r3, #64
 443 02d4 FB18     		adds	r3, r7, r3
 444 02d6 1100     		movs	r1, r2
 445 02d8 1800     		movs	r0, r3
 446 02da FFF7FEFF 		bl	textWrite
 118:main.c        ****     
 119:main.c        ****     textSetCursor(100, 350);
 447              		.loc 1 119 0
 448 02de AF23     		movs	r3, #175
 449 02e0 5B00     		lsls	r3, r3, #1
 450 02e2 1900     		movs	r1, r3
 451 02e4 6420     		movs	r0, #100
 452 02e6 FFF7FEFF 		bl	textSetCursor
 120:main.c        ****     textTransparent(RA8875_BLUE);
 453              		.loc 1 120 0
 454 02ea 1F20     		movs	r0, #31
 455 02ec FFF7FEFF 		bl	textTransparent
 121:main.c        ****     textWrite(ble,strlen(ble));    
 456              		.loc 1 121 0
 457 02f0 3423     		movs	r3, #52
 458 02f2 FB18     		adds	r3, r7, r3
 459 02f4 1800     		movs	r0, r3
 460 02f6 FFF7FEFF 		bl	strlen
 461 02fa 0300     		movs	r3, r0
 462 02fc 9AB2     		uxth	r2, r3
 463 02fe 3423     		movs	r3, #52
 464 0300 FB18     		adds	r3, r7, r3
 465 0302 1100     		movs	r1, r2
 466 0304 1800     		movs	r0, r3
 467 0306 FFF7FEFF 		bl	textWrite
 122:main.c        ****     
 123:main.c        ****     //CyDelay(1000);
 124:main.c        ****     touchRead(&x, &y);
 468              		.loc 1 124 0
 469 030a 3023     		movs	r3, #48
 470 030c FA18     		adds	r2, r7, r3
 471 030e 3223     		movs	r3, #50
 472 0310 FB18     		adds	r3, r7, r3
 473 0312 1100     		movs	r1, r2
 474 0314 1800     		movs	r0, r3
 475 0316 FFF7FEFF 		bl	touchRead
 125:main.c        ****     CyDelay(10);
 476              		.loc 1 125 0
 477 031a 0A20     		movs	r0, #10
 478 031c FFF7FEFF 		bl	CyDelay
 126:main.c        ****     while ( waiting )  {
 479              		.loc 1 126 0
 480 0320 1AE0     		b	.L4
 481              	.L5:
 127:main.c        ****         //if (LCD_int_Read() == 0u) {
 128:main.c        ****             if ( touched() ) {
ARM GAS  C:\Users\megan\AppData\Local\Temp\ccxLMs0j.s 			page 12


 482              		.loc 1 128 0
 483 0322 FFF7FEFF 		bl	touched
 484 0326 0300     		movs	r3, r0
 485 0328 1900     		movs	r1, r3
 486 032a 6F23     		movs	r3, #111
 487 032c FB18     		adds	r3, r7, r3
 488 032e 6F22     		movs	r2, #111
 489 0330 BA18     		adds	r2, r7, r2
 490 0332 1278     		ldrb	r2, [r2]
 491 0334 1A70     		strb	r2, [r3]
 492 0336 0029     		cmp	r1, #0
 493 0338 0ED0     		beq	.L4
 129:main.c        ****                 LED_GREEN_Write(0u);
 494              		.loc 1 129 0
 495 033a 0020     		movs	r0, #0
 496 033c FFF7FEFF 		bl	LED_GREEN_Write
 130:main.c        ****                 touchRead(&x, &y);
 497              		.loc 1 130 0
 498 0340 3023     		movs	r3, #48
 499 0342 FA18     		adds	r2, r7, r3
 500 0344 3223     		movs	r3, #50
 501 0346 FB18     		adds	r3, r7, r3
 502 0348 1100     		movs	r1, r2
 503 034a 1800     		movs	r0, r3
 504 034c FFF7FEFF 		bl	touchRead
 131:main.c        ****                 waiting = false;
 505              		.loc 1 131 0
 506 0350 6F23     		movs	r3, #111
 507 0352 FB18     		adds	r3, r7, r3
 508 0354 0022     		movs	r2, #0
 509 0356 1A70     		strb	r2, [r3]
 510              	.L4:
 126:main.c        ****         //if (LCD_int_Read() == 0u) {
 511              		.loc 1 126 0
 512 0358 6F23     		movs	r3, #111
 513 035a FB18     		adds	r3, r7, r3
 514 035c 1B78     		ldrb	r3, [r3]
 515 035e 002B     		cmp	r3, #0
 516 0360 DFD1     		bne	.L5
 132:main.c        ****             }
 133:main.c        ****         //}
 134:main.c        ****     }
 135:main.c        ****     
 136:main.c        ****     
 137:main.c        ****     
 138:main.c        ****     //----- Temp Screen -----//
 139:main.c        ****     
 140:main.c        ****     
 141:main.c        ****     
 142:main.c        ****     //------ BLE Setup ------//
 143:main.c        ****     
 144:main.c        ****     // Start
 145:main.c        ****     apiResult = CyBle_Start(StackEventHandler);
 517              		.loc 1 145 0
 518 0362 6623     		movs	r3, #102
 519 0364 FC18     		adds	r4, r7, r3
 520 0366 1F4B     		ldr	r3, .L7+48
ARM GAS  C:\Users\megan\AppData\Local\Temp\ccxLMs0j.s 			page 13


 521 0368 1800     		movs	r0, r3
 522 036a FFF7FEFF 		bl	CyBle_Start
 523 036e 0300     		movs	r3, r0
 524 0370 2380     		strh	r3, [r4]
 146:main.c        ****     if(apiResult != 0x00u)
 147:main.c        ****     {
 148:main.c        ****         /* BLE stack initialization failed, check your configuration */
 149:main.c        **** //        fillScreen(RA8875_RED);
 150:main.c        **** //        textWrite(BLE_START_ERROR, strlen(BLE_START_ERROR));
 151:main.c        ****     }
 152:main.c        ****     
 153:main.c        ****     // Advertise
 154:main.c        ****     CyBle_ProcessEvents();
 525              		.loc 1 154 0
 526 0372 FFF7FEFF 		bl	CyBle_ProcessEvents
 155:main.c        ****     apiResult = CyBle_GappStartAdvertisement(0x00u);
 527              		.loc 1 155 0
 528 0376 6623     		movs	r3, #102
 529 0378 FC18     		adds	r4, r7, r3
 530 037a 0020     		movs	r0, #0
 531 037c FFF7FEFF 		bl	CyBle_GappStartAdvertisement
 532 0380 0300     		movs	r3, r0
 533 0382 2380     		strh	r3, [r4]
 156:main.c        ****     if (apiResult == CYBLE_ERROR_OK) {
 157:main.c        **** //        textWrite(STR_CYBLE_ERROR_OK, strlen(STR_CYBLE_ERROR_OK));
 158:main.c        ****     }
 159:main.c        ****     
 160:main.c        ****   
 161:main.c        **** 
 162:main.c        ****     
 163:main.c        ****     
 164:main.c        **** 
 165:main.c        ****     CyBle_Start( StackEventHandler );
 534              		.loc 1 165 0
 535 0384 174B     		ldr	r3, .L7+48
 536 0386 1800     		movs	r0, r3
 537 0388 FFF7FEFF 		bl	CyBle_Start
 538              	.L6:
 166:main.c        ****     for(;;)
 167:main.c        ****     {
 168:main.c        ****         /* Place your application code here */
 169:main.c        ****         LED_BLUE_Write(0u);  
 539              		.loc 1 169 0 discriminator 1
 540 038c 0020     		movs	r0, #0
 541 038e FFF7FEFF 		bl	LED_BLUE_Write
 170:main.c        ****         CyDelay(1000);
 542              		.loc 1 170 0 discriminator 1
 543 0392 FA23     		movs	r3, #250
 544 0394 9B00     		lsls	r3, r3, #2
 545 0396 1800     		movs	r0, r3
 546 0398 FFF7FEFF 		bl	CyDelay
 171:main.c        ****         //for(int i=0;i<1000;i++);
 172:main.c        ****         LED_BLUE_Write(1u);
 547              		.loc 1 172 0 discriminator 1
 548 039c 0120     		movs	r0, #1
 549 039e FFF7FEFF 		bl	LED_BLUE_Write
 173:main.c        ****         //for(int i=0;i<1000;i++);
ARM GAS  C:\Users\megan\AppData\Local\Temp\ccxLMs0j.s 			page 14


 174:main.c        ****         CyDelay(1000);
 550              		.loc 1 174 0 discriminator 1
 551 03a2 FA23     		movs	r3, #250
 552 03a4 9B00     		lsls	r3, r3, #2
 553 03a6 1800     		movs	r0, r3
 554 03a8 FFF7FEFF 		bl	CyDelay
 175:main.c        ****         
 176:main.c        ****         CyBle_ProcessEvents();
 555              		.loc 1 176 0 discriminator 1
 556 03ac FFF7FEFF 		bl	CyBle_ProcessEvents
 177:main.c        ****     }
 557              		.loc 1 177 0 discriminator 1
 558 03b0 ECE7     		b	.L6
 559              	.L8:
 560 03b2 C046     		.align	2
 561              	.L7:
 562 03b4 00000000 		.word	.LC0
 563 03b8 0C000000 		.word	.LC2
 564 03bc 18000000 		.word	.LC4
 565 03c0 24000000 		.word	.LC6
 566 03c4 30000000 		.word	.LC8
 567 03c8 44000000 		.word	.LC10
 568 03cc FFFF0000 		.word	65535
 569 03d0 E0FF0000 		.word	65504
 570 03d4 FF070000 		.word	2047
 571 03d8 1FF80000 		.word	63519
 572 03dc B80B0000 		.word	3000
 573 03e0 10270000 		.word	10000
 574 03e4 00000000 		.word	StackEventHandler
 575              		.cfi_endproc
 576              	.LFE35:
 577              		.size	main, .-main
 578              		.section	.text.StackEventHandler,"ax",%progbits
 579              		.align	2
 580              		.global	StackEventHandler
 581              		.code	16
 582              		.thumb_func
 583              		.type	StackEventHandler, %function
 584              	StackEventHandler:
 585              	.LFB36:
 178:main.c        **** }
 179:main.c        **** 
 180:main.c        **** 
 181:main.c        **** void StackEventHandler( uint32 eventCode, void *eventParam )
 182:main.c        **** {
 586              		.loc 1 182 0
 587              		.cfi_startproc
 588              		@ args = 0, pretend = 0, frame = 8
 589              		@ frame_needed = 1, uses_anonymous_args = 0
 590 0000 80B5     		push	{r7, lr}
 591              		.cfi_def_cfa_offset 8
 592              		.cfi_offset 7, -8
 593              		.cfi_offset 14, -4
 594 0002 82B0     		sub	sp, sp, #8
 595              		.cfi_def_cfa_offset 16
 596 0004 00AF     		add	r7, sp, #0
 597              		.cfi_def_cfa_register 7
ARM GAS  C:\Users\megan\AppData\Local\Temp\ccxLMs0j.s 			page 15


 598 0006 7860     		str	r0, [r7, #4]
 599 0008 3960     		str	r1, [r7]
 183:main.c        ****     switch( eventCode )
 600              		.loc 1 183 0
 601 000a 7B68     		ldr	r3, [r7, #4]
 602 000c 012B     		cmp	r3, #1
 603 000e 00D0     		beq	.L11
 184:main.c        ****     {
 185:main.c        ****         /* Generic events */
 186:main.c        **** 
 187:main.c        ****         case CYBLE_EVT_STACK_ON:
 188:main.c        ****             /* Configure the Link Layer to automatically switch PA
 189:main.c        ****              * control pin P3[2] and LNA control pin P3[3] */
 190:main.c        ****             CY_SET_XTND_REG32((void CYFAR *)(CYREG_BLE_BLESS_RF_CONFIG), 0x0331);
 191:main.c        ****             CY_SET_XTND_REG32((void CYFAR *)(CYREG_SRSS_TST_DDFT_CTRL), 0x80000302);
 192:main.c        ****             /* CyBle_GappStartAdvertisement( CYBLE_ADVERTISING_FAST ); */
 193:main.c        ****         break;
 194:main.c        ****             
 195:main.c        ****         /* Add additional events as required */    
 196:main.c        ****             
 197:main.c        ****         /* default catch-all case */
 198:main.c        **** 
 199:main.c        ****         default:
 200:main.c        ****         break;    
 604              		.loc 1 200 0
 605 0010 06E0     		b	.L12
 606              	.L11:
 190:main.c        ****             CY_SET_XTND_REG32((void CYFAR *)(CYREG_SRSS_TST_DDFT_CTRL), 0x80000302);
 607              		.loc 1 190 0
 608 0012 054B     		ldr	r3, .L13
 609 0014 054A     		ldr	r2, .L13+4
 610 0016 1A60     		str	r2, [r3]
 191:main.c        ****             /* CyBle_GappStartAdvertisement( CYBLE_ADVERTISING_FAST ); */
 611              		.loc 1 191 0
 612 0018 054B     		ldr	r3, .L13+8
 613 001a 064A     		ldr	r2, .L13+12
 614 001c 1A60     		str	r2, [r3]
 193:main.c        ****             
 615              		.loc 1 193 0
 616 001e C046     		nop
 617              	.L12:
 201:main.c        ****     }
 202:main.c        **** }    
 618              		.loc 1 202 0
 619 0020 C046     		nop
 620 0022 BD46     		mov	sp, r7
 621 0024 02B0     		add	sp, sp, #8
 622              		@ sp needed
 623 0026 80BD     		pop	{r7, pc}
 624              	.L14:
 625              		.align	2
 626              	.L13:
 627 0028 60F02E40 		.word	1076818016
 628 002c 31030000 		.word	817
 629 0030 08000340 		.word	1073938440
 630 0034 02030080 		.word	-2147482878
 631              		.cfi_endproc
ARM GAS  C:\Users\megan\AppData\Local\Temp\ccxLMs0j.s 			page 16


 632              	.LFE36:
 633              		.size	StackEventHandler, .-StackEventHandler
 634              		.text
 635              	.Letext0:
 636              		.file 2 "c:\\program files (x86)\\cypress\\psoc creator\\4.1\\psoc creator\\import\\gnu\\arm\\5.4.
 637              		.file 3 "c:\\program files (x86)\\cypress\\psoc creator\\4.1\\psoc creator\\import\\gnu\\arm\\5.4.
 638              		.file 4 "Generated_Source\\PSoC4/cytypes.h"
 639              		.file 5 "Generated_Source\\PSoC4/BLE_1_Stack.h"
 640              		.file 6 "Generated_Source\\PSoC4/BLE_1_eventHandler.h"
 641              		.file 7 "./RA8875.h"
 642              		.section	.debug_info,"",%progbits
 643              	.Ldebug_info0:
 644 0000 8B050000 		.4byte	0x58b
 645 0004 0400     		.2byte	0x4
 646 0006 00000000 		.4byte	.Ldebug_abbrev0
 647 000a 04       		.byte	0x4
 648 000b 01       		.uleb128 0x1
 649 000c 81070000 		.4byte	.LASF152
 650 0010 0C       		.byte	0xc
 651 0011 54070000 		.4byte	.LASF153
 652 0015 B50B0000 		.4byte	.LASF154
 653 0019 00000000 		.4byte	.Ldebug_ranges0+0
 654 001d 00000000 		.4byte	0
 655 0021 00000000 		.4byte	.Ldebug_line0
 656 0025 02       		.uleb128 0x2
 657 0026 01       		.byte	0x1
 658 0027 06       		.byte	0x6
 659 0028 BA020000 		.4byte	.LASF0
 660 002c 03       		.uleb128 0x3
 661 002d 29010000 		.4byte	.LASF3
 662 0031 02       		.byte	0x2
 663 0032 1D       		.byte	0x1d
 664 0033 37000000 		.4byte	0x37
 665 0037 02       		.uleb128 0x2
 666 0038 01       		.byte	0x1
 667 0039 08       		.byte	0x8
 668 003a B10A0000 		.4byte	.LASF1
 669 003e 02       		.uleb128 0x2
 670 003f 02       		.byte	0x2
 671 0040 05       		.byte	0x5
 672 0041 E30A0000 		.4byte	.LASF2
 673 0045 03       		.uleb128 0x3
 674 0046 EE0C0000 		.4byte	.LASF4
 675 004a 02       		.byte	0x2
 676 004b 2B       		.byte	0x2b
 677 004c 50000000 		.4byte	0x50
 678 0050 02       		.uleb128 0x2
 679 0051 02       		.byte	0x2
 680 0052 07       		.byte	0x7
 681 0053 F50D0000 		.4byte	.LASF5
 682 0057 02       		.uleb128 0x2
 683 0058 04       		.byte	0x4
 684 0059 05       		.byte	0x5
 685 005a 63010000 		.4byte	.LASF6
 686 005e 02       		.uleb128 0x2
 687 005f 04       		.byte	0x4
 688 0060 07       		.byte	0x7
ARM GAS  C:\Users\megan\AppData\Local\Temp\ccxLMs0j.s 			page 17


 689 0061 98050000 		.4byte	.LASF7
 690 0065 02       		.uleb128 0x2
 691 0066 08       		.byte	0x8
 692 0067 05       		.byte	0x5
 693 0068 AC020000 		.4byte	.LASF8
 694 006c 02       		.uleb128 0x2
 695 006d 08       		.byte	0x8
 696 006e 07       		.byte	0x7
 697 006f F0040000 		.4byte	.LASF9
 698 0073 04       		.uleb128 0x4
 699 0074 04       		.byte	0x4
 700 0075 05       		.byte	0x5
 701 0076 696E7400 		.ascii	"int\000"
 702 007a 02       		.uleb128 0x2
 703 007b 04       		.byte	0x4
 704 007c 07       		.byte	0x7
 705 007d E10C0000 		.4byte	.LASF10
 706 0081 03       		.uleb128 0x3
 707 0082 720E0000 		.4byte	.LASF11
 708 0086 03       		.byte	0x3
 709 0087 18       		.byte	0x18
 710 0088 2C000000 		.4byte	0x2c
 711 008c 03       		.uleb128 0x3
 712 008d 66050000 		.4byte	.LASF12
 713 0091 03       		.byte	0x3
 714 0092 24       		.byte	0x24
 715 0093 45000000 		.4byte	0x45
 716 0097 05       		.uleb128 0x5
 717 0098 43040000 		.4byte	.LASF13
 718 009c 04       		.byte	0x4
 719 009d D401     		.2byte	0x1d4
 720 009f 5E000000 		.4byte	0x5e
 721 00a3 02       		.uleb128 0x2
 722 00a4 04       		.byte	0x4
 723 00a5 04       		.byte	0x4
 724 00a6 3D0A0000 		.4byte	.LASF14
 725 00aa 02       		.uleb128 0x2
 726 00ab 08       		.byte	0x8
 727 00ac 04       		.byte	0x4
 728 00ad 07040000 		.4byte	.LASF15
 729 00b1 02       		.uleb128 0x2
 730 00b2 01       		.byte	0x1
 731 00b3 08       		.byte	0x8
 732 00b4 8F0C0000 		.4byte	.LASF16
 733 00b8 05       		.uleb128 0x5
 734 00b9 5E080000 		.4byte	.LASF17
 735 00bd 04       		.byte	0x4
 736 00be 7E02     		.2byte	0x27e
 737 00c0 C4000000 		.4byte	0xc4
 738 00c4 06       		.uleb128 0x6
 739 00c5 97000000 		.4byte	0x97
 740 00c9 02       		.uleb128 0x2
 741 00ca 08       		.byte	0x8
 742 00cb 04       		.byte	0x4
 743 00cc 830C0000 		.4byte	.LASF18
 744 00d0 02       		.uleb128 0x2
 745 00d1 04       		.byte	0x4
ARM GAS  C:\Users\megan\AppData\Local\Temp\ccxLMs0j.s 			page 18


 746 00d2 07       		.byte	0x7
 747 00d3 06090000 		.4byte	.LASF19
 748 00d7 07       		.uleb128 0x7
 749 00d8 04       		.byte	0x4
 750 00d9 08       		.uleb128 0x8
 751 00da B1000000 		.4byte	0xb1
 752 00de E9000000 		.4byte	0xe9
 753 00e2 09       		.uleb128 0x9
 754 00e3 D0000000 		.4byte	0xd0
 755 00e7 18       		.byte	0x18
 756 00e8 00       		.byte	0
 757 00e9 0A       		.uleb128 0xa
 758 00ea 01       		.byte	0x1
 759 00eb 37000000 		.4byte	0x37
 760 00ef 05       		.byte	0x5
 761 00f0 4D01     		.2byte	0x14d
 762 00f2 A7020000 		.4byte	0x2a7
 763 00f6 0B       		.uleb128 0xb
 764 00f7 85060000 		.4byte	.LASF20
 765 00fb 00       		.byte	0
 766 00fc 0B       		.uleb128 0xb
 767 00fd C6020000 		.4byte	.LASF21
 768 0101 01       		.byte	0x1
 769 0102 0B       		.uleb128 0xb
 770 0103 51010000 		.4byte	.LASF22
 771 0107 02       		.byte	0x2
 772 0108 0B       		.uleb128 0xb
 773 0109 DC0D0000 		.4byte	.LASF23
 774 010d 03       		.byte	0x3
 775 010e 0B       		.uleb128 0xb
 776 010f D1010000 		.4byte	.LASF24
 777 0113 04       		.byte	0x4
 778 0114 0B       		.uleb128 0xb
 779 0115 23000000 		.4byte	.LASF25
 780 0119 05       		.byte	0x5
 781 011a 0B       		.uleb128 0xb
 782 011b BA060000 		.4byte	.LASF26
 783 011f 06       		.byte	0x6
 784 0120 0B       		.uleb128 0xb
 785 0121 64080000 		.4byte	.LASF27
 786 0125 20       		.byte	0x20
 787 0126 0B       		.uleb128 0xb
 788 0127 23030000 		.4byte	.LASF28
 789 012b 21       		.byte	0x21
 790 012c 0B       		.uleb128 0xb
 791 012d 11070000 		.4byte	.LASF29
 792 0131 22       		.byte	0x22
 793 0132 0B       		.uleb128 0xb
 794 0133 B60D0000 		.4byte	.LASF30
 795 0137 23       		.byte	0x23
 796 0138 0B       		.uleb128 0xb
 797 0139 85090000 		.4byte	.LASF31
 798 013d 24       		.byte	0x24
 799 013e 0B       		.uleb128 0xb
 800 013f 0F090000 		.4byte	.LASF32
 801 0143 25       		.byte	0x25
 802 0144 0B       		.uleb128 0xb
ARM GAS  C:\Users\megan\AppData\Local\Temp\ccxLMs0j.s 			page 19


 803 0145 8B030000 		.4byte	.LASF33
 804 0149 26       		.byte	0x26
 805 014a 0B       		.uleb128 0xb
 806 014b 35070000 		.4byte	.LASF34
 807 014f 27       		.byte	0x27
 808 0150 0B       		.uleb128 0xb
 809 0151 44020000 		.4byte	.LASF35
 810 0155 28       		.byte	0x28
 811 0156 0B       		.uleb128 0xb
 812 0157 66020000 		.4byte	.LASF36
 813 015b 29       		.byte	0x29
 814 015c 0B       		.uleb128 0xb
 815 015d 64000000 		.4byte	.LASF37
 816 0161 2A       		.byte	0x2a
 817 0162 0B       		.uleb128 0xb
 818 0163 E6010000 		.4byte	.LASF38
 819 0167 2B       		.byte	0x2b
 820 0168 0B       		.uleb128 0xb
 821 0169 380F0000 		.4byte	.LASF39
 822 016d 2C       		.byte	0x2c
 823 016e 0B       		.uleb128 0xb
 824 016f 83020000 		.4byte	.LASF40
 825 0173 2D       		.byte	0x2d
 826 0174 0B       		.uleb128 0xb
 827 0175 BF0A0000 		.4byte	.LASF41
 828 0179 2E       		.byte	0x2e
 829 017a 0B       		.uleb128 0xb
 830 017b E1000000 		.4byte	.LASF42
 831 017f 2F       		.byte	0x2f
 832 0180 0B       		.uleb128 0xb
 833 0181 64090000 		.4byte	.LASF43
 834 0185 30       		.byte	0x30
 835 0186 0B       		.uleb128 0xb
 836 0187 B80F0000 		.4byte	.LASF44
 837 018b 31       		.byte	0x31
 838 018c 0B       		.uleb128 0xb
 839 018d 43090000 		.4byte	.LASF45
 840 0191 32       		.byte	0x32
 841 0192 0B       		.uleb128 0xb
 842 0193 7D0B0000 		.4byte	.LASF46
 843 0197 33       		.byte	0x33
 844 0198 0B       		.uleb128 0xb
 845 0199 AA050000 		.4byte	.LASF47
 846 019d 34       		.byte	0x34
 847 019e 0B       		.uleb128 0xb
 848 019f D3040000 		.4byte	.LASF48
 849 01a3 35       		.byte	0x35
 850 01a4 0B       		.uleb128 0xb
 851 01a5 5B070000 		.4byte	.LASF49
 852 01a9 36       		.byte	0x36
 853 01aa 0B       		.uleb128 0xb
 854 01ab 88080000 		.4byte	.LASF50
 855 01af 37       		.byte	0x37
 856 01b0 0B       		.uleb128 0xb
 857 01b1 67040000 		.4byte	.LASF51
 858 01b5 40       		.byte	0x40
 859 01b6 0B       		.uleb128 0xb
ARM GAS  C:\Users\megan\AppData\Local\Temp\ccxLMs0j.s 			page 20


 860 01b7 0F080000 		.4byte	.LASF52
 861 01bb 41       		.byte	0x41
 862 01bc 0B       		.uleb128 0xb
 863 01bd DC0F0000 		.4byte	.LASF53
 864 01c1 42       		.byte	0x42
 865 01c2 0B       		.uleb128 0xb
 866 01c3 410E0000 		.4byte	.LASF54
 867 01c7 43       		.byte	0x43
 868 01c8 0B       		.uleb128 0xb
 869 01c9 DC050000 		.4byte	.LASF55
 870 01cd 44       		.byte	0x44
 871 01ce 0B       		.uleb128 0xb
 872 01cf 160A0000 		.4byte	.LASF56
 873 01d3 45       		.byte	0x45
 874 01d4 0B       		.uleb128 0xb
 875 01d5 E5080000 		.4byte	.LASF57
 876 01d9 46       		.byte	0x46
 877 01da 0B       		.uleb128 0xb
 878 01db 9C060000 		.4byte	.LASF58
 879 01df 47       		.byte	0x47
 880 01e0 0B       		.uleb128 0xb
 881 01e1 FC0E0000 		.4byte	.LASF59
 882 01e5 48       		.byte	0x48
 883 01e6 0B       		.uleb128 0xb
 884 01e7 3A030000 		.4byte	.LASF60
 885 01eb 49       		.byte	0x49
 886 01ec 0B       		.uleb128 0xb
 887 01ed 450D0000 		.4byte	.LASF61
 888 01f1 4A       		.byte	0x4a
 889 01f2 0B       		.uleb128 0xb
 890 01f3 0A010000 		.4byte	.LASF62
 891 01f7 4B       		.byte	0x4b
 892 01f8 0B       		.uleb128 0xb
 893 01f9 C2050000 		.4byte	.LASF63
 894 01fd 4C       		.byte	0x4c
 895 01fe 0B       		.uleb128 0xb
 896 01ff 29090000 		.4byte	.LASF64
 897 0203 4D       		.byte	0x4d
 898 0204 0B       		.uleb128 0xb
 899 0205 6D030000 		.4byte	.LASF65
 900 0209 4E       		.byte	0x4e
 901 020a 0B       		.uleb128 0xb
 902 020b 400B0000 		.4byte	.LASF66
 903 020f 4F       		.byte	0x4f
 904 0210 0B       		.uleb128 0xb
 905 0211 D3060000 		.4byte	.LASF67
 906 0215 50       		.byte	0x50
 907 0216 0B       		.uleb128 0xb
 908 0217 DF030000 		.4byte	.LASF68
 909 021b 51       		.byte	0x51
 910 021c 0B       		.uleb128 0xb
 911 021d BE090000 		.4byte	.LASF69
 912 0221 52       		.byte	0x52
 913 0222 0B       		.uleb128 0xb
 914 0223 ED0A0000 		.4byte	.LASF70
 915 0227 53       		.byte	0x53
 916 0228 0B       		.uleb128 0xb
ARM GAS  C:\Users\megan\AppData\Local\Temp\ccxLMs0j.s 			page 21


 917 0229 430A0000 		.4byte	.LASF71
 918 022d 54       		.byte	0x54
 919 022e 0B       		.uleb128 0xb
 920 022f FA050000 		.4byte	.LASF72
 921 0233 55       		.byte	0x55
 922 0234 0B       		.uleb128 0xb
 923 0235 07050000 		.4byte	.LASF73
 924 0239 56       		.byte	0x56
 925 023a 0B       		.uleb128 0xb
 926 023b F90C0000 		.4byte	.LASF74
 927 023f 57       		.byte	0x57
 928 0240 0B       		.uleb128 0xb
 929 0241 25060000 		.4byte	.LASF75
 930 0245 58       		.byte	0x58
 931 0246 0B       		.uleb128 0xb
 932 0247 81040000 		.4byte	.LASF76
 933 024b 70       		.byte	0x70
 934 024c 0B       		.uleb128 0xb
 935 024d 7D0F0000 		.4byte	.LASF77
 936 0251 71       		.byte	0x71
 937 0252 0B       		.uleb128 0xb
 938 0253 33080000 		.4byte	.LASF78
 939 0257 72       		.byte	0x72
 940 0258 0B       		.uleb128 0xb
 941 0259 33010000 		.4byte	.LASF79
 942 025d 73       		.byte	0x73
 943 025e 0B       		.uleb128 0xb
 944 025f F8090000 		.4byte	.LASF80
 945 0263 74       		.byte	0x74
 946 0264 0B       		.uleb128 0xb
 947 0265 5C0F0000 		.4byte	.LASF81
 948 0269 75       		.byte	0x75
 949 026a 0B       		.uleb128 0xb
 950 026b 8D000000 		.4byte	.LASF82
 951 026f 76       		.byte	0x76
 952 0270 0B       		.uleb128 0xb
 953 0271 F2060000 		.4byte	.LASF83
 954 0275 77       		.byte	0x77
 955 0276 0B       		.uleb128 0xb
 956 0277 00000000 		.4byte	.LASF84
 957 027b 78       		.byte	0x78
 958 027c 0B       		.uleb128 0xb
 959 027d 220D0000 		.4byte	.LASF85
 960 0281 79       		.byte	0x79
 961 0282 0B       		.uleb128 0xb
 962 0283 A7040000 		.4byte	.LASF86
 963 0287 7A       		.byte	0x7a
 964 0288 0B       		.uleb128 0xb
 965 0289 05020000 		.4byte	.LASF87
 966 028d FA       		.byte	0xfa
 967 028e 0B       		.uleb128 0xb
 968 028f 47050000 		.4byte	.LASF88
 969 0293 FB       		.byte	0xfb
 970 0294 0B       		.uleb128 0xb
 971 0295 140B0000 		.4byte	.LASF89
 972 0299 FC       		.byte	0xfc
 973 029a 0B       		.uleb128 0xb
ARM GAS  C:\Users\megan\AppData\Local\Temp\ccxLMs0j.s 			page 22


 974 029b 22100000 		.4byte	.LASF90
 975 029f FD       		.byte	0xfd
 976 02a0 0B       		.uleb128 0xb
 977 02a1 4A040000 		.4byte	.LASF91
 978 02a5 FF       		.byte	0xff
 979 02a6 00       		.byte	0
 980 02a7 0A       		.uleb128 0xa
 981 02a8 02       		.byte	0x2
 982 02a9 50000000 		.4byte	0x50
 983 02ad 05       		.byte	0x5
 984 02ae 0204     		.2byte	0x402
 985 02b0 80030000 		.4byte	0x380
 986 02b4 0B       		.uleb128 0xb
 987 02b5 58040000 		.4byte	.LASF92
 988 02b9 00       		.byte	0
 989 02ba 0B       		.uleb128 0xb
 990 02bb 25040000 		.4byte	.LASF93
 991 02bf 01       		.byte	0x1
 992 02c0 0B       		.uleb128 0xb
 993 02c1 230E0000 		.4byte	.LASF94
 994 02c5 02       		.byte	0x2
 995 02c6 0B       		.uleb128 0xb
 996 02c7 3F000000 		.4byte	.LASF95
 997 02cb 03       		.byte	0x3
 998 02cc 0B       		.uleb128 0xb
 999 02cd AE010000 		.4byte	.LASF96
 1000 02d1 04       		.byte	0x4
 1001 02d2 0B       		.uleb128 0xb
 1002 02d3 29050000 		.4byte	.LASF97
 1003 02d7 05       		.byte	0x5
 1004 02d8 0B       		.uleb128 0xb
 1005 02d9 260B0000 		.4byte	.LASF98
 1006 02dd 06       		.byte	0x6
 1007 02de 0B       		.uleb128 0xb
 1008 02df FB020000 		.4byte	.LASF99
 1009 02e3 07       		.byte	0x7
 1010 02e4 0B       		.uleb128 0xb
 1011 02e5 5F0B0000 		.4byte	.LASF100
 1012 02e9 08       		.byte	0x8
 1013 02ea 0B       		.uleb128 0xb
 1014 02eb 230F0000 		.4byte	.LASF101
 1015 02ef 09       		.byte	0x9
 1016 02f0 0B       		.uleb128 0xb
 1017 02f1 740A0000 		.4byte	.LASF102
 1018 02f5 0A       		.byte	0xa
 1019 02f6 0B       		.uleb128 0xb
 1020 02f7 940C0000 		.4byte	.LASF103
 1021 02fb 0B       		.byte	0xb
 1022 02fc 0B       		.uleb128 0xb
 1023 02fd 2D020000 		.4byte	.LASF104
 1024 0301 0C       		.byte	0xc
 1025 0302 0B       		.uleb128 0xb
 1026 0303 89010000 		.4byte	.LASF105
 1027 0307 0D       		.byte	0xd
 1028 0308 0B       		.uleb128 0xb
 1029 0309 6F050000 		.4byte	.LASF106
 1030 030d 0E       		.byte	0xe
ARM GAS  C:\Users\megan\AppData\Local\Temp\ccxLMs0j.s 			page 23


 1031 030e 0B       		.uleb128 0xb
 1032 030f C40E0000 		.4byte	.LASF107
 1033 0313 0F       		.byte	0xf
 1034 0314 0B       		.uleb128 0xb
 1035 0315 880D0000 		.4byte	.LASF108
 1036 0319 10       		.byte	0x10
 1037 031a 0B       		.uleb128 0xb
 1038 031b 48060000 		.4byte	.LASF109
 1039 031f 11       		.byte	0x11
 1040 0320 0B       		.uleb128 0xb
 1041 0321 B3030000 		.4byte	.LASF110
 1042 0325 12       		.byte	0x12
 1043 0326 0B       		.uleb128 0xb
 1044 0327 FA0F0000 		.4byte	.LASF111
 1045 032b 13       		.byte	0x13
 1046 032c 0B       		.uleb128 0xb
 1047 032d D9020000 		.4byte	.LASF112
 1048 0331 27       		.byte	0x27
 1049 0332 0B       		.uleb128 0xb
 1050 0333 630D0000 		.4byte	.LASF113
 1051 0337 28       		.byte	0x28
 1052 0338 0B       		.uleb128 0xb
 1053 0339 A80E0000 		.4byte	.LASF114
 1054 033d 29       		.byte	0x29
 1055 033e 0B       		.uleb128 0xb
 1056 033f 6C010000 		.4byte	.LASF115
 1057 0343 2A       		.byte	0x2a
 1058 0344 0B       		.uleb128 0xb
 1059 0345 AE000000 		.4byte	.LASF116
 1060 0349 2B       		.byte	0x2b
 1061 034a 0B       		.uleb128 0xb
 1062 034b CD080000 		.4byte	.LASF117
 1063 034f 2C       		.byte	0x2c
 1064 0350 0B       		.uleb128 0xb
 1065 0351 7A0E0000 		.4byte	.LASF118
 1066 0355 FE       		.byte	0xfe
 1067 0356 0B       		.uleb128 0xb
 1068 0357 BD080000 		.4byte	.LASF119
 1069 035b FF       		.byte	0xff
 1070 035c 0C       		.uleb128 0xc
 1071 035d 6C060000 		.4byte	.LASF120
 1072 0361 0001     		.2byte	0x100
 1073 0363 0C       		.uleb128 0xc
 1074 0364 DF090000 		.4byte	.LASF121
 1075 0368 0101     		.2byte	0x101
 1076 036a 0C       		.uleb128 0xc
 1077 036b 8E0A0000 		.4byte	.LASF122
 1078 036f 0201     		.2byte	0x102
 1079 0371 0C       		.uleb128 0xc
 1080 0372 53030000 		.4byte	.LASF123
 1081 0376 0301     		.2byte	0x103
 1082 0378 0C       		.uleb128 0xc
 1083 0379 6C0C0000 		.4byte	.LASF124
 1084 037d 0401     		.2byte	0x104
 1085 037f 00       		.byte	0
 1086 0380 05       		.uleb128 0x5
 1087 0381 AB090000 		.4byte	.LASF125
ARM GAS  C:\Users\megan\AppData\Local\Temp\ccxLMs0j.s 			page 24


 1088 0385 05       		.byte	0x5
 1089 0386 7104     		.2byte	0x471
 1090 0388 A7020000 		.4byte	0x2a7
 1091 038c 0A       		.uleb128 0xa
 1092 038d 01       		.byte	0x1
 1093 038e 37000000 		.4byte	0x37
 1094 0392 06       		.byte	0x6
 1095 0393 9308     		.2byte	0x893
 1096 0395 B8030000 		.4byte	0x3b8
 1097 0399 0B       		.uleb128 0xb
 1098 039a 080E0000 		.4byte	.LASF126
 1099 039e 00       		.byte	0
 1100 039f 0B       		.uleb128 0xb
 1101 03a0 640A0000 		.4byte	.LASF127
 1102 03a4 01       		.byte	0x1
 1103 03a5 0B       		.uleb128 0xb
 1104 03a6 B40C0000 		.4byte	.LASF128
 1105 03aa 02       		.byte	0x2
 1106 03ab 0B       		.uleb128 0xb
 1107 03ac 0E040000 		.4byte	.LASF129
 1108 03b0 02       		.byte	0x2
 1109 03b1 0B       		.uleb128 0xb
 1110 03b2 A40B0000 		.4byte	.LASF130
 1111 03b6 03       		.byte	0x3
 1112 03b7 00       		.byte	0
 1113 03b8 0D       		.uleb128 0xd
 1114 03b9 170E0000 		.4byte	.LASF155
 1115 03bd 01       		.byte	0x1
 1116 03be 37000000 		.4byte	0x37
 1117 03c2 07       		.byte	0x7
 1118 03c3 30       		.byte	0x30
 1119 03c4 D5030000 		.4byte	0x3d5
 1120 03c8 0B       		.uleb128 0xb
 1121 03c9 C70C0000 		.4byte	.LASF131
 1122 03cd 00       		.byte	0
 1123 03ce 0B       		.uleb128 0xb
 1124 03cf 4F080000 		.4byte	.LASF132
 1125 03d3 01       		.byte	0x1
 1126 03d4 00       		.byte	0
 1127 03d5 0E       		.uleb128 0xe
 1128 03d6 01       		.byte	0x1
 1129 03d7 37000000 		.4byte	0x37
 1130 03db 07       		.byte	0x7
 1131 03dc 44       		.byte	0x44
 1132 03dd EE030000 		.4byte	0x3ee
 1133 03e1 0B       		.uleb128 0xb
 1134 03e2 0E0B0000 		.4byte	.LASF133
 1135 03e6 00       		.byte	0
 1136 03e7 0B       		.uleb128 0xb
 1137 03e8 3A100000 		.4byte	.LASF134
 1138 03ec 01       		.byte	0x1
 1139 03ed 00       		.byte	0
 1140 03ee 03       		.uleb128 0x3
 1141 03ef 7C070000 		.4byte	.LASF135
 1142 03f3 07       		.byte	0x7
 1143 03f4 47       		.byte	0x47
 1144 03f5 D5030000 		.4byte	0x3d5
ARM GAS  C:\Users\megan\AppData\Local\Temp\ccxLMs0j.s 			page 25


 1145 03f9 0F       		.uleb128 0xf
 1146 03fa B30F0000 		.4byte	.LASF143
 1147 03fe 01       		.byte	0x1
 1148 03ff 14       		.byte	0x14
 1149 0400 73000000 		.4byte	0x73
 1150 0404 00000000 		.4byte	.LFB35
 1151 0408 E8030000 		.4byte	.LFE35-.LFB35
 1152 040c 01       		.uleb128 0x1
 1153 040d 9C       		.byte	0x9c
 1154 040e B6040000 		.4byte	0x4b6
 1155 0412 10       		.uleb128 0x10
 1156 0413 D6030000 		.4byte	.LASF136
 1157 0417 01       		.byte	0x1
 1158 0418 19       		.byte	0x19
 1159 0419 B6040000 		.4byte	0x4b6
 1160 041d 02       		.uleb128 0x2
 1161 041e 91       		.byte	0x91
 1162 041f 58       		.sleb128 -40
 1163 0420 10       		.uleb128 0x10
 1164 0421 2A080000 		.4byte	.LASF137
 1165 0425 01       		.byte	0x1
 1166 0426 1A       		.byte	0x1a
 1167 0427 C6040000 		.4byte	0x4c6
 1168 042b 02       		.uleb128 0x2
 1169 042c 91       		.byte	0x91
 1170 042d 4C       		.sleb128 -52
 1171 042e 10       		.uleb128 0x10
 1172 042f FE030000 		.4byte	.LASF138
 1173 0433 01       		.byte	0x1
 1174 0434 1B       		.byte	0x1b
 1175 0435 C6040000 		.4byte	0x4c6
 1176 0439 02       		.uleb128 0x2
 1177 043a 91       		.byte	0x91
 1178 043b 40       		.sleb128 -64
 1179 043c 11       		.uleb128 0x11
 1180 043d 626C6500 		.ascii	"ble\000"
 1181 0441 01       		.byte	0x1
 1182 0442 1C       		.byte	0x1c
 1183 0443 D6040000 		.4byte	0x4d6
 1184 0447 03       		.uleb128 0x3
 1185 0448 91       		.byte	0x91
 1186 0449 B47F     		.sleb128 -76
 1187 044b 11       		.uleb128 0x11
 1188 044c 7800     		.ascii	"x\000"
 1189 044e 01       		.byte	0x1
 1190 044f 1E       		.byte	0x1e
 1191 0450 8C000000 		.4byte	0x8c
 1192 0454 03       		.uleb128 0x3
 1193 0455 91       		.byte	0x91
 1194 0456 B27F     		.sleb128 -78
 1195 0458 11       		.uleb128 0x11
 1196 0459 7900     		.ascii	"y\000"
 1197 045b 01       		.byte	0x1
 1198 045c 1F       		.byte	0x1f
 1199 045d 8C000000 		.4byte	0x8c
 1200 0461 03       		.uleb128 0x3
 1201 0462 91       		.byte	0x91
ARM GAS  C:\Users\megan\AppData\Local\Temp\ccxLMs0j.s 			page 26


 1202 0463 B07F     		.sleb128 -80
 1203 0465 10       		.uleb128 0x10
 1204 0466 CB040000 		.4byte	.LASF139
 1205 046a 01       		.byte	0x1
 1206 046b 20       		.byte	0x20
 1207 046c EE030000 		.4byte	0x3ee
 1208 0470 02       		.uleb128 0x2
 1209 0471 91       		.byte	0x91
 1210 0472 6F       		.sleb128 -17
 1211 0473 10       		.uleb128 0x10
 1212 0474 A30F0000 		.4byte	.LASF140
 1213 0478 01       		.byte	0x1
 1214 0479 22       		.byte	0x22
 1215 047a E6040000 		.4byte	0x4e6
 1216 047e 03       		.uleb128 0x3
 1217 047f 91       		.byte	0x91
 1218 0480 9C7F     		.sleb128 -100
 1219 0482 10       		.uleb128 0x10
 1220 0483 E90E0000 		.4byte	.LASF141
 1221 0487 01       		.byte	0x1
 1222 0488 23       		.byte	0x23
 1223 0489 D9000000 		.4byte	0xd9
 1224 048d 03       		.uleb128 0x3
 1225 048e 91       		.byte	0x91
 1226 048f 807F     		.sleb128 -128
 1227 0491 10       		.uleb128 0x10
 1228 0492 A1090000 		.4byte	.LASF142
 1229 0496 01       		.byte	0x1
 1230 0497 25       		.byte	0x25
 1231 0498 80030000 		.4byte	0x380
 1232 049c 02       		.uleb128 0x2
 1233 049d 91       		.byte	0x91
 1234 049e 66       		.sleb128 -26
 1235 049f 12       		.uleb128 0x12
 1236 04a0 24020000 		.4byte	.LBB2
 1237 04a4 22000000 		.4byte	.LBE2-.LBB2
 1238 04a8 11       		.uleb128 0x11
 1239 04a9 6900     		.ascii	"i\000"
 1240 04ab 01       		.byte	0x1
 1241 04ac 64       		.byte	0x64
 1242 04ad 73000000 		.4byte	0x73
 1243 04b1 02       		.uleb128 0x2
 1244 04b2 91       		.byte	0x91
 1245 04b3 68       		.sleb128 -24
 1246 04b4 00       		.byte	0
 1247 04b5 00       		.byte	0
 1248 04b6 08       		.uleb128 0x8
 1249 04b7 B1000000 		.4byte	0xb1
 1250 04bb C6040000 		.4byte	0x4c6
 1251 04bf 09       		.uleb128 0x9
 1252 04c0 D0000000 		.4byte	0xd0
 1253 04c4 0A       		.byte	0xa
 1254 04c5 00       		.byte	0
 1255 04c6 08       		.uleb128 0x8
 1256 04c7 B1000000 		.4byte	0xb1
 1257 04cb D6040000 		.4byte	0x4d6
 1258 04cf 09       		.uleb128 0x9
ARM GAS  C:\Users\megan\AppData\Local\Temp\ccxLMs0j.s 			page 27


 1259 04d0 D0000000 		.4byte	0xd0
 1260 04d4 09       		.byte	0x9
 1261 04d5 00       		.byte	0
 1262 04d6 08       		.uleb128 0x8
 1263 04d7 B1000000 		.4byte	0xb1
 1264 04db E6040000 		.4byte	0x4e6
 1265 04df 09       		.uleb128 0x9
 1266 04e0 D0000000 		.4byte	0xd0
 1267 04e4 0B       		.byte	0xb
 1268 04e5 00       		.byte	0
 1269 04e6 08       		.uleb128 0x8
 1270 04e7 B1000000 		.4byte	0xb1
 1271 04eb F6040000 		.4byte	0x4f6
 1272 04ef 09       		.uleb128 0x9
 1273 04f0 D0000000 		.4byte	0xd0
 1274 04f4 11       		.byte	0x11
 1275 04f5 00       		.byte	0
 1276 04f6 13       		.uleb128 0x13
 1277 04f7 960E0000 		.4byte	.LASF144
 1278 04fb 01       		.byte	0x1
 1279 04fc B5       		.byte	0xb5
 1280 04fd 00000000 		.4byte	.LFB36
 1281 0501 38000000 		.4byte	.LFE36-.LFB36
 1282 0505 01       		.uleb128 0x1
 1283 0506 9C       		.byte	0x9c
 1284 0507 28050000 		.4byte	0x528
 1285 050b 14       		.uleb128 0x14
 1286 050c 23020000 		.4byte	.LASF145
 1287 0510 01       		.byte	0x1
 1288 0511 B5       		.byte	0xb5
 1289 0512 97000000 		.4byte	0x97
 1290 0516 02       		.uleb128 0x2
 1291 0517 91       		.byte	0x91
 1292 0518 74       		.sleb128 -12
 1293 0519 14       		.uleb128 0x14
 1294 051a 5F0E0000 		.4byte	.LASF146
 1295 051e 01       		.byte	0x1
 1296 051f B5       		.byte	0xb5
 1297 0520 D7000000 		.4byte	0xd7
 1298 0524 02       		.uleb128 0x2
 1299 0525 91       		.byte	0x91
 1300 0526 70       		.sleb128 -16
 1301 0527 00       		.byte	0
 1302 0528 15       		.uleb128 0x15
 1303 0529 5F637300 		.ascii	"_cs\000"
 1304 052d 07       		.byte	0x7
 1305 052e 9F       		.byte	0x9f
 1306 052f 81000000 		.4byte	0x81
 1307 0533 05       		.uleb128 0x5
 1308 0534 03       		.byte	0x3
 1309 0535 00000000 		.4byte	_cs
 1310 0539 16       		.uleb128 0x16
 1311 053a D60C0000 		.4byte	.LASF147
 1312 053e 07       		.byte	0x7
 1313 053f 9F       		.byte	0x9f
 1314 0540 81000000 		.4byte	0x81
 1315 0544 05       		.uleb128 0x5
ARM GAS  C:\Users\megan\AppData\Local\Temp\ccxLMs0j.s 			page 28


 1316 0545 03       		.byte	0x3
 1317 0546 00000000 		.4byte	_rst
 1318 054a 16       		.uleb128 0x16
 1319 054b 1E060000 		.4byte	.LASF148
 1320 054f 07       		.byte	0x7
 1321 0550 A0       		.byte	0xa0
 1322 0551 8C000000 		.4byte	0x8c
 1323 0555 05       		.uleb128 0x5
 1324 0556 03       		.byte	0x3
 1325 0557 00000000 		.4byte	_width
 1326 055b 16       		.uleb128 0x16
 1327 055c 6A0E0000 		.4byte	.LASF149
 1328 0560 07       		.byte	0x7
 1329 0561 A0       		.byte	0xa0
 1330 0562 8C000000 		.4byte	0x8c
 1331 0566 05       		.uleb128 0x5
 1332 0567 03       		.byte	0x3
 1333 0568 00000000 		.4byte	_height
 1334 056c 16       		.uleb128 0x16
 1335 056d 18030000 		.4byte	.LASF150
 1336 0571 07       		.byte	0x7
 1337 0572 A1       		.byte	0xa1
 1338 0573 81000000 		.4byte	0x81
 1339 0577 05       		.uleb128 0x5
 1340 0578 03       		.byte	0x3
 1341 0579 00000000 		.4byte	_textScale
 1342 057d 16       		.uleb128 0x16
 1343 057e DB0C0000 		.4byte	.LASF151
 1344 0582 07       		.byte	0x7
 1345 0583 A2       		.byte	0xa2
 1346 0584 B8030000 		.4byte	0x3b8
 1347 0588 05       		.uleb128 0x5
 1348 0589 03       		.byte	0x3
 1349 058a 00000000 		.4byte	_size
 1350 058e 00       		.byte	0
 1351              		.section	.debug_abbrev,"",%progbits
 1352              	.Ldebug_abbrev0:
 1353 0000 01       		.uleb128 0x1
 1354 0001 11       		.uleb128 0x11
 1355 0002 01       		.byte	0x1
 1356 0003 25       		.uleb128 0x25
 1357 0004 0E       		.uleb128 0xe
 1358 0005 13       		.uleb128 0x13
 1359 0006 0B       		.uleb128 0xb
 1360 0007 03       		.uleb128 0x3
 1361 0008 0E       		.uleb128 0xe
 1362 0009 1B       		.uleb128 0x1b
 1363 000a 0E       		.uleb128 0xe
 1364 000b 55       		.uleb128 0x55
 1365 000c 17       		.uleb128 0x17
 1366 000d 11       		.uleb128 0x11
 1367 000e 01       		.uleb128 0x1
 1368 000f 10       		.uleb128 0x10
 1369 0010 17       		.uleb128 0x17
 1370 0011 00       		.byte	0
 1371 0012 00       		.byte	0
 1372 0013 02       		.uleb128 0x2
ARM GAS  C:\Users\megan\AppData\Local\Temp\ccxLMs0j.s 			page 29


 1373 0014 24       		.uleb128 0x24
 1374 0015 00       		.byte	0
 1375 0016 0B       		.uleb128 0xb
 1376 0017 0B       		.uleb128 0xb
 1377 0018 3E       		.uleb128 0x3e
 1378 0019 0B       		.uleb128 0xb
 1379 001a 03       		.uleb128 0x3
 1380 001b 0E       		.uleb128 0xe
 1381 001c 00       		.byte	0
 1382 001d 00       		.byte	0
 1383 001e 03       		.uleb128 0x3
 1384 001f 16       		.uleb128 0x16
 1385 0020 00       		.byte	0
 1386 0021 03       		.uleb128 0x3
 1387 0022 0E       		.uleb128 0xe
 1388 0023 3A       		.uleb128 0x3a
 1389 0024 0B       		.uleb128 0xb
 1390 0025 3B       		.uleb128 0x3b
 1391 0026 0B       		.uleb128 0xb
 1392 0027 49       		.uleb128 0x49
 1393 0028 13       		.uleb128 0x13
 1394 0029 00       		.byte	0
 1395 002a 00       		.byte	0
 1396 002b 04       		.uleb128 0x4
 1397 002c 24       		.uleb128 0x24
 1398 002d 00       		.byte	0
 1399 002e 0B       		.uleb128 0xb
 1400 002f 0B       		.uleb128 0xb
 1401 0030 3E       		.uleb128 0x3e
 1402 0031 0B       		.uleb128 0xb
 1403 0032 03       		.uleb128 0x3
 1404 0033 08       		.uleb128 0x8
 1405 0034 00       		.byte	0
 1406 0035 00       		.byte	0
 1407 0036 05       		.uleb128 0x5
 1408 0037 16       		.uleb128 0x16
 1409 0038 00       		.byte	0
 1410 0039 03       		.uleb128 0x3
 1411 003a 0E       		.uleb128 0xe
 1412 003b 3A       		.uleb128 0x3a
 1413 003c 0B       		.uleb128 0xb
 1414 003d 3B       		.uleb128 0x3b
 1415 003e 05       		.uleb128 0x5
 1416 003f 49       		.uleb128 0x49
 1417 0040 13       		.uleb128 0x13
 1418 0041 00       		.byte	0
 1419 0042 00       		.byte	0
 1420 0043 06       		.uleb128 0x6
 1421 0044 35       		.uleb128 0x35
 1422 0045 00       		.byte	0
 1423 0046 49       		.uleb128 0x49
 1424 0047 13       		.uleb128 0x13
 1425 0048 00       		.byte	0
 1426 0049 00       		.byte	0
 1427 004a 07       		.uleb128 0x7
 1428 004b 0F       		.uleb128 0xf
 1429 004c 00       		.byte	0
ARM GAS  C:\Users\megan\AppData\Local\Temp\ccxLMs0j.s 			page 30


 1430 004d 0B       		.uleb128 0xb
 1431 004e 0B       		.uleb128 0xb
 1432 004f 00       		.byte	0
 1433 0050 00       		.byte	0
 1434 0051 08       		.uleb128 0x8
 1435 0052 01       		.uleb128 0x1
 1436 0053 01       		.byte	0x1
 1437 0054 49       		.uleb128 0x49
 1438 0055 13       		.uleb128 0x13
 1439 0056 01       		.uleb128 0x1
 1440 0057 13       		.uleb128 0x13
 1441 0058 00       		.byte	0
 1442 0059 00       		.byte	0
 1443 005a 09       		.uleb128 0x9
 1444 005b 21       		.uleb128 0x21
 1445 005c 00       		.byte	0
 1446 005d 49       		.uleb128 0x49
 1447 005e 13       		.uleb128 0x13
 1448 005f 2F       		.uleb128 0x2f
 1449 0060 0B       		.uleb128 0xb
 1450 0061 00       		.byte	0
 1451 0062 00       		.byte	0
 1452 0063 0A       		.uleb128 0xa
 1453 0064 04       		.uleb128 0x4
 1454 0065 01       		.byte	0x1
 1455 0066 0B       		.uleb128 0xb
 1456 0067 0B       		.uleb128 0xb
 1457 0068 49       		.uleb128 0x49
 1458 0069 13       		.uleb128 0x13
 1459 006a 3A       		.uleb128 0x3a
 1460 006b 0B       		.uleb128 0xb
 1461 006c 3B       		.uleb128 0x3b
 1462 006d 05       		.uleb128 0x5
 1463 006e 01       		.uleb128 0x1
 1464 006f 13       		.uleb128 0x13
 1465 0070 00       		.byte	0
 1466 0071 00       		.byte	0
 1467 0072 0B       		.uleb128 0xb
 1468 0073 28       		.uleb128 0x28
 1469 0074 00       		.byte	0
 1470 0075 03       		.uleb128 0x3
 1471 0076 0E       		.uleb128 0xe
 1472 0077 1C       		.uleb128 0x1c
 1473 0078 0B       		.uleb128 0xb
 1474 0079 00       		.byte	0
 1475 007a 00       		.byte	0
 1476 007b 0C       		.uleb128 0xc
 1477 007c 28       		.uleb128 0x28
 1478 007d 00       		.byte	0
 1479 007e 03       		.uleb128 0x3
 1480 007f 0E       		.uleb128 0xe
 1481 0080 1C       		.uleb128 0x1c
 1482 0081 05       		.uleb128 0x5
 1483 0082 00       		.byte	0
 1484 0083 00       		.byte	0
 1485 0084 0D       		.uleb128 0xd
 1486 0085 04       		.uleb128 0x4
ARM GAS  C:\Users\megan\AppData\Local\Temp\ccxLMs0j.s 			page 31


 1487 0086 01       		.byte	0x1
 1488 0087 03       		.uleb128 0x3
 1489 0088 0E       		.uleb128 0xe
 1490 0089 0B       		.uleb128 0xb
 1491 008a 0B       		.uleb128 0xb
 1492 008b 49       		.uleb128 0x49
 1493 008c 13       		.uleb128 0x13
 1494 008d 3A       		.uleb128 0x3a
 1495 008e 0B       		.uleb128 0xb
 1496 008f 3B       		.uleb128 0x3b
 1497 0090 0B       		.uleb128 0xb
 1498 0091 01       		.uleb128 0x1
 1499 0092 13       		.uleb128 0x13
 1500 0093 00       		.byte	0
 1501 0094 00       		.byte	0
 1502 0095 0E       		.uleb128 0xe
 1503 0096 04       		.uleb128 0x4
 1504 0097 01       		.byte	0x1
 1505 0098 0B       		.uleb128 0xb
 1506 0099 0B       		.uleb128 0xb
 1507 009a 49       		.uleb128 0x49
 1508 009b 13       		.uleb128 0x13
 1509 009c 3A       		.uleb128 0x3a
 1510 009d 0B       		.uleb128 0xb
 1511 009e 3B       		.uleb128 0x3b
 1512 009f 0B       		.uleb128 0xb
 1513 00a0 01       		.uleb128 0x1
 1514 00a1 13       		.uleb128 0x13
 1515 00a2 00       		.byte	0
 1516 00a3 00       		.byte	0
 1517 00a4 0F       		.uleb128 0xf
 1518 00a5 2E       		.uleb128 0x2e
 1519 00a6 01       		.byte	0x1
 1520 00a7 3F       		.uleb128 0x3f
 1521 00a8 19       		.uleb128 0x19
 1522 00a9 03       		.uleb128 0x3
 1523 00aa 0E       		.uleb128 0xe
 1524 00ab 3A       		.uleb128 0x3a
 1525 00ac 0B       		.uleb128 0xb
 1526 00ad 3B       		.uleb128 0x3b
 1527 00ae 0B       		.uleb128 0xb
 1528 00af 49       		.uleb128 0x49
 1529 00b0 13       		.uleb128 0x13
 1530 00b1 11       		.uleb128 0x11
 1531 00b2 01       		.uleb128 0x1
 1532 00b3 12       		.uleb128 0x12
 1533 00b4 06       		.uleb128 0x6
 1534 00b5 40       		.uleb128 0x40
 1535 00b6 18       		.uleb128 0x18
 1536 00b7 9642     		.uleb128 0x2116
 1537 00b9 19       		.uleb128 0x19
 1538 00ba 01       		.uleb128 0x1
 1539 00bb 13       		.uleb128 0x13
 1540 00bc 00       		.byte	0
 1541 00bd 00       		.byte	0
 1542 00be 10       		.uleb128 0x10
 1543 00bf 34       		.uleb128 0x34
ARM GAS  C:\Users\megan\AppData\Local\Temp\ccxLMs0j.s 			page 32


 1544 00c0 00       		.byte	0
 1545 00c1 03       		.uleb128 0x3
 1546 00c2 0E       		.uleb128 0xe
 1547 00c3 3A       		.uleb128 0x3a
 1548 00c4 0B       		.uleb128 0xb
 1549 00c5 3B       		.uleb128 0x3b
 1550 00c6 0B       		.uleb128 0xb
 1551 00c7 49       		.uleb128 0x49
 1552 00c8 13       		.uleb128 0x13
 1553 00c9 02       		.uleb128 0x2
 1554 00ca 18       		.uleb128 0x18
 1555 00cb 00       		.byte	0
 1556 00cc 00       		.byte	0
 1557 00cd 11       		.uleb128 0x11
 1558 00ce 34       		.uleb128 0x34
 1559 00cf 00       		.byte	0
 1560 00d0 03       		.uleb128 0x3
 1561 00d1 08       		.uleb128 0x8
 1562 00d2 3A       		.uleb128 0x3a
 1563 00d3 0B       		.uleb128 0xb
 1564 00d4 3B       		.uleb128 0x3b
 1565 00d5 0B       		.uleb128 0xb
 1566 00d6 49       		.uleb128 0x49
 1567 00d7 13       		.uleb128 0x13
 1568 00d8 02       		.uleb128 0x2
 1569 00d9 18       		.uleb128 0x18
 1570 00da 00       		.byte	0
 1571 00db 00       		.byte	0
 1572 00dc 12       		.uleb128 0x12
 1573 00dd 0B       		.uleb128 0xb
 1574 00de 01       		.byte	0x1
 1575 00df 11       		.uleb128 0x11
 1576 00e0 01       		.uleb128 0x1
 1577 00e1 12       		.uleb128 0x12
 1578 00e2 06       		.uleb128 0x6
 1579 00e3 00       		.byte	0
 1580 00e4 00       		.byte	0
 1581 00e5 13       		.uleb128 0x13
 1582 00e6 2E       		.uleb128 0x2e
 1583 00e7 01       		.byte	0x1
 1584 00e8 3F       		.uleb128 0x3f
 1585 00e9 19       		.uleb128 0x19
 1586 00ea 03       		.uleb128 0x3
 1587 00eb 0E       		.uleb128 0xe
 1588 00ec 3A       		.uleb128 0x3a
 1589 00ed 0B       		.uleb128 0xb
 1590 00ee 3B       		.uleb128 0x3b
 1591 00ef 0B       		.uleb128 0xb
 1592 00f0 27       		.uleb128 0x27
 1593 00f1 19       		.uleb128 0x19
 1594 00f2 11       		.uleb128 0x11
 1595 00f3 01       		.uleb128 0x1
 1596 00f4 12       		.uleb128 0x12
 1597 00f5 06       		.uleb128 0x6
 1598 00f6 40       		.uleb128 0x40
 1599 00f7 18       		.uleb128 0x18
 1600 00f8 9742     		.uleb128 0x2117
ARM GAS  C:\Users\megan\AppData\Local\Temp\ccxLMs0j.s 			page 33


 1601 00fa 19       		.uleb128 0x19
 1602 00fb 01       		.uleb128 0x1
 1603 00fc 13       		.uleb128 0x13
 1604 00fd 00       		.byte	0
 1605 00fe 00       		.byte	0
 1606 00ff 14       		.uleb128 0x14
 1607 0100 05       		.uleb128 0x5
 1608 0101 00       		.byte	0
 1609 0102 03       		.uleb128 0x3
 1610 0103 0E       		.uleb128 0xe
 1611 0104 3A       		.uleb128 0x3a
 1612 0105 0B       		.uleb128 0xb
 1613 0106 3B       		.uleb128 0x3b
 1614 0107 0B       		.uleb128 0xb
 1615 0108 49       		.uleb128 0x49
 1616 0109 13       		.uleb128 0x13
 1617 010a 02       		.uleb128 0x2
 1618 010b 18       		.uleb128 0x18
 1619 010c 00       		.byte	0
 1620 010d 00       		.byte	0
 1621 010e 15       		.uleb128 0x15
 1622 010f 34       		.uleb128 0x34
 1623 0110 00       		.byte	0
 1624 0111 03       		.uleb128 0x3
 1625 0112 08       		.uleb128 0x8
 1626 0113 3A       		.uleb128 0x3a
 1627 0114 0B       		.uleb128 0xb
 1628 0115 3B       		.uleb128 0x3b
 1629 0116 0B       		.uleb128 0xb
 1630 0117 49       		.uleb128 0x49
 1631 0118 13       		.uleb128 0x13
 1632 0119 3F       		.uleb128 0x3f
 1633 011a 19       		.uleb128 0x19
 1634 011b 02       		.uleb128 0x2
 1635 011c 18       		.uleb128 0x18
 1636 011d 00       		.byte	0
 1637 011e 00       		.byte	0
 1638 011f 16       		.uleb128 0x16
 1639 0120 34       		.uleb128 0x34
 1640 0121 00       		.byte	0
 1641 0122 03       		.uleb128 0x3
 1642 0123 0E       		.uleb128 0xe
 1643 0124 3A       		.uleb128 0x3a
 1644 0125 0B       		.uleb128 0xb
 1645 0126 3B       		.uleb128 0x3b
 1646 0127 0B       		.uleb128 0xb
 1647 0128 49       		.uleb128 0x49
 1648 0129 13       		.uleb128 0x13
 1649 012a 3F       		.uleb128 0x3f
 1650 012b 19       		.uleb128 0x19
 1651 012c 02       		.uleb128 0x2
 1652 012d 18       		.uleb128 0x18
 1653 012e 00       		.byte	0
 1654 012f 00       		.byte	0
 1655 0130 00       		.byte	0
 1656              		.section	.debug_aranges,"",%progbits
 1657 0000 24000000 		.4byte	0x24
ARM GAS  C:\Users\megan\AppData\Local\Temp\ccxLMs0j.s 			page 34


 1658 0004 0200     		.2byte	0x2
 1659 0006 00000000 		.4byte	.Ldebug_info0
 1660 000a 04       		.byte	0x4
 1661 000b 00       		.byte	0
 1662 000c 0000     		.2byte	0
 1663 000e 0000     		.2byte	0
 1664 0010 00000000 		.4byte	.LFB35
 1665 0014 E8030000 		.4byte	.LFE35-.LFB35
 1666 0018 00000000 		.4byte	.LFB36
 1667 001c 38000000 		.4byte	.LFE36-.LFB36
 1668 0020 00000000 		.4byte	0
 1669 0024 00000000 		.4byte	0
 1670              		.section	.debug_ranges,"",%progbits
 1671              	.Ldebug_ranges0:
 1672 0000 00000000 		.4byte	.LFB35
 1673 0004 E8030000 		.4byte	.LFE35
 1674 0008 00000000 		.4byte	.LFB36
 1675 000c 38000000 		.4byte	.LFE36
 1676 0010 00000000 		.4byte	0
 1677 0014 00000000 		.4byte	0
 1678              		.section	.debug_line,"",%progbits
 1679              	.Ldebug_line0:
 1680 0000 2C020000 		.section	.debug_str,"MS",%progbits,1
 1680      02007501 
 1680      00000201 
 1680      FB0E0D00 
 1680      01010101 
 1681              	.LASF84:
 1682 0000 4359424C 		.ascii	"CYBLE_EVT_L2CAP_CBFC_RX_CREDIT_IND\000"
 1682      455F4556 
 1682      545F4C32 
 1682      4341505F 
 1682      43424643 
 1683              	.LASF25:
 1684 0023 4359424C 		.ascii	"CYBLE_EVT_STACK_BUSY_STATUS\000"
 1684      455F4556 
 1684      545F5354 
 1684      41434B5F 
 1684      42555359 
 1685              	.LASF95:
 1686 003f 4359424C 		.ascii	"CYBLE_ERROR_MEMORY_ALLOCATION_FAILED\000"
 1686      455F4552 
 1686      524F525F 
 1686      4D454D4F 
 1686      52595F41 
 1687              	.LASF37:
 1688 0064 4359424C 		.ascii	"CYBLE_EVT_GAP_CONNECTION_UPDATE_COMPLETE\000"
 1688      455F4556 
 1688      545F4741 
 1688      505F434F 
 1688      4E4E4543 
 1689              	.LASF82:
 1690 008d 4359424C 		.ascii	"CYBLE_EVT_L2CAP_CBFC_DISCONN_CNF\000"
 1690      455F4556 
 1690      545F4C32 
 1690      4341505F 
 1690      43424643 
ARM GAS  C:\Users\megan\AppData\Local\Temp\ccxLMs0j.s 			page 35


 1691              	.LASF116:
 1692 00ae 4359424C 		.ascii	"CYBLE_ERROR_UNSUPPORTED_FEATURE_OR_PARAMETER_VALUE\000"
 1692      455F4552 
 1692      524F525F 
 1692      554E5355 
 1692      50504F52 
 1693              	.LASF42:
 1694 00e1 4359424C 		.ascii	"CYBLE_EVT_GAP_OOB_GENERATED_NOTIFICATION\000"
 1694      455F4556 
 1694      545F4741 
 1694      505F4F4F 
 1694      425F4745 
 1695              	.LASF62:
 1696 010a 4359424C 		.ascii	"CYBLE_EVT_GATTC_READ_MULTI_RSP\000"
 1696      455F4556 
 1696      545F4741 
 1696      5454435F 
 1696      52454144 
 1697              	.LASF3:
 1698 0129 5F5F7569 		.ascii	"__uint8_t\000"
 1698      6E74385F 
 1698      7400
 1699              	.LASF79:
 1700 0133 4359424C 		.ascii	"CYBLE_EVT_L2CAP_CBFC_CONN_IND\000"
 1700      455F4556 
 1700      545F4C32 
 1700      4341505F 
 1700      43424643 
 1701              	.LASF22:
 1702 0151 4359424C 		.ascii	"CYBLE_EVT_TIMEOUT\000"
 1702      455F4556 
 1702      545F5449 
 1702      4D454F55 
 1702      5400
 1703              	.LASF6:
 1704 0163 6C6F6E67 		.ascii	"long int\000"
 1704      20696E74 
 1704      00
 1705              	.LASF115:
 1706 016c 4359424C 		.ascii	"CYBLE_ERROR_HARDWARE_FAILURE\000"
 1706      455F4552 
 1706      524F525F 
 1706      48415244 
 1706      57415245 
 1707              	.LASF105:
 1708 0189 4359424C 		.ascii	"CYBLE_ERROR_L2CAP_PSM_WRONG_ENCODING\000"
 1708      455F4552 
 1708      524F525F 
 1708      4C324341 
 1708      505F5053 
 1709              	.LASF96:
 1710 01ae 4359424C 		.ascii	"CYBLE_ERROR_INSUFFICIENT_RESOURCES\000"
 1710      455F4552 
 1710      524F525F 
 1710      494E5355 
 1710      46464943 
 1711              	.LASF24:
ARM GAS  C:\Users\megan\AppData\Local\Temp\ccxLMs0j.s 			page 36


 1712 01d1 4359424C 		.ascii	"CYBLE_EVT_HCI_STATUS\000"
 1712      455F4556 
 1712      545F4843 
 1712      495F5354 
 1712      41545553 
 1713              	.LASF38:
 1714 01e6 4359424C 		.ascii	"CYBLE_EVT_GAPC_SCAN_START_STOP\000"
 1714      455F4556 
 1714      545F4741 
 1714      50435F53 
 1714      43414E5F 
 1715              	.LASF87:
 1716 0205 4359424C 		.ascii	"CYBLE_EVT_PENDING_FLASH_WRITE\000"
 1716      455F4556 
 1716      545F5045 
 1716      4E44494E 
 1716      475F464C 
 1717              	.LASF145:
 1718 0223 6576656E 		.ascii	"eventCode\000"
 1718      74436F64 
 1718      6500
 1719              	.LASF104:
 1720 022d 4359424C 		.ascii	"CYBLE_ERROR_SEC_FAILED\000"
 1720      455F4552 
 1720      524F525F 
 1720      5345435F 
 1720      4641494C 
 1721              	.LASF35:
 1722 0244 4359424C 		.ascii	"CYBLE_EVT_GAP_DEVICE_DISCONNECTED\000"
 1722      455F4556 
 1722      545F4741 
 1722      505F4445 
 1722      56494345 
 1723              	.LASF36:
 1724 0266 4359424C 		.ascii	"CYBLE_EVT_GAP_ENCRYPT_CHANGE\000"
 1724      455F4556 
 1724      545F4741 
 1724      505F454E 
 1724      43525950 
 1725              	.LASF40:
 1726 0283 4359424C 		.ascii	"CYBLE_EVT_GAP_NUMERIC_COMPARISON_REQUEST\000"
 1726      455F4556 
 1726      545F4741 
 1726      505F4E55 
 1726      4D455249 
 1727              	.LASF8:
 1728 02ac 6C6F6E67 		.ascii	"long long int\000"
 1728      206C6F6E 
 1728      6720696E 
 1728      7400
 1729              	.LASF0:
 1730 02ba 7369676E 		.ascii	"signed char\000"
 1730      65642063 
 1730      68617200 
 1731              	.LASF21:
 1732 02c6 4359424C 		.ascii	"CYBLE_EVT_STACK_ON\000"
 1732      455F4556 
ARM GAS  C:\Users\megan\AppData\Local\Temp\ccxLMs0j.s 			page 37


 1732      545F5354 
 1732      41434B5F 
 1732      4F4E00
 1733              	.LASF112:
 1734 02d9 4359424C 		.ascii	"CYBLE_ERROR_DEVICE_ALREADY_EXISTS\000"
 1734      455F4552 
 1734      524F525F 
 1734      44455649 
 1734      43455F41 
 1735              	.LASF99:
 1736 02fb 4359424C 		.ascii	"CYBLE_ERROR_NO_DEVICE_ENTITY\000"
 1736      455F4552 
 1736      524F525F 
 1736      4E4F5F44 
 1736      45564943 
 1737              	.LASF150:
 1738 0318 5F746578 		.ascii	"_textScale\000"
 1738      74536361 
 1738      6C6500
 1739              	.LASF28:
 1740 0323 4359424C 		.ascii	"CYBLE_EVT_GAP_AUTH_REQ\000"
 1740      455F4556 
 1740      545F4741 
 1740      505F4155 
 1740      54485F52 
 1741              	.LASF60:
 1742 033a 4359424C 		.ascii	"CYBLE_EVT_GATTC_READ_RSP\000"
 1742      455F4556 
 1742      545F4741 
 1742      5454435F 
 1742      52454144 
 1743              	.LASF123:
 1744 0353 4359424C 		.ascii	"CYBLE_ERROR_INVALID_STATE\000"
 1744      455F4552 
 1744      524F525F 
 1744      494E5641 
 1744      4C49445F 
 1745              	.LASF65:
 1746 036d 4359424C 		.ascii	"CYBLE_EVT_GATTS_WRITE_CMD_REQ\000"
 1746      455F4556 
 1746      545F4741 
 1746      5454535F 
 1746      57524954 
 1747              	.LASF33:
 1748 038b 4359424C 		.ascii	"CYBLE_EVT_GAPP_ADVERTISEMENT_START_STOP\000"
 1748      455F4556 
 1748      545F4741 
 1748      50505F41 
 1748      44564552 
 1749              	.LASF110:
 1750 03b3 4359424C 		.ascii	"CYBLE_ERROR_L2CAP_PSM_NOT_IN_RANGE\000"
 1750      455F4552 
 1750      524F525F 
 1750      4C324341 
 1750      505F5053 
 1751              	.LASF136:
 1752 03d6 77656C63 		.ascii	"welcome1\000"
ARM GAS  C:\Users\megan\AppData\Local\Temp\ccxLMs0j.s 			page 38


 1752      6F6D6531 
 1752      00
 1753              	.LASF68:
 1754 03df 4359424C 		.ascii	"CYBLE_EVT_GATTC_EXEC_WRITE_RSP\000"
 1754      455F4556 
 1754      545F4741 
 1754      5454435F 
 1754      45584543 
 1755              	.LASF138:
 1756 03fe 77656C63 		.ascii	"welcome3\000"
 1756      6F6D6533 
 1756      00
 1757              	.LASF15:
 1758 0407 646F7562 		.ascii	"double\000"
 1758      6C6500
 1759              	.LASF129:
 1760 040e 4359424C 		.ascii	"CYBLE_SRVI_CUSTOMS_END\000"
 1760      455F5352 
 1760      56495F43 
 1760      5553544F 
 1760      4D535F45 
 1761              	.LASF93:
 1762 0425 4359424C 		.ascii	"CYBLE_ERROR_INVALID_PARAMETER\000"
 1762      455F4552 
 1762      524F525F 
 1762      494E5641 
 1762      4C49445F 
 1763              	.LASF13:
 1764 0443 75696E74 		.ascii	"uint32\000"
 1764      333200
 1765              	.LASF91:
 1766 044a 4359424C 		.ascii	"CYBLE_EVT_MAX\000"
 1766      455F4556 
 1766      545F4D41 
 1766      5800
 1767              	.LASF92:
 1768 0458 4359424C 		.ascii	"CYBLE_ERROR_OK\000"
 1768      455F4552 
 1768      524F525F 
 1768      4F4B00
 1769              	.LASF51:
 1770 0467 4359424C 		.ascii	"CYBLE_EVT_GATTC_ERROR_RSP\000"
 1770      455F4556 
 1770      545F4741 
 1770      5454435F 
 1770      4552524F 
 1771              	.LASF76:
 1772 0481 4359424C 		.ascii	"CYBLE_EVT_L2CAP_CONN_PARAM_UPDATE_REQ\000"
 1772      455F4556 
 1772      545F4C32 
 1772      4341505F 
 1772      434F4E4E 
 1773              	.LASF86:
 1774 04a7 4359424C 		.ascii	"CYBLE_EVT_L2CAP_CBFC_DATA_WRITE_IND\000"
 1774      455F4556 
 1774      545F4C32 
 1774      4341505F 
ARM GAS  C:\Users\megan\AppData\Local\Temp\ccxLMs0j.s 			page 39


 1774      43424643 
 1775              	.LASF139:
 1776 04cb 77616974 		.ascii	"waiting\000"
 1776      696E6700 
 1777              	.LASF48:
 1778 04d3 4359424C 		.ascii	"CYBLE_EVT_GAP_SCAN_REQ_RECVD\000"
 1778      455F4556 
 1778      545F4741 
 1778      505F5343 
 1778      414E5F52 
 1779              	.LASF9:
 1780 04f0 6C6F6E67 		.ascii	"long long unsigned int\000"
 1780      206C6F6E 
 1780      6720756E 
 1780      7369676E 
 1780      65642069 
 1781              	.LASF73:
 1782 0507 4359424C 		.ascii	"CYBLE_EVT_GATTC_STOP_CMD_COMPLETE\000"
 1782      455F4556 
 1782      545F4741 
 1782      5454435F 
 1782      53544F50 
 1783              	.LASF97:
 1784 0529 4359424C 		.ascii	"CYBLE_ERROR_OOB_NOT_AVAILABLE\000"
 1784      455F4552 
 1784      524F525F 
 1784      4F4F425F 
 1784      4E4F545F 
 1785              	.LASF88:
 1786 0547 4359424C 		.ascii	"CYBLE_EVT_LE_PING_AUTH_TIMEOUT\000"
 1786      455F4556 
 1786      545F4C45 
 1786      5F50494E 
 1786      475F4155 
 1787              	.LASF12:
 1788 0566 75696E74 		.ascii	"uint16_t\000"
 1788      31365F74 
 1788      00
 1789              	.LASF106:
 1790 056f 4359424C 		.ascii	"CYBLE_ERROR_L2CAP_PSM_ALREADY_REGISTERED\000"
 1790      455F4552 
 1790      524F525F 
 1790      4C324341 
 1790      505F5053 
 1791              	.LASF7:
 1792 0598 6C6F6E67 		.ascii	"long unsigned int\000"
 1792      20756E73 
 1792      69676E65 
 1792      6420696E 
 1792      7400
 1793              	.LASF47:
 1794 05aa 4359424C 		.ascii	"CYBLE_EVT_GAP_CONN_ESTB\000"
 1794      455F4556 
 1794      545F4741 
 1794      505F434F 
 1794      4E4E5F45 
 1795              	.LASF63:
ARM GAS  C:\Users\megan\AppData\Local\Temp\ccxLMs0j.s 			page 40


 1796 05c2 4359424C 		.ascii	"CYBLE_EVT_GATTS_WRITE_REQ\000"
 1796      455F4556 
 1796      545F4741 
 1796      5454535F 
 1796      57524954 
 1797              	.LASF55:
 1798 05dc 4359424C 		.ascii	"CYBLE_EVT_GATTC_XCHNG_MTU_RSP\000"
 1798      455F4556 
 1798      545F4741 
 1798      5454435F 
 1798      5843484E 
 1799              	.LASF72:
 1800 05fa 4359424C 		.ascii	"CYBLE_EVT_GATTS_DATA_SIGNED_CMD_REQ\000"
 1800      455F4556 
 1800      545F4741 
 1800      5454535F 
 1800      44415441 
 1801              	.LASF148:
 1802 061e 5F776964 		.ascii	"_width\000"
 1802      746800
 1803              	.LASF75:
 1804 0625 4359424C 		.ascii	"CYBLE_EVT_GATTC_LONG_PROCEDURE_END\000"
 1804      455F4556 
 1804      545F4741 
 1804      5454435F 
 1804      4C4F4E47 
 1805              	.LASF109:
 1806 0648 4359424C 		.ascii	"CYBLE_ERROR_L2CAP_CHANNEL_NOT_FOUND\000"
 1806      455F4552 
 1806      524F525F 
 1806      4C324341 
 1806      505F4348 
 1807              	.LASF120:
 1808 066c 4359424C 		.ascii	"CYBLE_ERROR_NTF_DISABLED\000"
 1808      455F4552 
 1808      524F525F 
 1808      4E54465F 
 1808      44495341 
 1809              	.LASF20:
 1810 0685 4359424C 		.ascii	"CYBLE_EVT_HOST_INVALID\000"
 1810      455F4556 
 1810      545F484F 
 1810      53545F49 
 1810      4E56414C 
 1811              	.LASF58:
 1812 069c 4359424C 		.ascii	"CYBLE_EVT_GATTC_FIND_INFO_RSP\000"
 1812      455F4556 
 1812      545F4741 
 1812      5454435F 
 1812      46494E44 
 1813              	.LASF26:
 1814 06ba 4359424C 		.ascii	"CYBLE_EVT_MEMORY_REQUEST\000"
 1814      455F4556 
 1814      545F4D45 
 1814      4D4F5259 
 1814      5F524551 
 1815              	.LASF67:
ARM GAS  C:\Users\megan\AppData\Local\Temp\ccxLMs0j.s 			page 41


 1816 06d3 4359424C 		.ascii	"CYBLE_EVT_GATTS_EXEC_WRITE_REQ\000"
 1816      455F4556 
 1816      545F4741 
 1816      5454535F 
 1816      45584543 
 1817              	.LASF83:
 1818 06f2 4359424C 		.ascii	"CYBLE_EVT_L2CAP_CBFC_DATA_READ\000"
 1818      455F4556 
 1818      545F4C32 
 1818      4341505F 
 1818      43424643 
 1819              	.LASF29:
 1820 0711 4359424C 		.ascii	"CYBLE_EVT_GAP_PASSKEY_ENTRY_REQUEST\000"
 1820      455F4556 
 1820      545F4741 
 1820      505F5041 
 1820      53534B45 
 1821              	.LASF34:
 1822 0735 4359424C 		.ascii	"CYBLE_EVT_GAP_DEVICE_CONNECTED\000"
 1822      455F4556 
 1822      545F4741 
 1822      505F4445 
 1822      56494345 
 1823              	.LASF153:
 1824 0754 6D61696E 		.ascii	"main.c\000"
 1824      2E6300
 1825              	.LASF49:
 1826 075b 4359424C 		.ascii	"CYBLE_EVT_GAP_AUTH_REQ_REPLY_ERR\000"
 1826      455F4556 
 1826      545F4741 
 1826      505F4155 
 1826      54485F52 
 1827              	.LASF135:
 1828 077c 626F6F6C 		.ascii	"bool\000"
 1828      00
 1829              	.LASF152:
 1830 0781 474E5520 		.ascii	"GNU C11 5.4.1 20160609 (release) [ARM/embedded-5-br"
 1830      43313120 
 1830      352E342E 
 1830      31203230 
 1830      31363036 
 1831 07b4 616E6368 		.ascii	"anch revision 237715] -mcpu=cortex-m0 -mthumb -g -O"
 1831      20726576 
 1831      6973696F 
 1831      6E203233 
 1831      37373135 
 1832 07e7 30202D66 		.ascii	"0 -ffunction-sections -ffat-lto-objects\000"
 1832      66756E63 
 1832      74696F6E 
 1832      2D736563 
 1832      74696F6E 
 1833              	.LASF52:
 1834 080f 4359424C 		.ascii	"CYBLE_EVT_GATT_CONNECT_IND\000"
 1834      455F4556 
 1834      545F4741 
 1834      54545F43 
 1834      4F4E4E45 
ARM GAS  C:\Users\megan\AppData\Local\Temp\ccxLMs0j.s 			page 42


 1835              	.LASF137:
 1836 082a 77656C63 		.ascii	"welcome2\000"
 1836      6F6D6532 
 1836      00
 1837              	.LASF78:
 1838 0833 4359424C 		.ascii	"CYBLE_EVT_L2CAP_COMMAND_REJ\000"
 1838      455F4556 
 1838      545F4C32 
 1838      4341505F 
 1838      434F4D4D 
 1839              	.LASF132:
 1840 084f 52413838 		.ascii	"RA8875_800x480\000"
 1840      37355F38 
 1840      30307834 
 1840      383000
 1841              	.LASF17:
 1842 085e 72656733 		.ascii	"reg32\000"
 1842      3200
 1843              	.LASF27:
 1844 0864 4359424C 		.ascii	"CYBLE_EVT_GAPC_SCAN_PROGRESS_RESULT\000"
 1844      455F4556 
 1844      545F4741 
 1844      50435F53 
 1844      43414E5F 
 1845              	.LASF50:
 1846 0888 4359424C 		.ascii	"CYBLE_EVT_GAP_SMP_LOC_P256_KEYS_GEN_AND_SET_COMPLET"
 1846      455F4556 
 1846      545F4741 
 1846      505F534D 
 1846      505F4C4F 
 1847 08bb 4500     		.ascii	"E\000"
 1848              	.LASF119:
 1849 08bd 4359424C 		.ascii	"CYBLE_ERROR_MAX\000"
 1849      455F4552 
 1849      524F525F 
 1849      4D415800 
 1850              	.LASF117:
 1851 08cd 4359424C 		.ascii	"CYBLE_ERROR_FLASH_WRITE\000"
 1851      455F4552 
 1851      524F525F 
 1851      464C4153 
 1851      485F5752 
 1852              	.LASF57:
 1853 08e5 4359424C 		.ascii	"CYBLE_EVT_GATTC_READ_BY_TYPE_RSP\000"
 1853      455F4556 
 1853      545F4741 
 1853      5454435F 
 1853      52454144 
 1854              	.LASF19:
 1855 0906 73697A65 		.ascii	"sizetype\000"
 1855      74797065 
 1855      00
 1856              	.LASF32:
 1857 090f 4359424C 		.ascii	"CYBLE_EVT_GAP_AUTH_FAILED\000"
 1857      455F4556 
 1857      545F4741 
 1857      505F4155 
ARM GAS  C:\Users\megan\AppData\Local\Temp\ccxLMs0j.s 			page 43


 1857      54485F46 
 1858              	.LASF64:
 1859 0929 4359424C 		.ascii	"CYBLE_EVT_GATTC_WRITE_RSP\000"
 1859      455F4556 
 1859      545F4741 
 1859      5454435F 
 1859      57524954 
 1860              	.LASF45:
 1861 0943 4359424C 		.ascii	"CYBLE_EVT_GAPC_DIRECT_ADV_REPORT\000"
 1861      455F4556 
 1861      545F4741 
 1861      50435F44 
 1861      49524543 
 1862              	.LASF43:
 1863 0964 4359424C 		.ascii	"CYBLE_EVT_GAP_DATA_LENGTH_CHANGE\000"
 1863      455F4556 
 1863      545F4741 
 1863      505F4441 
 1863      54415F4C 
 1864              	.LASF31:
 1865 0985 4359424C 		.ascii	"CYBLE_EVT_GAP_AUTH_COMPLETE\000"
 1865      455F4556 
 1865      545F4741 
 1865      505F4155 
 1865      54485F43 
 1866              	.LASF142:
 1867 09a1 61706952 		.ascii	"apiResult\000"
 1867      6573756C 
 1867      7400
 1868              	.LASF125:
 1869 09ab 4359424C 		.ascii	"CYBLE_API_RESULT_T\000"
 1869      455F4150 
 1869      495F5245 
 1869      53554C54 
 1869      5F5400
 1870              	.LASF69:
 1871 09be 4359424C 		.ascii	"CYBLE_EVT_GATTC_HANDLE_VALUE_NTF\000"
 1871      455F4556 
 1871      545F4741 
 1871      5454435F 
 1871      48414E44 
 1872              	.LASF121:
 1873 09df 4359424C 		.ascii	"CYBLE_ERROR_IND_DISABLED\000"
 1873      455F4552 
 1873      524F525F 
 1873      494E445F 
 1873      44495341 
 1874              	.LASF80:
 1875 09f8 4359424C 		.ascii	"CYBLE_EVT_L2CAP_CBFC_CONN_CNF\000"
 1875      455F4556 
 1875      545F4C32 
 1875      4341505F 
 1875      43424643 
 1876              	.LASF56:
 1877 0a16 4359424C 		.ascii	"CYBLE_EVT_GATTC_READ_BY_GROUP_TYPE_RSP\000"
 1877      455F4556 
 1877      545F4741 
ARM GAS  C:\Users\megan\AppData\Local\Temp\ccxLMs0j.s 			page 44


 1877      5454435F 
 1877      52454144 
 1878              	.LASF14:
 1879 0a3d 666C6F61 		.ascii	"float\000"
 1879      7400
 1880              	.LASF71:
 1881 0a43 4359424C 		.ascii	"CYBLE_EVT_GATTS_HANDLE_VALUE_CNF\000"
 1881      455F4556 
 1881      545F4741 
 1881      5454535F 
 1881      48414E44 
 1882              	.LASF127:
 1883 0a64 4359424C 		.ascii	"CYBLE_SRVI_GATT\000"
 1883      455F5352 
 1883      56495F47 
 1883      41545400 
 1884              	.LASF102:
 1885 0a74 4359424C 		.ascii	"CYBLE_ERROR_TX_POWER_READ\000"
 1885      455F4552 
 1885      524F525F 
 1885      54585F50 
 1885      4F574552 
 1886              	.LASF122:
 1887 0a8e 4359424C 		.ascii	"CYBLE_ERROR_CHAR_IS_NOT_DISCOVERED\000"
 1887      455F4552 
 1887      524F525F 
 1887      43484152 
 1887      5F49535F 
 1888              	.LASF1:
 1889 0ab1 756E7369 		.ascii	"unsigned char\000"
 1889      676E6564 
 1889      20636861 
 1889      7200
 1890              	.LASF41:
 1891 0abf 4359424C 		.ascii	"CYBLE_EVT_GAP_KEYPRESS_NOTIFICATION\000"
 1891      455F4556 
 1891      545F4741 
 1891      505F4B45 
 1891      59505245 
 1892              	.LASF2:
 1893 0ae3 73686F72 		.ascii	"short int\000"
 1893      7420696E 
 1893      7400
 1894              	.LASF70:
 1895 0aed 4359424C 		.ascii	"CYBLE_EVT_GATTC_HANDLE_VALUE_IND\000"
 1895      455F4556 
 1895      545F4741 
 1895      5454435F 
 1895      48414E44 
 1896              	.LASF133:
 1897 0b0e 66616C73 		.ascii	"false\000"
 1897      6500
 1898              	.LASF89:
 1899 0b14 4359424C 		.ascii	"CYBLE_EVT_HCI_PKT\000"
 1899      455F4556 
 1899      545F4843 
 1899      495F504B 
ARM GAS  C:\Users\megan\AppData\Local\Temp\ccxLMs0j.s 			page 45


 1899      5400
 1900              	.LASF98:
 1901 0b26 4359424C 		.ascii	"CYBLE_ERROR_NO_CONNECTION\000"
 1901      455F4552 
 1901      524F525F 
 1901      4E4F5F43 
 1901      4F4E4E45 
 1902              	.LASF66:
 1903 0b40 4359424C 		.ascii	"CYBLE_EVT_GATTS_PREP_WRITE_REQ\000"
 1903      455F4556 
 1903      545F4741 
 1903      5454535F 
 1903      50524550 
 1904              	.LASF100:
 1905 0b5f 4359424C 		.ascii	"CYBLE_ERROR_REPEATED_ATTEMPTS\000"
 1905      455F4552 
 1905      524F525F 
 1905      52455045 
 1905      41544544 
 1906              	.LASF46:
 1907 0b7d 4359424C 		.ascii	"CYBLE_EVT_GAP_SMP_NEGOTIATED_AUTH_INFO\000"
 1907      455F4556 
 1907      545F4741 
 1907      505F534D 
 1907      505F4E45 
 1908              	.LASF130:
 1909 0ba4 4359424C 		.ascii	"CYBLE_SRVI_COUNT\000"
 1909      455F5352 
 1909      56495F43 
 1909      4F554E54 
 1909      00
 1910              	.LASF154:
 1911 0bb5 433A5C55 		.ascii	"C:\\Users\\megan\\Google Drive\\College\\S10 - Fall"
 1911      73657273 
 1911      5C6D6567 
 1911      616E5C47 
 1911      6F6F676C 
 1912 0be3 20323031 		.ascii	" 2017\\ECEN 4350 - Embedded uC Design\\Github\\ECEN"
 1912      375C4543 
 1912      454E2034 
 1912      33353020 
 1912      2D20456D 
 1913 0c13 34333530 		.ascii	"4350-EmbeddedMicrocontrollerDesign\\BinMonitorPart1"
 1913      2D456D62 
 1913      65646465 
 1913      644D6963 
 1913      726F636F 
 1914 0c45 5C42696E 		.ascii	"\\BinMonitorPart1\\BinMonitorPart1.cydsn\000"
 1914      4D6F6E69 
 1914      746F7250 
 1914      61727431 
 1914      5C42696E 
 1915              	.LASF124:
 1916 0c6c 4359424C 		.ascii	"CYBLE_ERROR_STACK_BUSY\000"
 1916      455F4552 
 1916      524F525F 
 1916      53544143 
ARM GAS  C:\Users\megan\AppData\Local\Temp\ccxLMs0j.s 			page 46


 1916      4B5F4255 
 1917              	.LASF18:
 1918 0c83 6C6F6E67 		.ascii	"long double\000"
 1918      20646F75 
 1918      626C6500 
 1919              	.LASF16:
 1920 0c8f 63686172 		.ascii	"char\000"
 1920      00
 1921              	.LASF103:
 1922 0c94 4359424C 		.ascii	"CYBLE_ERROR_BT_ON_NOT_COMPLETED\000"
 1922      455F4552 
 1922      524F525F 
 1922      42545F4F 
 1922      4E5F4E4F 
 1923              	.LASF128:
 1924 0cb4 4359424C 		.ascii	"CYBLE_SRVI_CUSTOMS\000"
 1924      455F5352 
 1924      56495F43 
 1924      5553544F 
 1924      4D5300
 1925              	.LASF131:
 1926 0cc7 52413838 		.ascii	"RA8875_480x272\000"
 1926      37355F34 
 1926      38307832 
 1926      373200
 1927              	.LASF147:
 1928 0cd6 5F727374 		.ascii	"_rst\000"
 1928      00
 1929              	.LASF151:
 1930 0cdb 5F73697A 		.ascii	"_size\000"
 1930      6500
 1931              	.LASF10:
 1932 0ce1 756E7369 		.ascii	"unsigned int\000"
 1932      676E6564 
 1932      20696E74 
 1932      00
 1933              	.LASF4:
 1934 0cee 5F5F7569 		.ascii	"__uint16_t\000"
 1934      6E743136 
 1934      5F7400
 1935              	.LASF74:
 1936 0cf9 4359424C 		.ascii	"CYBLE_EVT_GATTS_READ_CHAR_VAL_ACCESS_REQ\000"
 1936      455F4556 
 1936      545F4741 
 1936      5454535F 
 1936      52454144 
 1937              	.LASF85:
 1938 0d22 4359424C 		.ascii	"CYBLE_EVT_L2CAP_CBFC_TX_CREDIT_IND\000"
 1938      455F4556 
 1938      545F4C32 
 1938      4341505F 
 1938      43424643 
 1939              	.LASF61:
 1940 0d45 4359424C 		.ascii	"CYBLE_EVT_GATTC_READ_BLOB_RSP\000"
 1940      455F4556 
 1940      545F4741 
 1940      5454435F 
ARM GAS  C:\Users\megan\AppData\Local\Temp\ccxLMs0j.s 			page 47


 1940      52454144 
 1941              	.LASF113:
 1942 0d63 4359424C 		.ascii	"CYBLE_ERROR_FLASH_WRITE_NOT_PERMITED\000"
 1942      455F4552 
 1942      524F525F 
 1942      464C4153 
 1942      485F5752 
 1943              	.LASF108:
 1944 0d88 4359424C 		.ascii	"CYBLE_ERROR_L2CAP_CONNECTION_ENTITY_NOT_FOUND\000"
 1944      455F4552 
 1944      524F525F 
 1944      4C324341 
 1944      505F434F 
 1945              	.LASF30:
 1946 0db6 4359424C 		.ascii	"CYBLE_EVT_GAP_PASSKEY_DISPLAY_REQUEST\000"
 1946      455F4556 
 1946      545F4741 
 1946      505F5041 
 1946      53534B45 
 1947              	.LASF23:
 1948 0ddc 4359424C 		.ascii	"CYBLE_EVT_HARDWARE_ERROR\000"
 1948      455F4556 
 1948      545F4841 
 1948      52445741 
 1948      52455F45 
 1949              	.LASF5:
 1950 0df5 73686F72 		.ascii	"short unsigned int\000"
 1950      7420756E 
 1950      7369676E 
 1950      65642069 
 1950      6E7400
 1951              	.LASF126:
 1952 0e08 4359424C 		.ascii	"CYBLE_SRVI_GAP\000"
 1952      455F5352 
 1952      56495F47 
 1952      415000
 1953              	.LASF155:
 1954 0e17 52413838 		.ascii	"RA8875sizes\000"
 1954      37357369 
 1954      7A657300 
 1955              	.LASF94:
 1956 0e23 4359424C 		.ascii	"CYBLE_ERROR_INVALID_OPERATION\000"
 1956      455F4552 
 1956      524F525F 
 1956      494E5641 
 1956      4C49445F 
 1957              	.LASF54:
 1958 0e41 4359424C 		.ascii	"CYBLE_EVT_GATTS_XCNHG_MTU_REQ\000"
 1958      455F4556 
 1958      545F4741 
 1958      5454535F 
 1958      58434E48 
 1959              	.LASF146:
 1960 0e5f 6576656E 		.ascii	"eventParam\000"
 1960      74506172 
 1960      616D00
 1961              	.LASF149:
ARM GAS  C:\Users\megan\AppData\Local\Temp\ccxLMs0j.s 			page 48


 1962 0e6a 5F686569 		.ascii	"_height\000"
 1962      67687400 
 1963              	.LASF11:
 1964 0e72 75696E74 		.ascii	"uint8_t\000"
 1964      385F7400 
 1965              	.LASF118:
 1966 0e7a 4359424C 		.ascii	"CYBLE_ERROR_CONTROLLER_BUSY\000"
 1966      455F4552 
 1966      524F525F 
 1966      434F4E54 
 1966      524F4C4C 
 1967              	.LASF144:
 1968 0e96 53746163 		.ascii	"StackEventHandler\000"
 1968      6B457665 
 1968      6E744861 
 1968      6E646C65 
 1968      7200
 1969              	.LASF114:
 1970 0ea8 4359424C 		.ascii	"CYBLE_ERROR_MIC_AUTH_FAILED\000"
 1970      455F4552 
 1970      524F525F 
 1970      4D49435F 
 1970      41555448 
 1971              	.LASF107:
 1972 0ec4 4359424C 		.ascii	"CYBLE_ERROR_L2CAP_PSM_NOT_REGISTERED\000"
 1972      455F4552 
 1972      524F525F 
 1972      4C324341 
 1972      505F5053 
 1973              	.LASF141:
 1974 0ee9 5354525F 		.ascii	"STR_CYBLE_ERROR_OK\000"
 1974      4359424C 
 1974      455F4552 
 1974      524F525F 
 1974      4F4B00
 1975              	.LASF59:
 1976 0efc 4359424C 		.ascii	"CYBLE_EVT_GATTC_FIND_BY_TYPE_VALUE_RSP\000"
 1976      455F4556 
 1976      545F4741 
 1976      5454435F 
 1976      46494E44 
 1977              	.LASF101:
 1978 0f23 4359424C 		.ascii	"CYBLE_ERROR_GAP_ROLE\000"
 1978      455F4552 
 1978      524F525F 
 1978      4741505F 
 1978      524F4C45 
 1979              	.LASF39:
 1980 0f38 4359424C 		.ascii	"CYBLE_EVT_GAP_KEYINFO_EXCHNGE_CMPLT\000"
 1980      455F4556 
 1980      545F4741 
 1980      505F4B45 
 1980      59494E46 
 1981              	.LASF81:
 1982 0f5c 4359424C 		.ascii	"CYBLE_EVT_L2CAP_CBFC_DISCONN_IND\000"
 1982      455F4556 
 1982      545F4C32 
ARM GAS  C:\Users\megan\AppData\Local\Temp\ccxLMs0j.s 			page 49


 1982      4341505F 
 1982      43424643 
 1983              	.LASF77:
 1984 0f7d 4359424C 		.ascii	"CYBLE_EVT_L2CAP_CONN_PARAM_UPDATE_RSP\000"
 1984      455F4556 
 1984      545F4C32 
 1984      4341505F 
 1984      434F4E4E 
 1985              	.LASF140:
 1986 0fa3 424C455F 		.ascii	"BLE_START_ERROR\000"
 1986      53544152 
 1986      545F4552 
 1986      524F5200 
 1987              	.LASF143:
 1988 0fb3 6D61696E 		.ascii	"main\000"
 1988      00
 1989              	.LASF44:
 1990 0fb8 4359424C 		.ascii	"CYBLE_EVT_GAP_ENHANCE_CONN_COMPLETE\000"
 1990      455F4556 
 1990      545F4741 
 1990      505F454E 
 1990      48414E43 
 1991              	.LASF53:
 1992 0fdc 4359424C 		.ascii	"CYBLE_EVT_GATT_DISCONNECT_IND\000"
 1992      455F4556 
 1992      545F4741 
 1992      54545F44 
 1992      4953434F 
 1993              	.LASF111:
 1994 0ffa 4359424C 		.ascii	"CYBLE_ERROR_GATT_DB_INVALID_ATTR_HANDLE\000"
 1994      455F4552 
 1994      524F525F 
 1994      47415454 
 1994      5F44425F 
 1995              	.LASF90:
 1996 1022 4359424C 		.ascii	"CYBLE_EVT_FLASH_CORRUPT\000"
 1996      455F4556 
 1996      545F464C 
 1996      4153485F 
 1996      434F5252 
 1997              	.LASF134:
 1998 103a 74727565 		.ascii	"true\000"
 1998      00
 1999              		.ident	"GCC: (GNU Tools for ARM Embedded Processors) 5.4.1 20160609 (release) [ARM/embedded-5-bran
