ARM GAS  C:\Users\megan\AppData\Local\Temp\cc5kHdPd.s 			page 1


   1              		.syntax unified
   2              		.cpu cortex-m0
   3              		.fpu softvfp
   4              		.eabi_attribute 20, 1
   5              		.eabi_attribute 21, 1
   6              		.eabi_attribute 23, 3
   7              		.eabi_attribute 24, 1
   8              		.eabi_attribute 25, 1
   9              		.eabi_attribute 26, 1
  10              		.eabi_attribute 30, 6
  11              		.eabi_attribute 34, 0
  12              		.eabi_attribute 18, 4
  13              		.thumb
  14              		.syntax unified
  15              		.file	"BLE_1_custom.c"
  16              		.text
  17              	.Ltext0:
  18              		.cfi_sections	.debug_frame
  19              		.global	cyBle_customs
  20              		.section	.rodata
  21              		.align	2
  22              		.type	cyBle_customs, %object
  23              		.size	cyBle_customs, 6
  24              	cyBle_customs:
  25 0000 1000     		.short	16
  26 0002 1200     		.short	18
  27 0004 0000     		.short	0
  28              		.section	.text.CyBle_CustomInit,"ax",%progbits
  29              		.align	2
  30              		.global	CyBle_CustomInit
  31              		.code	16
  32              		.thumb_func
  33              		.type	CyBle_CustomInit, %function
  34              	CyBle_CustomInit:
  35              	.LFB2:
  36              		.file 1 "Generated_Source\\PSoC4\\BLE_1_custom.c"
   1:Generated_Source\PSoC4/BLE_1_custom.c **** /***************************************************************************//**
   2:Generated_Source\PSoC4/BLE_1_custom.c **** * \file CYBLE_custom.c
   3:Generated_Source\PSoC4/BLE_1_custom.c **** * \version 3.30
   4:Generated_Source\PSoC4/BLE_1_custom.c **** * 
   5:Generated_Source\PSoC4/BLE_1_custom.c **** * \brief
   6:Generated_Source\PSoC4/BLE_1_custom.c **** *  Contains the source code for the Custom Service.
   7:Generated_Source\PSoC4/BLE_1_custom.c **** * 
   8:Generated_Source\PSoC4/BLE_1_custom.c **** ********************************************************************************
   9:Generated_Source\PSoC4/BLE_1_custom.c **** * \copyright
  10:Generated_Source\PSoC4/BLE_1_custom.c **** * Copyright 2014-2016, Cypress Semiconductor Corporation.  All rights reserved.
  11:Generated_Source\PSoC4/BLE_1_custom.c **** * You may use this file only in accordance with the license, terms, conditions,
  12:Generated_Source\PSoC4/BLE_1_custom.c **** * disclaimers, and limitations in the end user license agreement accompanying
  13:Generated_Source\PSoC4/BLE_1_custom.c **** * the software package with which this file was provided.
  14:Generated_Source\PSoC4/BLE_1_custom.c **** *******************************************************************************/
  15:Generated_Source\PSoC4/BLE_1_custom.c **** 
  16:Generated_Source\PSoC4/BLE_1_custom.c **** 
  17:Generated_Source\PSoC4/BLE_1_custom.c **** #include "BLE_1_eventHandler.h"
  18:Generated_Source\PSoC4/BLE_1_custom.c **** 
  19:Generated_Source\PSoC4/BLE_1_custom.c **** #ifdef CYBLE_CUSTOM_SERVER
  20:Generated_Source\PSoC4/BLE_1_custom.c **** 
  21:Generated_Source\PSoC4/BLE_1_custom.c **** /* If any custom service with custom characterisctis is defined in the
ARM GAS  C:\Users\megan\AppData\Local\Temp\cc5kHdPd.s 			page 2


  22:Generated_Source\PSoC4/BLE_1_custom.c **** * customizer's GUI their handles will be present in this array.
  23:Generated_Source\PSoC4/BLE_1_custom.c **** */
  24:Generated_Source\PSoC4/BLE_1_custom.c **** /* This array contains attribute handles for the defined Custom Services and their characteristics 
  25:Generated_Source\PSoC4/BLE_1_custom.c ****    The array index definitions are located in the CYBLE_custom.h file. */
  26:Generated_Source\PSoC4/BLE_1_custom.c **** const CYBLE_CUSTOMS_T cyBle_customs[0x01u] = {
  27:Generated_Source\PSoC4/BLE_1_custom.c **** 
  28:Generated_Source\PSoC4/BLE_1_custom.c ****     /* Temperature Service service */
  29:Generated_Source\PSoC4/BLE_1_custom.c ****     {
  30:Generated_Source\PSoC4/BLE_1_custom.c ****         0x0010u, /* Handle of the Temperature Service service */ 
  31:Generated_Source\PSoC4/BLE_1_custom.c ****         {
  32:Generated_Source\PSoC4/BLE_1_custom.c **** 
  33:Generated_Source\PSoC4/BLE_1_custom.c ****             /* Temperature Data characteristic */
  34:Generated_Source\PSoC4/BLE_1_custom.c ****             {
  35:Generated_Source\PSoC4/BLE_1_custom.c ****                 0x0012u, /* Handle of the Temperature Data characteristic */ 
  36:Generated_Source\PSoC4/BLE_1_custom.c ****                 
  37:Generated_Source\PSoC4/BLE_1_custom.c ****                 /* Array of Descriptors handles */
  38:Generated_Source\PSoC4/BLE_1_custom.c ****                 {
  39:Generated_Source\PSoC4/BLE_1_custom.c ****                     CYBLE_GATT_INVALID_ATTR_HANDLE_VALUE, 
  40:Generated_Source\PSoC4/BLE_1_custom.c ****                 }, 
  41:Generated_Source\PSoC4/BLE_1_custom.c ****             },
  42:Generated_Source\PSoC4/BLE_1_custom.c ****         }, 
  43:Generated_Source\PSoC4/BLE_1_custom.c ****     },
  44:Generated_Source\PSoC4/BLE_1_custom.c **** };
  45:Generated_Source\PSoC4/BLE_1_custom.c **** 
  46:Generated_Source\PSoC4/BLE_1_custom.c **** 
  47:Generated_Source\PSoC4/BLE_1_custom.c **** #endif /* (CYBLE_CUSTOM_SERVER) */
  48:Generated_Source\PSoC4/BLE_1_custom.c **** 
  49:Generated_Source\PSoC4/BLE_1_custom.c **** #ifdef CYBLE_CUSTOM_CLIENT
  50:Generated_Source\PSoC4/BLE_1_custom.c ****     
  51:Generated_Source\PSoC4/BLE_1_custom.c **** 
  52:Generated_Source\PSoC4/BLE_1_custom.c **** static uint16 cyBle_customDisServIndex;
  53:Generated_Source\PSoC4/BLE_1_custom.c **** static uint16 cyBle_customDisCharIndex;
  54:Generated_Source\PSoC4/BLE_1_custom.c **** 
  55:Generated_Source\PSoC4/BLE_1_custom.c **** #endif /* (CYBLE_CUSTOM_CLIENT) */
  56:Generated_Source\PSoC4/BLE_1_custom.c **** 
  57:Generated_Source\PSoC4/BLE_1_custom.c **** 
  58:Generated_Source\PSoC4/BLE_1_custom.c **** /****************************************************************************** 
  59:Generated_Source\PSoC4/BLE_1_custom.c **** * Function Name: CyBle_CustomInit
  60:Generated_Source\PSoC4/BLE_1_custom.c **** ***************************************************************************//**
  61:Generated_Source\PSoC4/BLE_1_custom.c **** * 
  62:Generated_Source\PSoC4/BLE_1_custom.c **** *  This function initializes Custom Service.
  63:Generated_Source\PSoC4/BLE_1_custom.c **** * 
  64:Generated_Source\PSoC4/BLE_1_custom.c **** * \return
  65:Generated_Source\PSoC4/BLE_1_custom.c **** *  None
  66:Generated_Source\PSoC4/BLE_1_custom.c **** * 
  67:Generated_Source\PSoC4/BLE_1_custom.c **** ******************************************************************************/
  68:Generated_Source\PSoC4/BLE_1_custom.c **** void CyBle_CustomInit(void)
  69:Generated_Source\PSoC4/BLE_1_custom.c **** {
  37              		.loc 1 69 0
  38              		.cfi_startproc
  39              		@ args = 0, pretend = 0, frame = 0
  40              		@ frame_needed = 1, uses_anonymous_args = 0
  41 0000 80B5     		push	{r7, lr}
  42              		.cfi_def_cfa_offset 8
  43              		.cfi_offset 7, -8
  44              		.cfi_offset 14, -4
  45 0002 00AF     		add	r7, sp, #0
ARM GAS  C:\Users\megan\AppData\Local\Temp\cc5kHdPd.s 			page 3


  46              		.cfi_def_cfa_register 7
  70:Generated_Source\PSoC4/BLE_1_custom.c ****     
  71:Generated_Source\PSoC4/BLE_1_custom.c **** #ifdef CYBLE_CUSTOM_CLIENT
  72:Generated_Source\PSoC4/BLE_1_custom.c **** 
  73:Generated_Source\PSoC4/BLE_1_custom.c ****     uint16 locServIndex;
  74:Generated_Source\PSoC4/BLE_1_custom.c ****     uint16 locCharIndex;
  75:Generated_Source\PSoC4/BLE_1_custom.c ****     uint16 locDescIndex;
  76:Generated_Source\PSoC4/BLE_1_custom.c ****     
  77:Generated_Source\PSoC4/BLE_1_custom.c ****     for(locServIndex = 0u; locServIndex < CYBLE_CUSTOMC_SERVICE_COUNT; locServIndex++)
  78:Generated_Source\PSoC4/BLE_1_custom.c ****     {
  79:Generated_Source\PSoC4/BLE_1_custom.c ****         if(cyBle_serverInfo[CYBLE_SRVI_CUSTOMS + locServIndex].range.startHandle == CYBLE_GATT_INVA
  80:Generated_Source\PSoC4/BLE_1_custom.c ****         {
  81:Generated_Source\PSoC4/BLE_1_custom.c ****             for(locCharIndex = 0u; locCharIndex < cyBle_customCServ[locServIndex].charCount; locCha
  82:Generated_Source\PSoC4/BLE_1_custom.c ****             {
  83:Generated_Source\PSoC4/BLE_1_custom.c ****                 cyBle_customCServ[locServIndex].customServChar[locCharIndex].
  84:Generated_Source\PSoC4/BLE_1_custom.c ****                     customServCharHandle = 0u;
  85:Generated_Source\PSoC4/BLE_1_custom.c ****                 
  86:Generated_Source\PSoC4/BLE_1_custom.c ****                 for(locDescIndex = 0u; locDescIndex < 
  87:Generated_Source\PSoC4/BLE_1_custom.c ****                     cyBle_customCServ[locServIndex].customServChar[locCharIndex].descCount; 
  88:Generated_Source\PSoC4/BLE_1_custom.c ****                         locDescIndex++)
  89:Generated_Source\PSoC4/BLE_1_custom.c ****                 {
  90:Generated_Source\PSoC4/BLE_1_custom.c ****                     cyBle_customCServ[locServIndex].customServChar[locCharIndex].
  91:Generated_Source\PSoC4/BLE_1_custom.c ****                         customServCharDesc[locDescIndex].descHandle = 0u;
  92:Generated_Source\PSoC4/BLE_1_custom.c ****                 }
  93:Generated_Source\PSoC4/BLE_1_custom.c ****             }
  94:Generated_Source\PSoC4/BLE_1_custom.c ****         }
  95:Generated_Source\PSoC4/BLE_1_custom.c ****     }
  96:Generated_Source\PSoC4/BLE_1_custom.c **** 
  97:Generated_Source\PSoC4/BLE_1_custom.c **** #endif /* (CYBLE_CUSTOM_CLIENT) */
  98:Generated_Source\PSoC4/BLE_1_custom.c **** }
  47              		.loc 1 98 0
  48 0004 C046     		nop
  49 0006 BD46     		mov	sp, r7
  50              		@ sp needed
  51 0008 80BD     		pop	{r7, pc}
  52              		.cfi_endproc
  53              	.LFE2:
  54              		.size	CyBle_CustomInit, .-CyBle_CustomInit
  55 000a C046     		.text
  56              	.Letext0:
  57              		.file 2 "Generated_Source\\PSoC4\\cytypes.h"
  58              		.file 3 "Generated_Source\\PSoC4\\BLE_1_StackGatt.h"
  59              		.file 4 "Generated_Source\\PSoC4\\BLE_1_custom.h"
  60              		.file 5 "Generated_Source\\PSoC4\\BLE_1_Stack.h"
  61              		.file 6 "Generated_Source\\PSoC4\\BLE_1_eventHandler.h"
  62              		.section	.debug_info,"",%progbits
  63              	.Ldebug_info0:
  64 0000 35030000 		.4byte	0x335
  65 0004 0400     		.2byte	0x4
  66 0006 00000000 		.4byte	.Ldebug_abbrev0
  67 000a 04       		.byte	0x4
  68 000b 01       		.uleb128 0x1
  69 000c 31040000 		.4byte	.LASF97
  70 0010 0C       		.byte	0xc
  71 0011 50020000 		.4byte	.LASF98
  72 0015 AF070000 		.4byte	.LASF99
  73 0019 00000000 		.4byte	.Ldebug_ranges0+0
ARM GAS  C:\Users\megan\AppData\Local\Temp\cc5kHdPd.s 			page 4


  74 001d 00000000 		.4byte	0
  75 0021 00000000 		.4byte	.Ldebug_line0
  76 0025 02       		.uleb128 0x2
  77 0026 01       		.byte	0x1
  78 0027 06       		.byte	0x6
  79 0028 BC050000 		.4byte	.LASF0
  80 002c 02       		.uleb128 0x2
  81 002d 01       		.byte	0x1
  82 002e 08       		.byte	0x8
  83 002f 43050000 		.4byte	.LASF1
  84 0033 02       		.uleb128 0x2
  85 0034 02       		.byte	0x2
  86 0035 05       		.byte	0x5
  87 0036 B7000000 		.4byte	.LASF2
  88 003a 02       		.uleb128 0x2
  89 003b 02       		.byte	0x2
  90 003c 07       		.byte	0x7
  91 003d 9C070000 		.4byte	.LASF3
  92 0041 02       		.uleb128 0x2
  93 0042 04       		.byte	0x4
  94 0043 05       		.byte	0x5
  95 0044 4D030000 		.4byte	.LASF4
  96 0048 02       		.uleb128 0x2
  97 0049 04       		.byte	0x4
  98 004a 07       		.byte	0x7
  99 004b 4D060000 		.4byte	.LASF5
 100 004f 02       		.uleb128 0x2
 101 0050 08       		.byte	0x8
 102 0051 05       		.byte	0x5
 103 0052 23010000 		.4byte	.LASF6
 104 0056 02       		.uleb128 0x2
 105 0057 08       		.byte	0x8
 106 0058 07       		.byte	0x7
 107 0059 00030000 		.4byte	.LASF7
 108 005d 03       		.uleb128 0x3
 109 005e 04       		.byte	0x4
 110 005f 05       		.byte	0x5
 111 0060 696E7400 		.ascii	"int\000"
 112 0064 02       		.uleb128 0x2
 113 0065 04       		.byte	0x4
 114 0066 07       		.byte	0x7
 115 0067 25060000 		.4byte	.LASF8
 116 006b 04       		.uleb128 0x4
 117 006c CE010000 		.4byte	.LASF86
 118 0070 02       		.byte	0x2
 119 0071 D301     		.2byte	0x1d3
 120 0073 3A000000 		.4byte	0x3a
 121 0077 02       		.uleb128 0x2
 122 0078 04       		.byte	0x4
 123 0079 04       		.byte	0x4
 124 007a 97020000 		.4byte	.LASF9
 125 007e 02       		.uleb128 0x2
 126 007f 08       		.byte	0x8
 127 0080 04       		.byte	0x4
 128 0081 3C090000 		.4byte	.LASF10
 129 0085 02       		.uleb128 0x2
 130 0086 01       		.byte	0x1
ARM GAS  C:\Users\megan\AppData\Local\Temp\cc5kHdPd.s 			page 5


 131 0087 08       		.byte	0x8
 132 0088 7B070000 		.4byte	.LASF11
 133 008c 02       		.uleb128 0x2
 134 008d 08       		.byte	0x8
 135 008e 04       		.byte	0x4
 136 008f 11050000 		.4byte	.LASF12
 137 0093 02       		.uleb128 0x2
 138 0094 04       		.byte	0x4
 139 0095 07       		.byte	0x7
 140 0096 F9000000 		.4byte	.LASF13
 141 009a 05       		.uleb128 0x5
 142 009b 01       		.byte	0x1
 143 009c 2C000000 		.4byte	0x2c
 144 00a0 05       		.byte	0x5
 145 00a1 4D01     		.2byte	0x14d
 146 00a3 58020000 		.4byte	0x258
 147 00a7 06       		.uleb128 0x6
 148 00a8 28020000 		.4byte	.LASF14
 149 00ac 00       		.byte	0
 150 00ad 06       		.uleb128 0x6
 151 00ae 68010000 		.4byte	.LASF15
 152 00b2 01       		.byte	0x1
 153 00b3 06       		.uleb128 0x6
 154 00b4 BC0A0000 		.4byte	.LASF16
 155 00b8 02       		.byte	0x2
 156 00b9 06       		.uleb128 0x6
 157 00ba 98090000 		.4byte	.LASF17
 158 00be 03       		.byte	0x3
 159 00bf 06       		.uleb128 0x6
 160 00c0 42010000 		.4byte	.LASF18
 161 00c4 04       		.byte	0x4
 162 00c5 06       		.uleb128 0x6
 163 00c6 EF030000 		.4byte	.LASF19
 164 00ca 05       		.byte	0x5
 165 00cb 06       		.uleb128 0x6
 166 00cc 3E000000 		.4byte	.LASF20
 167 00d0 06       		.byte	0x6
 168 00d1 06       		.uleb128 0x6
 169 00d2 6C080000 		.4byte	.LASF21
 170 00d6 20       		.byte	0x20
 171 00d7 06       		.uleb128 0x6
 172 00d8 5F060000 		.4byte	.LASF22
 173 00dc 21       		.byte	0x21
 174 00dd 06       		.uleb128 0x6
 175 00de 00000000 		.4byte	.LASF23
 176 00e2 22       		.byte	0x22
 177 00e3 06       		.uleb128 0x6
 178 00e4 0B040000 		.4byte	.LASF24
 179 00e8 23       		.byte	0x23
 180 00e9 06       		.uleb128 0x6
 181 00ea 09060000 		.4byte	.LASF25
 182 00ee 24       		.byte	0x24
 183 00ef 06       		.uleb128 0x6
 184 00f0 C1000000 		.4byte	.LASF26
 185 00f4 25       		.byte	0x25
 186 00f5 06       		.uleb128 0x6
 187 00f6 A6030000 		.4byte	.LASF27
ARM GAS  C:\Users\megan\AppData\Local\Temp\cc5kHdPd.s 			page 6


 188 00fa 26       		.byte	0x26
 189 00fb 06       		.uleb128 0x6
 190 00fc 87030000 		.4byte	.LASF28
 191 0100 27       		.byte	0x27
 192 0101 06       		.uleb128 0x6
 193 0102 71000000 		.4byte	.LASF29
 194 0106 28       		.byte	0x28
 195 0107 06       		.uleb128 0x6
 196 0108 97060000 		.4byte	.LASF30
 197 010c 29       		.byte	0x29
 198 010d 06       		.uleb128 0x6
 199 010e 2B070000 		.4byte	.LASF31
 200 0112 2A       		.byte	0x2a
 201 0113 06       		.uleb128 0x6
 202 0114 DC080000 		.4byte	.LASF32
 203 0118 2B       		.byte	0x2b
 204 0119 06       		.uleb128 0x6
 205 011a EF060000 		.4byte	.LASF33
 206 011e 2C       		.byte	0x2c
 207 011f 06       		.uleb128 0x6
 208 0120 B6020000 		.4byte	.LASF34
 209 0124 2D       		.byte	0x2d
 210 0125 06       		.uleb128 0x6
 211 0126 93000000 		.4byte	.LASF35
 212 012a 2E       		.byte	0x2e
 213 012b 06       		.uleb128 0x6
 214 012c A60B0000 		.4byte	.LASF36
 215 0130 2F       		.byte	0x2f
 216 0131 06       		.uleb128 0x6
 217 0132 02010000 		.4byte	.LASF37
 218 0136 30       		.byte	0x30
 219 0137 06       		.uleb128 0x6
 220 0138 ED040000 		.4byte	.LASF38
 221 013c 31       		.byte	0x31
 222 013d 06       		.uleb128 0x6
 223 013e DF020000 		.4byte	.LASF39
 224 0142 32       		.byte	0x32
 225 0143 06       		.uleb128 0x6
 226 0144 54070000 		.4byte	.LASF40
 227 0148 33       		.byte	0x33
 228 0149 06       		.uleb128 0x6
 229 014a B4060000 		.4byte	.LASF41
 230 014e 34       		.byte	0x34
 231 014f 06       		.uleb128 0x6
 232 0150 7B090000 		.4byte	.LASF42
 233 0154 35       		.byte	0x35
 234 0155 06       		.uleb128 0x6
 235 0156 2C030000 		.4byte	.LASF43
 236 015a 36       		.byte	0x36
 237 015b 06       		.uleb128 0x6
 238 015c 7B010000 		.4byte	.LASF44
 239 0160 37       		.byte	0x37
 240 0161 06       		.uleb128 0x6
 241 0162 57000000 		.4byte	.LASF45
 242 0166 40       		.byte	0x40
 243 0167 06       		.uleb128 0x6
 244 0168 32060000 		.4byte	.LASF46
ARM GAS  C:\Users\megan\AppData\Local\Temp\cc5kHdPd.s 			page 7


 245 016c 41       		.byte	0x41
 246 016d 06       		.uleb128 0x6
 247 016e DB000000 		.4byte	.LASF47
 248 0172 42       		.byte	0x42
 249 0173 06       		.uleb128 0x6
 250 0174 B0010000 		.4byte	.LASF48
 251 0178 43       		.byte	0x43
 252 0179 06       		.uleb128 0x6
 253 017a 7A0A0000 		.4byte	.LASF49
 254 017e 44       		.byte	0x44
 255 017f 06       		.uleb128 0x6
 256 0180 140A0000 		.4byte	.LASF50
 257 0184 45       		.byte	0x45
 258 0185 06       		.uleb128 0x6
 259 0186 590A0000 		.4byte	.LASF51
 260 018a 46       		.byte	0x46
 261 018b 06       		.uleb128 0x6
 262 018c 9E050000 		.4byte	.LASF52
 263 0190 47       		.byte	0x47
 264 0191 06       		.uleb128 0x6
 265 0192 E2050000 		.4byte	.LASF53
 266 0196 48       		.byte	0x48
 267 0197 06       		.uleb128 0x6
 268 0198 9D020000 		.4byte	.LASF54
 269 019c 49       		.byte	0x49
 270 019d 06       		.uleb128 0x6
 271 019e 90080000 		.4byte	.LASF55
 272 01a2 4A       		.byte	0x4a
 273 01a3 06       		.uleb128 0x6
 274 01a4 E8010000 		.4byte	.LASF56
 275 01a8 4B       		.byte	0x4b
 276 01a9 06       		.uleb128 0x6
 277 01aa C8050000 		.4byte	.LASF57
 278 01ae 4C       		.byte	0x4c
 279 01af 06       		.uleb128 0x6
 280 01b0 24000000 		.4byte	.LASF58
 281 01b4 4D       		.byte	0x4d
 282 01b5 06       		.uleb128 0x6
 283 01b6 3B0A0000 		.4byte	.LASF59
 284 01ba 4E       		.byte	0x4e
 285 01bb 06       		.uleb128 0x6
 286 01bc 60050000 		.4byte	.LASF60
 287 01c0 4F       		.byte	0x4f
 288 01c1 06       		.uleb128 0x6
 289 01c2 270B0000 		.4byte	.LASF61
 290 01c6 50       		.byte	0x50
 291 01c7 06       		.uleb128 0x6
 292 01c8 BD080000 		.4byte	.LASF62
 293 01cc 51       		.byte	0x51
 294 01cd 06       		.uleb128 0x6
 295 01ce CE030000 		.4byte	.LASF63
 296 01d2 52       		.byte	0x52
 297 01d3 06       		.uleb128 0x6
 298 01d4 56030000 		.4byte	.LASF64
 299 01d8 53       		.byte	0x53
 300 01d9 06       		.uleb128 0x6
 301 01da 07020000 		.4byte	.LASF65
ARM GAS  C:\Users\megan\AppData\Local\Temp\cc5kHdPd.s 			page 8


 302 01de 54       		.byte	0x54
 303 01df 06       		.uleb128 0x6
 304 01e0 700B0000 		.4byte	.LASF66
 305 01e4 55       		.byte	0x55
 306 01e5 06       		.uleb128 0x6
 307 01e6 050B0000 		.4byte	.LASF67
 308 01ea 56       		.byte	0x56
 309 01eb 06       		.uleb128 0x6
 310 01ec DC0A0000 		.4byte	.LASF68
 311 01f0 57       		.byte	0x57
 312 01f1 06       		.uleb128 0x6
 313 01f2 CC060000 		.4byte	.LASF69
 314 01f6 58       		.byte	0x58
 315 01f7 06       		.uleb128 0x6
 316 01f8 1D050000 		.4byte	.LASF70
 317 01fc 70       		.byte	0x70
 318 01fd 06       		.uleb128 0x6
 319 01fe D0090000 		.4byte	.LASF71
 320 0202 71       		.byte	0x71
 321 0203 06       		.uleb128 0x6
 322 0204 80070000 		.4byte	.LASF72
 323 0208 72       		.byte	0x72
 324 0209 06       		.uleb128 0x6
 325 020a F6090000 		.4byte	.LASF73
 326 020e 73       		.byte	0x73
 327 020f 06       		.uleb128 0x6
 328 0210 CF040000 		.4byte	.LASF74
 329 0214 74       		.byte	0x74
 330 0215 06       		.uleb128 0x6
 331 0216 76060000 		.4byte	.LASF75
 332 021a 75       		.byte	0x75
 333 021b 06       		.uleb128 0x6
 334 021c 76020000 		.4byte	.LASF76
 335 0220 76       		.byte	0x76
 336 0221 06       		.uleb128 0x6
 337 0222 B1090000 		.4byte	.LASF77
 338 0226 77       		.byte	0x77
 339 0227 06       		.uleb128 0x6
 340 0228 19090000 		.4byte	.LASF78
 341 022c 78       		.byte	0x78
 342 022d 06       		.uleb128 0x6
 343 022e 43090000 		.4byte	.LASF79
 344 0232 79       		.byte	0x79
 345 0233 06       		.uleb128 0x6
 346 0234 980A0000 		.4byte	.LASF80
 347 0238 7A       		.byte	0x7a
 348 0239 06       		.uleb128 0x6
 349 023a FB080000 		.4byte	.LASF81
 350 023e FA       		.byte	0xfa
 351 023f 06       		.uleb128 0x6
 352 0240 7F050000 		.4byte	.LASF82
 353 0244 FB       		.byte	0xfb
 354 0245 06       		.uleb128 0x6
 355 0246 940B0000 		.4byte	.LASF83
 356 024a FC       		.byte	0xfc
 357 024b 06       		.uleb128 0x6
 358 024c 13070000 		.4byte	.LASF84
ARM GAS  C:\Users\megan\AppData\Local\Temp\cc5kHdPd.s 			page 9


 359 0250 FD       		.byte	0xfd
 360 0251 06       		.uleb128 0x6
 361 0252 CE0A0000 		.4byte	.LASF85
 362 0256 FF       		.byte	0xff
 363 0257 00       		.byte	0
 364 0258 04       		.uleb128 0x4
 365 0259 460B0000 		.4byte	.LASF87
 366 025d 03       		.byte	0x3
 367 025e 8901     		.2byte	0x189
 368 0260 6B000000 		.4byte	0x6b
 369 0264 07       		.uleb128 0x7
 370 0265 04       		.byte	0x4
 371 0266 04       		.byte	0x4
 372 0267 3F       		.byte	0x3f
 373 0268 85020000 		.4byte	0x285
 374 026c 08       		.uleb128 0x8
 375 026d 66090000 		.4byte	.LASF88
 376 0271 04       		.byte	0x4
 377 0272 42       		.byte	0x42
 378 0273 58020000 		.4byte	0x258
 379 0277 00       		.byte	0
 380 0278 08       		.uleb128 0x8
 381 0279 D5010000 		.4byte	.LASF89
 382 027d 04       		.byte	0x4
 383 027e 44       		.byte	0x44
 384 027f 85020000 		.4byte	0x285
 385 0283 02       		.byte	0x2
 386 0284 00       		.byte	0
 387 0285 09       		.uleb128 0x9
 388 0286 58020000 		.4byte	0x258
 389 028a 95020000 		.4byte	0x295
 390 028e 0A       		.uleb128 0xa
 391 028f 93000000 		.4byte	0x93
 392 0293 00       		.byte	0
 393 0294 00       		.byte	0
 394 0295 0B       		.uleb128 0xb
 395 0296 17030000 		.4byte	.LASF90
 396 029a 04       		.byte	0x4
 397 029b 46       		.byte	0x46
 398 029c 64020000 		.4byte	0x264
 399 02a0 07       		.uleb128 0x7
 400 02a1 06       		.byte	0x6
 401 02a2 04       		.byte	0x4
 402 02a3 49       		.byte	0x49
 403 02a4 C1020000 		.4byte	0x2c1
 404 02a8 08       		.uleb128 0x8
 405 02a9 31010000 		.4byte	.LASF91
 406 02ad 04       		.byte	0x4
 407 02ae 4C       		.byte	0x4c
 408 02af 58020000 		.4byte	0x258
 409 02b3 00       		.byte	0
 410 02b4 08       		.uleb128 0x8
 411 02b5 51050000 		.4byte	.LASF92
 412 02b9 04       		.byte	0x4
 413 02ba 4F       		.byte	0x4f
 414 02bb C1020000 		.4byte	0x2c1
 415 02bf 02       		.byte	0x2
ARM GAS  C:\Users\megan\AppData\Local\Temp\cc5kHdPd.s 			page 10


 416 02c0 00       		.byte	0
 417 02c1 09       		.uleb128 0x9
 418 02c2 95020000 		.4byte	0x295
 419 02c6 D1020000 		.4byte	0x2d1
 420 02ca 0A       		.uleb128 0xa
 421 02cb 93000000 		.4byte	0x93
 422 02cf 00       		.byte	0
 423 02d0 00       		.byte	0
 424 02d1 0B       		.uleb128 0xb
 425 02d2 BF040000 		.4byte	.LASF93
 426 02d6 04       		.byte	0x4
 427 02d7 51       		.byte	0x51
 428 02d8 A0020000 		.4byte	0x2a0
 429 02dc 05       		.uleb128 0x5
 430 02dd 01       		.byte	0x1
 431 02de 2C000000 		.4byte	0x2c
 432 02e2 06       		.byte	0x6
 433 02e3 9308     		.2byte	0x893
 434 02e5 FC020000 		.4byte	0x2fc
 435 02e9 06       		.uleb128 0x6
 436 02ea AE080000 		.4byte	.LASF94
 437 02ee 00       		.byte	0
 438 02ef 06       		.uleb128 0x6
 439 02f0 77030000 		.4byte	.LASF95
 440 02f4 01       		.byte	0x1
 441 02f5 06       		.uleb128 0x6
 442 02f6 3F020000 		.4byte	.LASF96
 443 02fa 02       		.byte	0x2
 444 02fb 00       		.byte	0
 445 02fc 0C       		.uleb128 0xc
 446 02fd 57010000 		.4byte	.LASF100
 447 0301 01       		.byte	0x1
 448 0302 44       		.byte	0x44
 449 0303 00000000 		.4byte	.LFB2
 450 0307 0A000000 		.4byte	.LFE2-.LFB2
 451 030b 01       		.uleb128 0x1
 452 030c 9C       		.byte	0x9c
 453 030d 09       		.uleb128 0x9
 454 030e 1D030000 		.4byte	0x31d
 455 0312 1D030000 		.4byte	0x31d
 456 0316 0A       		.uleb128 0xa
 457 0317 93000000 		.4byte	0x93
 458 031b 00       		.byte	0
 459 031c 00       		.byte	0
 460 031d 0D       		.uleb128 0xd
 461 031e D1020000 		.4byte	0x2d1
 462 0322 0E       		.uleb128 0xe
 463 0323 620B0000 		.4byte	.LASF101
 464 0327 01       		.byte	0x1
 465 0328 1A       		.byte	0x1a
 466 0329 33030000 		.4byte	0x333
 467 032d 05       		.uleb128 0x5
 468 032e 03       		.byte	0x3
 469 032f 00000000 		.4byte	cyBle_customs
 470 0333 0D       		.uleb128 0xd
 471 0334 0D030000 		.4byte	0x30d
 472 0338 00       		.byte	0
ARM GAS  C:\Users\megan\AppData\Local\Temp\cc5kHdPd.s 			page 11


 473              		.section	.debug_abbrev,"",%progbits
 474              	.Ldebug_abbrev0:
 475 0000 01       		.uleb128 0x1
 476 0001 11       		.uleb128 0x11
 477 0002 01       		.byte	0x1
 478 0003 25       		.uleb128 0x25
 479 0004 0E       		.uleb128 0xe
 480 0005 13       		.uleb128 0x13
 481 0006 0B       		.uleb128 0xb
 482 0007 03       		.uleb128 0x3
 483 0008 0E       		.uleb128 0xe
 484 0009 1B       		.uleb128 0x1b
 485 000a 0E       		.uleb128 0xe
 486 000b 55       		.uleb128 0x55
 487 000c 17       		.uleb128 0x17
 488 000d 11       		.uleb128 0x11
 489 000e 01       		.uleb128 0x1
 490 000f 10       		.uleb128 0x10
 491 0010 17       		.uleb128 0x17
 492 0011 00       		.byte	0
 493 0012 00       		.byte	0
 494 0013 02       		.uleb128 0x2
 495 0014 24       		.uleb128 0x24
 496 0015 00       		.byte	0
 497 0016 0B       		.uleb128 0xb
 498 0017 0B       		.uleb128 0xb
 499 0018 3E       		.uleb128 0x3e
 500 0019 0B       		.uleb128 0xb
 501 001a 03       		.uleb128 0x3
 502 001b 0E       		.uleb128 0xe
 503 001c 00       		.byte	0
 504 001d 00       		.byte	0
 505 001e 03       		.uleb128 0x3
 506 001f 24       		.uleb128 0x24
 507 0020 00       		.byte	0
 508 0021 0B       		.uleb128 0xb
 509 0022 0B       		.uleb128 0xb
 510 0023 3E       		.uleb128 0x3e
 511 0024 0B       		.uleb128 0xb
 512 0025 03       		.uleb128 0x3
 513 0026 08       		.uleb128 0x8
 514 0027 00       		.byte	0
 515 0028 00       		.byte	0
 516 0029 04       		.uleb128 0x4
 517 002a 16       		.uleb128 0x16
 518 002b 00       		.byte	0
 519 002c 03       		.uleb128 0x3
 520 002d 0E       		.uleb128 0xe
 521 002e 3A       		.uleb128 0x3a
 522 002f 0B       		.uleb128 0xb
 523 0030 3B       		.uleb128 0x3b
 524 0031 05       		.uleb128 0x5
 525 0032 49       		.uleb128 0x49
 526 0033 13       		.uleb128 0x13
 527 0034 00       		.byte	0
 528 0035 00       		.byte	0
 529 0036 05       		.uleb128 0x5
ARM GAS  C:\Users\megan\AppData\Local\Temp\cc5kHdPd.s 			page 12


 530 0037 04       		.uleb128 0x4
 531 0038 01       		.byte	0x1
 532 0039 0B       		.uleb128 0xb
 533 003a 0B       		.uleb128 0xb
 534 003b 49       		.uleb128 0x49
 535 003c 13       		.uleb128 0x13
 536 003d 3A       		.uleb128 0x3a
 537 003e 0B       		.uleb128 0xb
 538 003f 3B       		.uleb128 0x3b
 539 0040 05       		.uleb128 0x5
 540 0041 01       		.uleb128 0x1
 541 0042 13       		.uleb128 0x13
 542 0043 00       		.byte	0
 543 0044 00       		.byte	0
 544 0045 06       		.uleb128 0x6
 545 0046 28       		.uleb128 0x28
 546 0047 00       		.byte	0
 547 0048 03       		.uleb128 0x3
 548 0049 0E       		.uleb128 0xe
 549 004a 1C       		.uleb128 0x1c
 550 004b 0B       		.uleb128 0xb
 551 004c 00       		.byte	0
 552 004d 00       		.byte	0
 553 004e 07       		.uleb128 0x7
 554 004f 13       		.uleb128 0x13
 555 0050 01       		.byte	0x1
 556 0051 0B       		.uleb128 0xb
 557 0052 0B       		.uleb128 0xb
 558 0053 3A       		.uleb128 0x3a
 559 0054 0B       		.uleb128 0xb
 560 0055 3B       		.uleb128 0x3b
 561 0056 0B       		.uleb128 0xb
 562 0057 01       		.uleb128 0x1
 563 0058 13       		.uleb128 0x13
 564 0059 00       		.byte	0
 565 005a 00       		.byte	0
 566 005b 08       		.uleb128 0x8
 567 005c 0D       		.uleb128 0xd
 568 005d 00       		.byte	0
 569 005e 03       		.uleb128 0x3
 570 005f 0E       		.uleb128 0xe
 571 0060 3A       		.uleb128 0x3a
 572 0061 0B       		.uleb128 0xb
 573 0062 3B       		.uleb128 0x3b
 574 0063 0B       		.uleb128 0xb
 575 0064 49       		.uleb128 0x49
 576 0065 13       		.uleb128 0x13
 577 0066 38       		.uleb128 0x38
 578 0067 0B       		.uleb128 0xb
 579 0068 00       		.byte	0
 580 0069 00       		.byte	0
 581 006a 09       		.uleb128 0x9
 582 006b 01       		.uleb128 0x1
 583 006c 01       		.byte	0x1
 584 006d 49       		.uleb128 0x49
 585 006e 13       		.uleb128 0x13
 586 006f 01       		.uleb128 0x1
ARM GAS  C:\Users\megan\AppData\Local\Temp\cc5kHdPd.s 			page 13


 587 0070 13       		.uleb128 0x13
 588 0071 00       		.byte	0
 589 0072 00       		.byte	0
 590 0073 0A       		.uleb128 0xa
 591 0074 21       		.uleb128 0x21
 592 0075 00       		.byte	0
 593 0076 49       		.uleb128 0x49
 594 0077 13       		.uleb128 0x13
 595 0078 2F       		.uleb128 0x2f
 596 0079 0B       		.uleb128 0xb
 597 007a 00       		.byte	0
 598 007b 00       		.byte	0
 599 007c 0B       		.uleb128 0xb
 600 007d 16       		.uleb128 0x16
 601 007e 00       		.byte	0
 602 007f 03       		.uleb128 0x3
 603 0080 0E       		.uleb128 0xe
 604 0081 3A       		.uleb128 0x3a
 605 0082 0B       		.uleb128 0xb
 606 0083 3B       		.uleb128 0x3b
 607 0084 0B       		.uleb128 0xb
 608 0085 49       		.uleb128 0x49
 609 0086 13       		.uleb128 0x13
 610 0087 00       		.byte	0
 611 0088 00       		.byte	0
 612 0089 0C       		.uleb128 0xc
 613 008a 2E       		.uleb128 0x2e
 614 008b 00       		.byte	0
 615 008c 3F       		.uleb128 0x3f
 616 008d 19       		.uleb128 0x19
 617 008e 03       		.uleb128 0x3
 618 008f 0E       		.uleb128 0xe
 619 0090 3A       		.uleb128 0x3a
 620 0091 0B       		.uleb128 0xb
 621 0092 3B       		.uleb128 0x3b
 622 0093 0B       		.uleb128 0xb
 623 0094 27       		.uleb128 0x27
 624 0095 19       		.uleb128 0x19
 625 0096 11       		.uleb128 0x11
 626 0097 01       		.uleb128 0x1
 627 0098 12       		.uleb128 0x12
 628 0099 06       		.uleb128 0x6
 629 009a 40       		.uleb128 0x40
 630 009b 18       		.uleb128 0x18
 631 009c 9742     		.uleb128 0x2117
 632 009e 19       		.uleb128 0x19
 633 009f 00       		.byte	0
 634 00a0 00       		.byte	0
 635 00a1 0D       		.uleb128 0xd
 636 00a2 26       		.uleb128 0x26
 637 00a3 00       		.byte	0
 638 00a4 49       		.uleb128 0x49
 639 00a5 13       		.uleb128 0x13
 640 00a6 00       		.byte	0
 641 00a7 00       		.byte	0
 642 00a8 0E       		.uleb128 0xe
 643 00a9 34       		.uleb128 0x34
ARM GAS  C:\Users\megan\AppData\Local\Temp\cc5kHdPd.s 			page 14


 644 00aa 00       		.byte	0
 645 00ab 03       		.uleb128 0x3
 646 00ac 0E       		.uleb128 0xe
 647 00ad 3A       		.uleb128 0x3a
 648 00ae 0B       		.uleb128 0xb
 649 00af 3B       		.uleb128 0x3b
 650 00b0 0B       		.uleb128 0xb
 651 00b1 49       		.uleb128 0x49
 652 00b2 13       		.uleb128 0x13
 653 00b3 3F       		.uleb128 0x3f
 654 00b4 19       		.uleb128 0x19
 655 00b5 02       		.uleb128 0x2
 656 00b6 18       		.uleb128 0x18
 657 00b7 00       		.byte	0
 658 00b8 00       		.byte	0
 659 00b9 00       		.byte	0
 660              		.section	.debug_aranges,"",%progbits
 661 0000 1C000000 		.4byte	0x1c
 662 0004 0200     		.2byte	0x2
 663 0006 00000000 		.4byte	.Ldebug_info0
 664 000a 04       		.byte	0x4
 665 000b 00       		.byte	0
 666 000c 0000     		.2byte	0
 667 000e 0000     		.2byte	0
 668 0010 00000000 		.4byte	.LFB2
 669 0014 0A000000 		.4byte	.LFE2-.LFB2
 670 0018 00000000 		.4byte	0
 671 001c 00000000 		.4byte	0
 672              		.section	.debug_ranges,"",%progbits
 673              	.Ldebug_ranges0:
 674 0000 00000000 		.4byte	.LFB2
 675 0004 0A000000 		.4byte	.LFE2
 676 0008 00000000 		.4byte	0
 677 000c 00000000 		.4byte	0
 678              		.section	.debug_line,"",%progbits
 679              	.Ldebug_line0:
 680 0000 B2000000 		.section	.debug_str,"MS",%progbits,1
 680      02009900 
 680      00000201 
 680      FB0E0D00 
 680      01010101 
 681              	.LASF23:
 682 0000 4359424C 		.ascii	"CYBLE_EVT_GAP_PASSKEY_ENTRY_REQUEST\000"
 682      455F4556 
 682      545F4741 
 682      505F5041 
 682      53534B45 
 683              	.LASF58:
 684 0024 4359424C 		.ascii	"CYBLE_EVT_GATTC_WRITE_RSP\000"
 684      455F4556 
 684      545F4741 
 684      5454435F 
 684      57524954 
 685              	.LASF20:
 686 003e 4359424C 		.ascii	"CYBLE_EVT_MEMORY_REQUEST\000"
 686      455F4556 
 686      545F4D45 
ARM GAS  C:\Users\megan\AppData\Local\Temp\cc5kHdPd.s 			page 15


 686      4D4F5259 
 686      5F524551 
 687              	.LASF45:
 688 0057 4359424C 		.ascii	"CYBLE_EVT_GATTC_ERROR_RSP\000"
 688      455F4556 
 688      545F4741 
 688      5454435F 
 688      4552524F 
 689              	.LASF29:
 690 0071 4359424C 		.ascii	"CYBLE_EVT_GAP_DEVICE_DISCONNECTED\000"
 690      455F4556 
 690      545F4741 
 690      505F4445 
 690      56494345 
 691              	.LASF35:
 692 0093 4359424C 		.ascii	"CYBLE_EVT_GAP_KEYPRESS_NOTIFICATION\000"
 692      455F4556 
 692      545F4741 
 692      505F4B45 
 692      59505245 
 693              	.LASF2:
 694 00b7 73686F72 		.ascii	"short int\000"
 694      7420696E 
 694      7400
 695              	.LASF26:
 696 00c1 4359424C 		.ascii	"CYBLE_EVT_GAP_AUTH_FAILED\000"
 696      455F4556 
 696      545F4741 
 696      505F4155 
 696      54485F46 
 697              	.LASF47:
 698 00db 4359424C 		.ascii	"CYBLE_EVT_GATT_DISCONNECT_IND\000"
 698      455F4556 
 698      545F4741 
 698      54545F44 
 698      4953434F 
 699              	.LASF13:
 700 00f9 73697A65 		.ascii	"sizetype\000"
 700      74797065 
 700      00
 701              	.LASF37:
 702 0102 4359424C 		.ascii	"CYBLE_EVT_GAP_DATA_LENGTH_CHANGE\000"
 702      455F4556 
 702      545F4741 
 702      505F4441 
 702      54415F4C 
 703              	.LASF6:
 704 0123 6C6F6E67 		.ascii	"long long int\000"
 704      206C6F6E 
 704      6720696E 
 704      7400
 705              	.LASF91:
 706 0131 63757374 		.ascii	"customServHandle\000"
 706      6F6D5365 
 706      72764861 
 706      6E646C65 
 706      00
ARM GAS  C:\Users\megan\AppData\Local\Temp\cc5kHdPd.s 			page 16


 707              	.LASF18:
 708 0142 4359424C 		.ascii	"CYBLE_EVT_HCI_STATUS\000"
 708      455F4556 
 708      545F4843 
 708      495F5354 
 708      41545553 
 709              	.LASF100:
 710 0157 4379426C 		.ascii	"CyBle_CustomInit\000"
 710      655F4375 
 710      73746F6D 
 710      496E6974 
 710      00
 711              	.LASF15:
 712 0168 4359424C 		.ascii	"CYBLE_EVT_STACK_ON\000"
 712      455F4556 
 712      545F5354 
 712      41434B5F 
 712      4F4E00
 713              	.LASF44:
 714 017b 4359424C 		.ascii	"CYBLE_EVT_GAP_SMP_LOC_P256_KEYS_GEN_AND_SET_COMPLET"
 714      455F4556 
 714      545F4741 
 714      505F534D 
 714      505F4C4F 
 715 01ae 4500     		.ascii	"E\000"
 716              	.LASF48:
 717 01b0 4359424C 		.ascii	"CYBLE_EVT_GATTS_XCNHG_MTU_REQ\000"
 717      455F4556 
 717      545F4741 
 717      5454535F 
 717      58434E48 
 718              	.LASF86:
 719 01ce 75696E74 		.ascii	"uint16\000"
 719      313600
 720              	.LASF89:
 721 01d5 63757374 		.ascii	"customServCharDesc\000"
 721      6F6D5365 
 721      72764368 
 721      61724465 
 721      736300
 722              	.LASF56:
 723 01e8 4359424C 		.ascii	"CYBLE_EVT_GATTC_READ_MULTI_RSP\000"
 723      455F4556 
 723      545F4741 
 723      5454435F 
 723      52454144 
 724              	.LASF65:
 725 0207 4359424C 		.ascii	"CYBLE_EVT_GATTS_HANDLE_VALUE_CNF\000"
 725      455F4556 
 725      545F4741 
 725      5454535F 
 725      48414E44 
 726              	.LASF14:
 727 0228 4359424C 		.ascii	"CYBLE_EVT_HOST_INVALID\000"
 727      455F4556 
 727      545F484F 
 727      53545F49 
ARM GAS  C:\Users\megan\AppData\Local\Temp\cc5kHdPd.s 			page 17


 727      4E56414C 
 728              	.LASF96:
 729 023f 4359424C 		.ascii	"CYBLE_SRVI_COUNT\000"
 729      455F5352 
 729      56495F43 
 729      4F554E54 
 729      00
 730              	.LASF98:
 731 0250 47656E65 		.ascii	"Generated_Source\\PSoC4\\BLE_1_custom.c\000"
 731      72617465 
 731      645F536F 
 731      75726365 
 731      5C50536F 
 732              	.LASF76:
 733 0276 4359424C 		.ascii	"CYBLE_EVT_L2CAP_CBFC_DISCONN_CNF\000"
 733      455F4556 
 733      545F4C32 
 733      4341505F 
 733      43424643 
 734              	.LASF9:
 735 0297 666C6F61 		.ascii	"float\000"
 735      7400
 736              	.LASF54:
 737 029d 4359424C 		.ascii	"CYBLE_EVT_GATTC_READ_RSP\000"
 737      455F4556 
 737      545F4741 
 737      5454435F 
 737      52454144 
 738              	.LASF34:
 739 02b6 4359424C 		.ascii	"CYBLE_EVT_GAP_NUMERIC_COMPARISON_REQUEST\000"
 739      455F4556 
 739      545F4741 
 739      505F4E55 
 739      4D455249 
 740              	.LASF39:
 741 02df 4359424C 		.ascii	"CYBLE_EVT_GAPC_DIRECT_ADV_REPORT\000"
 741      455F4556 
 741      545F4741 
 741      50435F44 
 741      49524543 
 742              	.LASF7:
 743 0300 6C6F6E67 		.ascii	"long long unsigned int\000"
 743      206C6F6E 
 743      6720756E 
 743      7369676E 
 743      65642069 
 744              	.LASF90:
 745 0317 4359424C 		.ascii	"CYBLE_CUSTOMS_INFO_T\000"
 745      455F4355 
 745      53544F4D 
 745      535F494E 
 745      464F5F54 
 746              	.LASF43:
 747 032c 4359424C 		.ascii	"CYBLE_EVT_GAP_AUTH_REQ_REPLY_ERR\000"
 747      455F4556 
 747      545F4741 
 747      505F4155 
ARM GAS  C:\Users\megan\AppData\Local\Temp\cc5kHdPd.s 			page 18


 747      54485F52 
 748              	.LASF4:
 749 034d 6C6F6E67 		.ascii	"long int\000"
 749      20696E74 
 749      00
 750              	.LASF64:
 751 0356 4359424C 		.ascii	"CYBLE_EVT_GATTC_HANDLE_VALUE_IND\000"
 751      455F4556 
 751      545F4741 
 751      5454435F 
 751      48414E44 
 752              	.LASF95:
 753 0377 4359424C 		.ascii	"CYBLE_SRVI_GATT\000"
 753      455F5352 
 753      56495F47 
 753      41545400 
 754              	.LASF28:
 755 0387 4359424C 		.ascii	"CYBLE_EVT_GAP_DEVICE_CONNECTED\000"
 755      455F4556 
 755      545F4741 
 755      505F4445 
 755      56494345 
 756              	.LASF27:
 757 03a6 4359424C 		.ascii	"CYBLE_EVT_GAPP_ADVERTISEMENT_START_STOP\000"
 757      455F4556 
 757      545F4741 
 757      50505F41 
 757      44564552 
 758              	.LASF63:
 759 03ce 4359424C 		.ascii	"CYBLE_EVT_GATTC_HANDLE_VALUE_NTF\000"
 759      455F4556 
 759      545F4741 
 759      5454435F 
 759      48414E44 
 760              	.LASF19:
 761 03ef 4359424C 		.ascii	"CYBLE_EVT_STACK_BUSY_STATUS\000"
 761      455F4556 
 761      545F5354 
 761      41434B5F 
 761      42555359 
 762              	.LASF24:
 763 040b 4359424C 		.ascii	"CYBLE_EVT_GAP_PASSKEY_DISPLAY_REQUEST\000"
 763      455F4556 
 763      545F4741 
 763      505F5041 
 763      53534B45 
 764              	.LASF97:
 765 0431 474E5520 		.ascii	"GNU C11 5.4.1 20160609 (release) [ARM/embedded-5-br"
 765      43313120 
 765      352E342E 
 765      31203230 
 765      31363036 
 766 0464 616E6368 		.ascii	"anch revision 237715] -mcpu=cortex-m0 -mthumb -g -O"
 766      20726576 
 766      6973696F 
 766      6E203233 
 766      37373135 
ARM GAS  C:\Users\megan\AppData\Local\Temp\cc5kHdPd.s 			page 19


 767 0497 30202D66 		.ascii	"0 -ffunction-sections -ffat-lto-objects\000"
 767      66756E63 
 767      74696F6E 
 767      2D736563 
 767      74696F6E 
 768              	.LASF93:
 769 04bf 4359424C 		.ascii	"CYBLE_CUSTOMS_T\000"
 769      455F4355 
 769      53544F4D 
 769      535F5400 
 770              	.LASF74:
 771 04cf 4359424C 		.ascii	"CYBLE_EVT_L2CAP_CBFC_CONN_CNF\000"
 771      455F4556 
 771      545F4C32 
 771      4341505F 
 771      43424643 
 772              	.LASF38:
 773 04ed 4359424C 		.ascii	"CYBLE_EVT_GAP_ENHANCE_CONN_COMPLETE\000"
 773      455F4556 
 773      545F4741 
 773      505F454E 
 773      48414E43 
 774              	.LASF12:
 775 0511 6C6F6E67 		.ascii	"long double\000"
 775      20646F75 
 775      626C6500 
 776              	.LASF70:
 777 051d 4359424C 		.ascii	"CYBLE_EVT_L2CAP_CONN_PARAM_UPDATE_REQ\000"
 777      455F4556 
 777      545F4C32 
 777      4341505F 
 777      434F4E4E 
 778              	.LASF1:
 779 0543 756E7369 		.ascii	"unsigned char\000"
 779      676E6564 
 779      20636861 
 779      7200
 780              	.LASF92:
 781 0551 63757374 		.ascii	"customServInfo\000"
 781      6F6D5365 
 781      7276496E 
 781      666F00
 782              	.LASF60:
 783 0560 4359424C 		.ascii	"CYBLE_EVT_GATTS_PREP_WRITE_REQ\000"
 783      455F4556 
 783      545F4741 
 783      5454535F 
 783      50524550 
 784              	.LASF82:
 785 057f 4359424C 		.ascii	"CYBLE_EVT_LE_PING_AUTH_TIMEOUT\000"
 785      455F4556 
 785      545F4C45 
 785      5F50494E 
 785      475F4155 
 786              	.LASF52:
 787 059e 4359424C 		.ascii	"CYBLE_EVT_GATTC_FIND_INFO_RSP\000"
 787      455F4556 
ARM GAS  C:\Users\megan\AppData\Local\Temp\cc5kHdPd.s 			page 20


 787      545F4741 
 787      5454435F 
 787      46494E44 
 788              	.LASF0:
 789 05bc 7369676E 		.ascii	"signed char\000"
 789      65642063 
 789      68617200 
 790              	.LASF57:
 791 05c8 4359424C 		.ascii	"CYBLE_EVT_GATTS_WRITE_REQ\000"
 791      455F4556 
 791      545F4741 
 791      5454535F 
 791      57524954 
 792              	.LASF53:
 793 05e2 4359424C 		.ascii	"CYBLE_EVT_GATTC_FIND_BY_TYPE_VALUE_RSP\000"
 793      455F4556 
 793      545F4741 
 793      5454435F 
 793      46494E44 
 794              	.LASF25:
 795 0609 4359424C 		.ascii	"CYBLE_EVT_GAP_AUTH_COMPLETE\000"
 795      455F4556 
 795      545F4741 
 795      505F4155 
 795      54485F43 
 796              	.LASF8:
 797 0625 756E7369 		.ascii	"unsigned int\000"
 797      676E6564 
 797      20696E74 
 797      00
 798              	.LASF46:
 799 0632 4359424C 		.ascii	"CYBLE_EVT_GATT_CONNECT_IND\000"
 799      455F4556 
 799      545F4741 
 799      54545F43 
 799      4F4E4E45 
 800              	.LASF5:
 801 064d 6C6F6E67 		.ascii	"long unsigned int\000"
 801      20756E73 
 801      69676E65 
 801      6420696E 
 801      7400
 802              	.LASF22:
 803 065f 4359424C 		.ascii	"CYBLE_EVT_GAP_AUTH_REQ\000"
 803      455F4556 
 803      545F4741 
 803      505F4155 
 803      54485F52 
 804              	.LASF75:
 805 0676 4359424C 		.ascii	"CYBLE_EVT_L2CAP_CBFC_DISCONN_IND\000"
 805      455F4556 
 805      545F4C32 
 805      4341505F 
 805      43424643 
 806              	.LASF30:
 807 0697 4359424C 		.ascii	"CYBLE_EVT_GAP_ENCRYPT_CHANGE\000"
 807      455F4556 
ARM GAS  C:\Users\megan\AppData\Local\Temp\cc5kHdPd.s 			page 21


 807      545F4741 
 807      505F454E 
 807      43525950 
 808              	.LASF41:
 809 06b4 4359424C 		.ascii	"CYBLE_EVT_GAP_CONN_ESTB\000"
 809      455F4556 
 809      545F4741 
 809      505F434F 
 809      4E4E5F45 
 810              	.LASF69:
 811 06cc 4359424C 		.ascii	"CYBLE_EVT_GATTC_LONG_PROCEDURE_END\000"
 811      455F4556 
 811      545F4741 
 811      5454435F 
 811      4C4F4E47 
 812              	.LASF33:
 813 06ef 4359424C 		.ascii	"CYBLE_EVT_GAP_KEYINFO_EXCHNGE_CMPLT\000"
 813      455F4556 
 813      545F4741 
 813      505F4B45 
 813      59494E46 
 814              	.LASF84:
 815 0713 4359424C 		.ascii	"CYBLE_EVT_FLASH_CORRUPT\000"
 815      455F4556 
 815      545F464C 
 815      4153485F 
 815      434F5252 
 816              	.LASF31:
 817 072b 4359424C 		.ascii	"CYBLE_EVT_GAP_CONNECTION_UPDATE_COMPLETE\000"
 817      455F4556 
 817      545F4741 
 817      505F434F 
 817      4E4E4543 
 818              	.LASF40:
 819 0754 4359424C 		.ascii	"CYBLE_EVT_GAP_SMP_NEGOTIATED_AUTH_INFO\000"
 819      455F4556 
 819      545F4741 
 819      505F534D 
 819      505F4E45 
 820              	.LASF11:
 821 077b 63686172 		.ascii	"char\000"
 821      00
 822              	.LASF72:
 823 0780 4359424C 		.ascii	"CYBLE_EVT_L2CAP_COMMAND_REJ\000"
 823      455F4556 
 823      545F4C32 
 823      4341505F 
 823      434F4D4D 
 824              	.LASF3:
 825 079c 73686F72 		.ascii	"short unsigned int\000"
 825      7420756E 
 825      7369676E 
 825      65642069 
 825      6E7400
 826              	.LASF99:
 827 07af 433A5C55 		.ascii	"C:\\Users\\megan\\Google Drive\\College\\S10 - Fall"
 827      73657273 
ARM GAS  C:\Users\megan\AppData\Local\Temp\cc5kHdPd.s 			page 22


 827      5C6D6567 
 827      616E5C47 
 827      6F6F676C 
 828 07dd 20323031 		.ascii	" 2017\\ECEN 4350 - Embedded uC Design\\Github\\ECEN"
 828      375C4543 
 828      454E2034 
 828      33353020 
 828      2D20456D 
 829 080d 34333530 		.ascii	"4350-EmbeddedMicrocontrollerDesign\\BinMonitorPart1"
 829      2D456D62 
 829      65646465 
 829      644D6963 
 829      726F636F 
 830 083f 5C42696E 		.ascii	"\\BinMonitorPart1\\BinMonitorSensorPart1.cydsn\000"
 830      4D6F6E69 
 830      746F7250 
 830      61727431 
 830      5C42696E 
 831              	.LASF21:
 832 086c 4359424C 		.ascii	"CYBLE_EVT_GAPC_SCAN_PROGRESS_RESULT\000"
 832      455F4556 
 832      545F4741 
 832      50435F53 
 832      43414E5F 
 833              	.LASF55:
 834 0890 4359424C 		.ascii	"CYBLE_EVT_GATTC_READ_BLOB_RSP\000"
 834      455F4556 
 834      545F4741 
 834      5454435F 
 834      52454144 
 835              	.LASF94:
 836 08ae 4359424C 		.ascii	"CYBLE_SRVI_GAP\000"
 836      455F5352 
 836      56495F47 
 836      415000
 837              	.LASF62:
 838 08bd 4359424C 		.ascii	"CYBLE_EVT_GATTC_EXEC_WRITE_RSP\000"
 838      455F4556 
 838      545F4741 
 838      5454435F 
 838      45584543 
 839              	.LASF32:
 840 08dc 4359424C 		.ascii	"CYBLE_EVT_GAPC_SCAN_START_STOP\000"
 840      455F4556 
 840      545F4741 
 840      50435F53 
 840      43414E5F 
 841              	.LASF81:
 842 08fb 4359424C 		.ascii	"CYBLE_EVT_PENDING_FLASH_WRITE\000"
 842      455F4556 
 842      545F5045 
 842      4E44494E 
 842      475F464C 
 843              	.LASF78:
 844 0919 4359424C 		.ascii	"CYBLE_EVT_L2CAP_CBFC_RX_CREDIT_IND\000"
 844      455F4556 
 844      545F4C32 
ARM GAS  C:\Users\megan\AppData\Local\Temp\cc5kHdPd.s 			page 23


 844      4341505F 
 844      43424643 
 845              	.LASF10:
 846 093c 646F7562 		.ascii	"double\000"
 846      6C6500
 847              	.LASF79:
 848 0943 4359424C 		.ascii	"CYBLE_EVT_L2CAP_CBFC_TX_CREDIT_IND\000"
 848      455F4556 
 848      545F4C32 
 848      4341505F 
 848      43424643 
 849              	.LASF88:
 850 0966 63757374 		.ascii	"customServCharHandle\000"
 850      6F6D5365 
 850      72764368 
 850      61724861 
 850      6E646C65 
 851              	.LASF42:
 852 097b 4359424C 		.ascii	"CYBLE_EVT_GAP_SCAN_REQ_RECVD\000"
 852      455F4556 
 852      545F4741 
 852      505F5343 
 852      414E5F52 
 853              	.LASF17:
 854 0998 4359424C 		.ascii	"CYBLE_EVT_HARDWARE_ERROR\000"
 854      455F4556 
 854      545F4841 
 854      52445741 
 854      52455F45 
 855              	.LASF77:
 856 09b1 4359424C 		.ascii	"CYBLE_EVT_L2CAP_CBFC_DATA_READ\000"
 856      455F4556 
 856      545F4C32 
 856      4341505F 
 856      43424643 
 857              	.LASF71:
 858 09d0 4359424C 		.ascii	"CYBLE_EVT_L2CAP_CONN_PARAM_UPDATE_RSP\000"
 858      455F4556 
 858      545F4C32 
 858      4341505F 
 858      434F4E4E 
 859              	.LASF73:
 860 09f6 4359424C 		.ascii	"CYBLE_EVT_L2CAP_CBFC_CONN_IND\000"
 860      455F4556 
 860      545F4C32 
 860      4341505F 
 860      43424643 
 861              	.LASF50:
 862 0a14 4359424C 		.ascii	"CYBLE_EVT_GATTC_READ_BY_GROUP_TYPE_RSP\000"
 862      455F4556 
 862      545F4741 
 862      5454435F 
 862      52454144 
 863              	.LASF59:
 864 0a3b 4359424C 		.ascii	"CYBLE_EVT_GATTS_WRITE_CMD_REQ\000"
 864      455F4556 
 864      545F4741 
ARM GAS  C:\Users\megan\AppData\Local\Temp\cc5kHdPd.s 			page 24


 864      5454535F 
 864      57524954 
 865              	.LASF51:
 866 0a59 4359424C 		.ascii	"CYBLE_EVT_GATTC_READ_BY_TYPE_RSP\000"
 866      455F4556 
 866      545F4741 
 866      5454435F 
 866      52454144 
 867              	.LASF49:
 868 0a7a 4359424C 		.ascii	"CYBLE_EVT_GATTC_XCHNG_MTU_RSP\000"
 868      455F4556 
 868      545F4741 
 868      5454435F 
 868      5843484E 
 869              	.LASF80:
 870 0a98 4359424C 		.ascii	"CYBLE_EVT_L2CAP_CBFC_DATA_WRITE_IND\000"
 870      455F4556 
 870      545F4C32 
 870      4341505F 
 870      43424643 
 871              	.LASF16:
 872 0abc 4359424C 		.ascii	"CYBLE_EVT_TIMEOUT\000"
 872      455F4556 
 872      545F5449 
 872      4D454F55 
 872      5400
 873              	.LASF85:
 874 0ace 4359424C 		.ascii	"CYBLE_EVT_MAX\000"
 874      455F4556 
 874      545F4D41 
 874      5800
 875              	.LASF68:
 876 0adc 4359424C 		.ascii	"CYBLE_EVT_GATTS_READ_CHAR_VAL_ACCESS_REQ\000"
 876      455F4556 
 876      545F4741 
 876      5454535F 
 876      52454144 
 877              	.LASF67:
 878 0b05 4359424C 		.ascii	"CYBLE_EVT_GATTC_STOP_CMD_COMPLETE\000"
 878      455F4556 
 878      545F4741 
 878      5454435F 
 878      53544F50 
 879              	.LASF61:
 880 0b27 4359424C 		.ascii	"CYBLE_EVT_GATTS_EXEC_WRITE_REQ\000"
 880      455F4556 
 880      545F4741 
 880      5454535F 
 880      45584543 
 881              	.LASF87:
 882 0b46 4359424C 		.ascii	"CYBLE_GATT_DB_ATTR_HANDLE_T\000"
 882      455F4741 
 882      54545F44 
 882      425F4154 
 882      54525F48 
 883              	.LASF101:
 884 0b62 6379426C 		.ascii	"cyBle_customs\000"
ARM GAS  C:\Users\megan\AppData\Local\Temp\cc5kHdPd.s 			page 25


 884      655F6375 
 884      73746F6D 
 884      7300
 885              	.LASF66:
 886 0b70 4359424C 		.ascii	"CYBLE_EVT_GATTS_DATA_SIGNED_CMD_REQ\000"
 886      455F4556 
 886      545F4741 
 886      5454535F 
 886      44415441 
 887              	.LASF83:
 888 0b94 4359424C 		.ascii	"CYBLE_EVT_HCI_PKT\000"
 888      455F4556 
 888      545F4843 
 888      495F504B 
 888      5400
 889              	.LASF36:
 890 0ba6 4359424C 		.ascii	"CYBLE_EVT_GAP_OOB_GENERATED_NOTIFICATION\000"
 890      455F4556 
 890      545F4741 
 890      505F4F4F 
 890      425F4745 
 891              		.ident	"GCC: (GNU Tools for ARM Embedded Processors) 5.4.1 20160609 (release) [ARM/embedded-5-bran
