ARM GAS  C:\Users\megan\AppData\Local\Temp\cc94iAc8.s 			page 1


   1              		.syntax unified
   2              		.cpu cortex-m0
   3              		.fpu softvfp
   4              		.eabi_attribute 20, 1
   5              		.eabi_attribute 21, 1
   6              		.eabi_attribute 23, 3
   7              		.eabi_attribute 24, 1
   8              		.eabi_attribute 25, 1
   9              		.eabi_attribute 26, 1
  10              		.eabi_attribute 30, 6
  11              		.eabi_attribute 34, 0
  12              		.eabi_attribute 18, 4
  13              		.thumb
  14              		.syntax unified
  15              		.file	"main.c"
  16              		.text
  17              	.Ltext0:
  18              		.cfi_sections	.debug_frame
  19              		.global	number_read
  20              		.bss
  21              		.type	number_read, %object
  22              		.size	number_read, 1
  23              	number_read:
  24 0000 00       		.space	1
  25              		.global	number_write
  26              		.type	number_write, %object
  27              		.size	number_write, 1
  28              	number_write:
  29 0001 00       		.space	1
  30              		.global	number_notify
  31              		.type	number_notify, %object
  32              		.size	number_notify, 1
  33              	number_notify:
  34 0002 00       		.space	1
  35              		.global	number_indicate
  36              		.type	number_indicate, %object
  37              		.size	number_indicate, 1
  38              	number_indicate:
  39 0003 00       		.space	1
  40              		.global	notification_enabled
  41              		.type	notification_enabled, %object
  42              		.size	notification_enabled, 1
  43              	notification_enabled:
  44 0004 00       		.space	1
  45              		.global	indication_enabled
  46              		.type	indication_enabled, %object
  47              		.size	indication_enabled, 1
  48              	indication_enabled:
  49 0005 00       		.space	1
  50              		.section	.text.main,"ax",%progbits
  51              		.align	2
  52              		.global	main
  53              		.code	16
  54              		.thumb_func
  55              		.type	main, %function
  56              	main:
  57              	.LFB35:
ARM GAS  C:\Users\megan\AppData\Local\Temp\cc94iAc8.s 			page 2


  58              		.file 1 "main.c"
   1:main.c        **** /* ========================================
   2:main.c        ****  *
   3:main.c        ****  * Copyright YOUR COMPANY, THE YEAR
   4:main.c        ****  * All Rights Reserved
   5:main.c        ****  * UNPUBLISHED, LICENSED SOFTWARE.
   6:main.c        ****  *
   7:main.c        ****  * CONFIDENTIAL AND PROPRIETARY INFORMATION
   8:main.c        ****  * WHICH IS THE PROPERTY OF your company.
   9:main.c        ****  *
  10:main.c        ****  * ========================================
  11:main.c        **** */
  12:main.c        **** #include <project.h>
  13:main.c        **** 
  14:main.c        **** void StackEventHandler( uint32 eventCode, void *eventParam );
  15:main.c        **** void UpdateTemperatureCharacteristic(uint8* tempData, uint8 len, uint16 attrHandle);
  16:main.c        **** 
  17:main.c        **** /* define the test register to switch the PA/LNA hardware control pins */
  18:main.c        **** #define CYREG_SRSS_TST_DDFT_CTRL 0x40030008
  19:main.c        **** 
  20:main.c        **** uint8 number_read = 0;
  21:main.c        **** uint8 number_write = 0;
  22:main.c        **** uint8 number_notify = 0;
  23:main.c        **** uint8 number_indicate = 0;
  24:main.c        ****   
  25:main.c        **** uint8 notification_enabled = 0;
  26:main.c        **** uint8 indication_enabled = 0;
  27:main.c        **** 
  28:main.c        **** int main()
  29:main.c        **** {
  59              		.loc 1 29 0
  60              		.cfi_startproc
  61              		@ args = 0, pretend = 0, frame = 8
  62              		@ frame_needed = 1, uses_anonymous_args = 0
  63 0000 90B5     		push	{r4, r7, lr}
  64              		.cfi_def_cfa_offset 12
  65              		.cfi_offset 4, -12
  66              		.cfi_offset 7, -8
  67              		.cfi_offset 14, -4
  68 0002 83B0     		sub	sp, sp, #12
  69              		.cfi_def_cfa_offset 24
  70 0004 00AF     		add	r7, sp, #0
  71              		.cfi_def_cfa_register 7
  30:main.c        ****     //------ Declarations -------//
  31:main.c        ****     CYBLE_API_RESULT_T apiResult;
  32:main.c        ****     //---------------------------//
  33:main.c        ****     
  34:main.c        ****      CyGlobalIntEnable;   /* Enable global interrupts */    
  72              		.loc 1 34 0
  73              		.syntax divided
  74              	@ 34 "main.c" 1
  75 0006 62B6     		CPSIE   i
  76              	@ 0 "" 2
  35:main.c        ****     
  36:main.c        ****     //------ BLE Setup ------//
  37:main.c        ****     // Start
  38:main.c        ****     apiResult = CyBle_Start(StackEventHandler);
ARM GAS  C:\Users\megan\AppData\Local\Temp\cc94iAc8.s 			page 3


  77              		.loc 1 38 0
  78              		.thumb
  79              		.syntax unified
  80 0008 BC1D     		adds	r4, r7, #6
  81 000a 0C4B     		ldr	r3, .L3
  82 000c 1800     		movs	r0, r3
  83 000e FFF7FEFF 		bl	CyBle_Start
  84 0012 0300     		movs	r3, r0
  85 0014 2380     		strh	r3, [r4]
  86              	.L2:
  39:main.c        ****     if(apiResult == 0x00u)
  40:main.c        ****     {
  41:main.c        **** //        LED_GREEN_Write(0u);
  42:main.c        ****     }
  43:main.c        ****     
  44:main.c        ****     // Advertise
  45:main.c        **** //    CyBle_ProcessEvents();
  46:main.c        **** //    apiResult = CyBle_GappStartAdvertisement(0x00u);
  47:main.c        **** //    if (apiResult == 0x00u) {
  48:main.c        **** //        LED_GREEN_Write(0u);
  49:main.c        **** //    }
  50:main.c        ****   
  51:main.c        ****     for(;;)
  52:main.c        ****     {
  53:main.c        ****         /* CyBle_ProcessEvents() allows BLE stack to process pending events */
  54:main.c        ****         CyBle_ProcessEvents();
  87              		.loc 1 54 0 discriminator 1
  88 0016 FFF7FEFF 		bl	CyBle_ProcessEvents
  55:main.c        ****         
  56:main.c        ****         LED_BLUE_Write(0u);  
  89              		.loc 1 56 0 discriminator 1
  90 001a 0020     		movs	r0, #0
  91 001c FFF7FEFF 		bl	LED_BLUE_Write
  57:main.c        ****         CyDelay(1000);
  92              		.loc 1 57 0 discriminator 1
  93 0020 FA23     		movs	r3, #250
  94 0022 9B00     		lsls	r3, r3, #2
  95 0024 1800     		movs	r0, r3
  96 0026 FFF7FEFF 		bl	CyDelay
  58:main.c        ****         //for(int i=0;i<1000;i++);
  59:main.c        ****         LED_BLUE_Write(1u);
  97              		.loc 1 59 0 discriminator 1
  98 002a 0120     		movs	r0, #1
  99 002c FFF7FEFF 		bl	LED_BLUE_Write
  60:main.c        ****         //for(int i=0;i<1000;i++);
  61:main.c        ****         CyDelay(1000);
 100              		.loc 1 61 0 discriminator 1
 101 0030 FA23     		movs	r3, #250
 102 0032 9B00     		lsls	r3, r3, #2
 103 0034 1800     		movs	r0, r3
 104 0036 FFF7FEFF 		bl	CyDelay
  62:main.c        ****         
  63:main.c        ****     }
 105              		.loc 1 63 0 discriminator 1
 106 003a ECE7     		b	.L2
 107              	.L4:
 108              		.align	2
ARM GAS  C:\Users\megan\AppData\Local\Temp\cc94iAc8.s 			page 4


 109              	.L3:
 110 003c 00000000 		.word	StackEventHandler
 111              		.cfi_endproc
 112              	.LFE35:
 113              		.size	main, .-main
 114              		.section	.text.StackEventHandler,"ax",%progbits
 115              		.align	2
 116              		.global	StackEventHandler
 117              		.code	16
 118              		.thumb_func
 119              		.type	StackEventHandler, %function
 120              	StackEventHandler:
 121              	.LFB36:
  64:main.c        **** }
  65:main.c        **** 
  66:main.c        **** 
  67:main.c        **** void StackEventHandler( uint32 eventCode, void *eventParam )
  68:main.c        **** {
 122              		.loc 1 68 0
 123              		.cfi_startproc
 124              		@ args = 0, pretend = 0, frame = 8
 125              		@ frame_needed = 1, uses_anonymous_args = 0
 126 0000 80B5     		push	{r7, lr}
 127              		.cfi_def_cfa_offset 8
 128              		.cfi_offset 7, -8
 129              		.cfi_offset 14, -4
 130 0002 82B0     		sub	sp, sp, #8
 131              		.cfi_def_cfa_offset 16
 132 0004 00AF     		add	r7, sp, #0
 133              		.cfi_def_cfa_register 7
 134 0006 7860     		str	r0, [r7, #4]
 135 0008 3960     		str	r1, [r7]
  69:main.c        ****     CYBLE_GATTS_WRITE_REQ_PARAM_T *wrReqParam;
  70:main.c        ****     
  71:main.c        ****     switch( eventCode )
 136              		.loc 1 71 0
 137 000a 7B68     		ldr	r3, [r7, #4]
 138 000c 012B     		cmp	r3, #1
 139 000e 00D0     		beq	.L7
  72:main.c        ****     {
  73:main.c        ****         /* Generic events */
  74:main.c        **** 
  75:main.c        ****         case CYBLE_EVT_STACK_ON:
  76:main.c        ****             /* Configure the Link Layer to automatically switch PA
  77:main.c        ****              * control pin P3[2] and LNA control pin P3[3] */
  78:main.c        ****             CY_SET_XTND_REG32((void CYFAR *)(CYREG_BLE_BLESS_RF_CONFIG), 0x0331);
  79:main.c        ****             CY_SET_XTND_REG32((void CYFAR *)(CYREG_SRSS_TST_DDFT_CTRL), 0x80000302);
  80:main.c        ****             CyBle_GappStartAdvertisement( CYBLE_ADVERTISING_FAST );
  81:main.c        ****         break;
  82:main.c        ****             
  83:main.c        **** //        case CYBLE_EVT_GAP_DEVICE_DISCONNECTED:
  84:main.c        **** //            /* This event is generated at GAP disconnection. */
  85:main.c        **** //            /* Restart advertisement */
  86:main.c        **** //            CyBle_GappStartAdvertisement(CYBLE_ADVERTISING_FAST); 
  87:main.c        **** //        break;
  88:main.c        **** //            
  89:main.c        **** //        /* Add additional events as required */    
ARM GAS  C:\Users\megan\AppData\Local\Temp\cc94iAc8.s 			page 5


  90:main.c        **** //            
  91:main.c        **** //        case CYBLE_EVT_GATTS_WRITE_REQ:
  92:main.c        **** //            /* Extract the Write data sent by Client */
  93:main.c        **** //             wrReqParam = (CYBLE_GATTS_WRITE_REQ_PARAM_T *) eventParam;
  94:main.c        **** //            
  95:main.c        **** //            /* If the attribute handle of the characteristic written to
  96:main.c        **** //            * is equal to that of RGB_LED characteristic, then extract
  97:main.c        **** //            * the RGB LED data */
  98:main.c        **** //             if(CYBLE_TEMPERATURE_SERVICE_SERVICE_HANDLE == wrReqParam->handleValPair.attrHandle)
  99:main.c        **** //             {
 100:main.c        **** //                /* Update the GATT DB for RGB LED read characteristics*/
 101:main.c        **** //                uint8 tempData = 99;
 102:main.c        **** //                UpdateTemperatureCharacteristic(*tempData, sizeof(tempData), CYBLE_TEMPERATURE_SE
 103:main.c        **** //             }
 104:main.c        **** //            /* Send the response to the write request received. */
 105:main.c        **** //            CyBle_GattsWriteRsp(cyBle_connHandle);
 106:main.c        **** //        break;
 107:main.c        **** 
 108:main.c        ****             
 109:main.c        ****         /* default catch-all case */
 110:main.c        **** 
 111:main.c        ****         default:
 112:main.c        ****         break; 
 140              		.loc 1 112 0
 141 0010 09E0     		b	.L8
 142              	.L7:
  78:main.c        ****             CY_SET_XTND_REG32((void CYFAR *)(CYREG_SRSS_TST_DDFT_CTRL), 0x80000302);
 143              		.loc 1 78 0
 144 0012 074B     		ldr	r3, .L9
 145 0014 074A     		ldr	r2, .L9+4
 146 0016 1A60     		str	r2, [r3]
  79:main.c        ****             CyBle_GappStartAdvertisement( CYBLE_ADVERTISING_FAST );
 147              		.loc 1 79 0
 148 0018 074B     		ldr	r3, .L9+8
 149 001a 084A     		ldr	r2, .L9+12
 150 001c 1A60     		str	r2, [r3]
  80:main.c        ****         break;
 151              		.loc 1 80 0
 152 001e 0020     		movs	r0, #0
 153 0020 FFF7FEFF 		bl	CyBle_GappStartAdvertisement
  81:main.c        ****             
 154              		.loc 1 81 0
 155 0024 C046     		nop
 156              	.L8:
 113:main.c        ****     }
 114:main.c        **** 
 115:main.c        **** }        
 157              		.loc 1 115 0
 158 0026 C046     		nop
 159 0028 BD46     		mov	sp, r7
 160 002a 02B0     		add	sp, sp, #8
 161              		@ sp needed
 162 002c 80BD     		pop	{r7, pc}
 163              	.L10:
 164 002e C046     		.align	2
 165              	.L9:
 166 0030 60F02E40 		.word	1076818016
ARM GAS  C:\Users\megan\AppData\Local\Temp\cc94iAc8.s 			page 6


 167 0034 31030000 		.word	817
 168 0038 08000340 		.word	1073938440
 169 003c 02030080 		.word	-2147482878
 170              		.cfi_endproc
 171              	.LFE36:
 172              		.size	StackEventHandler, .-StackEventHandler
 173              		.text
 174              	.Letext0:
 175              		.file 2 "Generated_Source\\PSoC4/cytypes.h"
 176              		.file 3 "Generated_Source\\PSoC4/BLE_1_Stack.h"
 177              		.file 4 "Generated_Source\\PSoC4/BLE_1_StackGatt.h"
 178              		.file 5 "Generated_Source\\PSoC4/BLE_1_StackGattServer.h"
 179              		.file 6 "Generated_Source\\PSoC4/BLE_1_eventHandler.h"
 180              		.section	.debug_info,"",%progbits
 181              	.Ldebug_info0:
 182 0000 31050000 		.4byte	0x531
 183 0004 0400     		.2byte	0x4
 184 0006 00000000 		.4byte	.Ldebug_abbrev0
 185 000a 04       		.byte	0x4
 186 000b 01       		.uleb128 0x1
 187 000c 1A080000 		.4byte	.LASF149
 188 0010 0C       		.byte	0xc
 189 0011 F2070000 		.4byte	.LASF150
 190 0015 AC010000 		.4byte	.LASF151
 191 0019 00000000 		.4byte	.Ldebug_ranges0+0
 192 001d 00000000 		.4byte	0
 193 0021 00000000 		.4byte	.Ldebug_line0
 194 0025 02       		.uleb128 0x2
 195 0026 01       		.byte	0x1
 196 0027 06       		.byte	0x6
 197 0028 9F030000 		.4byte	.LASF0
 198 002c 02       		.uleb128 0x2
 199 002d 01       		.byte	0x1
 200 002e 08       		.byte	0x8
 201 002f 8D0B0000 		.4byte	.LASF1
 202 0033 02       		.uleb128 0x2
 203 0034 02       		.byte	0x2
 204 0035 05       		.byte	0x5
 205 0036 BF0B0000 		.4byte	.LASF2
 206 003a 02       		.uleb128 0x2
 207 003b 02       		.byte	0x2
 208 003c 07       		.byte	0x7
 209 003d 200E0000 		.4byte	.LASF3
 210 0041 02       		.uleb128 0x2
 211 0042 04       		.byte	0x4
 212 0043 05       		.byte	0x5
 213 0044 86020000 		.4byte	.LASF4
 214 0048 02       		.uleb128 0x2
 215 0049 04       		.byte	0x4
 216 004a 07       		.byte	0x7
 217 004b 5D060000 		.4byte	.LASF5
 218 004f 02       		.uleb128 0x2
 219 0050 08       		.byte	0x8
 220 0051 05       		.byte	0x5
 221 0052 91030000 		.4byte	.LASF6
 222 0056 02       		.uleb128 0x2
 223 0057 08       		.byte	0x8
ARM GAS  C:\Users\megan\AppData\Local\Temp\cc94iAc8.s 			page 7


 224 0058 07       		.byte	0x7
 225 0059 B8050000 		.4byte	.LASF7
 226 005d 03       		.uleb128 0x3
 227 005e 04       		.byte	0x4
 228 005f 05       		.byte	0x5
 229 0060 696E7400 		.ascii	"int\000"
 230 0064 02       		.uleb128 0x2
 231 0065 04       		.byte	0x4
 232 0066 07       		.byte	0x7
 233 0067 250D0000 		.4byte	.LASF8
 234 006b 04       		.uleb128 0x4
 235 006c BA040000 		.4byte	.LASF9
 236 0070 02       		.byte	0x2
 237 0071 D201     		.2byte	0x1d2
 238 0073 2C000000 		.4byte	0x2c
 239 0077 04       		.uleb128 0x4
 240 0078 3F000000 		.4byte	.LASF10
 241 007c 02       		.byte	0x2
 242 007d D301     		.2byte	0x1d3
 243 007f 3A000000 		.4byte	0x3a
 244 0083 04       		.uleb128 0x4
 245 0084 25050000 		.4byte	.LASF11
 246 0088 02       		.byte	0x2
 247 0089 D401     		.2byte	0x1d4
 248 008b 48000000 		.4byte	0x48
 249 008f 02       		.uleb128 0x2
 250 0090 04       		.byte	0x4
 251 0091 04       		.byte	0x4
 252 0092 2C0B0000 		.4byte	.LASF12
 253 0096 02       		.uleb128 0x2
 254 0097 08       		.byte	0x8
 255 0098 04       		.byte	0x4
 256 0099 DF040000 		.4byte	.LASF13
 257 009d 02       		.uleb128 0x2
 258 009e 01       		.byte	0x1
 259 009f 08       		.byte	0x8
 260 00a0 DE0C0000 		.4byte	.LASF14
 261 00a4 04       		.uleb128 0x4
 262 00a5 E5080000 		.4byte	.LASF15
 263 00a9 02       		.byte	0x2
 264 00aa 7E02     		.2byte	0x27e
 265 00ac B0000000 		.4byte	0xb0
 266 00b0 05       		.uleb128 0x5
 267 00b1 83000000 		.4byte	0x83
 268 00b5 02       		.uleb128 0x2
 269 00b6 08       		.byte	0x8
 270 00b7 04       		.byte	0x4
 271 00b8 D20C0000 		.4byte	.LASF16
 272 00bc 02       		.uleb128 0x2
 273 00bd 04       		.byte	0x4
 274 00be 07       		.byte	0x7
 275 00bf 9B090000 		.4byte	.LASF17
 276 00c3 06       		.uleb128 0x6
 277 00c4 04       		.byte	0x4
 278 00c5 07       		.uleb128 0x7
 279 00c6 01       		.byte	0x1
 280 00c7 2C000000 		.4byte	0x2c
ARM GAS  C:\Users\megan\AppData\Local\Temp\cc94iAc8.s 			page 8


 281 00cb 03       		.byte	0x3
 282 00cc 4D01     		.2byte	0x14d
 283 00ce 83020000 		.4byte	0x283
 284 00d2 08       		.uleb128 0x8
 285 00d3 51070000 		.4byte	.LASF18
 286 00d7 00       		.byte	0
 287 00d8 08       		.uleb128 0x8
 288 00d9 AB030000 		.4byte	.LASF19
 289 00dd 01       		.byte	0x1
 290 00de 08       		.uleb128 0x8
 291 00df 74020000 		.4byte	.LASF20
 292 00e3 02       		.byte	0x2
 293 00e4 08       		.uleb128 0x8
 294 00e5 070E0000 		.4byte	.LASF21
 295 00e9 03       		.byte	0x3
 296 00ea 08       		.uleb128 0x8
 297 00eb F7020000 		.4byte	.LASF22
 298 00ef 04       		.byte	0x4
 299 00f0 08       		.uleb128 0x8
 300 00f1 23000000 		.4byte	.LASF23
 301 00f5 05       		.byte	0x5
 302 00f6 08       		.uleb128 0x8
 303 00f7 86070000 		.4byte	.LASF24
 304 00fb 06       		.byte	0x6
 305 00fc 08       		.uleb128 0x8
 306 00fd EB080000 		.4byte	.LASF25
 307 0101 20       		.byte	0x20
 308 0102 08       		.uleb128 0x8
 309 0103 07040000 		.4byte	.LASF26
 310 0107 21       		.byte	0x21
 311 0108 08       		.uleb128 0x8
 312 0109 AF070000 		.4byte	.LASF27
 313 010d 22       		.byte	0x22
 314 010e 08       		.uleb128 0x8
 315 010f E10D0000 		.4byte	.LASF28
 316 0113 23       		.byte	0x23
 317 0114 08       		.uleb128 0x8
 318 0115 550A0000 		.4byte	.LASF29
 319 0119 24       		.byte	0x24
 320 011a 08       		.uleb128 0x8
 321 011b C2090000 		.4byte	.LASF30
 322 011f 25       		.byte	0x25
 323 0120 08       		.uleb128 0x8
 324 0121 6F040000 		.4byte	.LASF31
 325 0125 26       		.byte	0x26
 326 0126 08       		.uleb128 0x8
 327 0127 D3070000 		.4byte	.LASF32
 328 012b 27       		.byte	0x27
 329 012c 08       		.uleb128 0x8
 330 012d 030D0000 		.4byte	.LASF33
 331 0131 28       		.byte	0x28
 332 0132 08       		.uleb128 0x8
 333 0133 4B030000 		.4byte	.LASF34
 334 0137 29       		.byte	0x29
 335 0138 08       		.uleb128 0x8
 336 0139 A9000000 		.4byte	.LASF35
 337 013d 2A       		.byte	0x2a
ARM GAS  C:\Users\megan\AppData\Local\Temp\cc94iAc8.s 			page 9


 338 013e 08       		.uleb128 0x8
 339 013f 26010000 		.4byte	.LASF36
 340 0143 2B       		.byte	0x2b
 341 0144 08       		.uleb128 0x8
 342 0145 880F0000 		.4byte	.LASF37
 343 0149 2C       		.byte	0x2c
 344 014a 08       		.uleb128 0x8
 345 014b 68030000 		.4byte	.LASF38
 346 014f 2D       		.byte	0x2d
 347 0150 08       		.uleb128 0x8
 348 0151 9B0B0000 		.4byte	.LASF39
 349 0155 2E       		.byte	0x2e
 350 0156 08       		.uleb128 0x8
 351 0157 45010000 		.4byte	.LASF40
 352 015b 2F       		.byte	0x2f
 353 015c 08       		.uleb128 0x8
 354 015d 170A0000 		.4byte	.LASF41
 355 0161 30       		.byte	0x30
 356 0162 08       		.uleb128 0x8
 357 0163 EC0F0000 		.4byte	.LASF42
 358 0167 31       		.byte	0x31
 359 0168 08       		.uleb128 0x8
 360 0169 F6090000 		.4byte	.LASF43
 361 016d 32       		.byte	0x32
 362 016e 08       		.uleb128 0x8
 363 016f 740C0000 		.4byte	.LASF44
 364 0173 33       		.byte	0x33
 365 0174 08       		.uleb128 0x8
 366 0175 6F060000 		.4byte	.LASF45
 367 0179 34       		.byte	0x34
 368 017a 08       		.uleb128 0x8
 369 017b 380A0000 		.4byte	.LASF46
 370 017f 35       		.byte	0x35
 371 0180 08       		.uleb128 0x8
 372 0181 F9070000 		.4byte	.LASF47
 373 0185 36       		.byte	0x36
 374 0186 08       		.uleb128 0x8
 375 0187 1D090000 		.4byte	.LASF48
 376 018b 37       		.byte	0x37
 377 018c 08       		.uleb128 0x8
 378 018d 49050000 		.4byte	.LASF49
 379 0191 40       		.byte	0x40
 380 0192 08       		.uleb128 0x8
 381 0193 A8080000 		.4byte	.LASF50
 382 0197 41       		.byte	0x41
 383 0198 08       		.uleb128 0x8
 384 0199 2C100000 		.4byte	.LASF51
 385 019d 42       		.byte	0x42
 386 019e 08       		.uleb128 0x8
 387 019f 660E0000 		.4byte	.LASF52
 388 01a3 43       		.byte	0x43
 389 01a4 08       		.uleb128 0x8
 390 01a5 AF060000 		.4byte	.LASF53
 391 01a9 44       		.byte	0x44
 392 01aa 08       		.uleb128 0x8
 393 01ab 050B0000 		.4byte	.LASF54
 394 01af 45       		.byte	0x45
ARM GAS  C:\Users\megan\AppData\Local\Temp\cc94iAc8.s 			page 10


 395 01b0 08       		.uleb128 0x8
 396 01b1 7A090000 		.4byte	.LASF55
 397 01b5 46       		.byte	0x46
 398 01b6 08       		.uleb128 0x8
 399 01b7 68070000 		.4byte	.LASF56
 400 01bb 47       		.byte	0x47
 401 01bc 08       		.uleb128 0x8
 402 01bd 4C0F0000 		.4byte	.LASF57
 403 01c1 48       		.byte	0x48
 404 01c2 08       		.uleb128 0x8
 405 01c3 1E040000 		.4byte	.LASF58
 406 01c7 49       		.byte	0x49
 407 01c8 08       		.uleb128 0x8
 408 01c9 B20E0000 		.4byte	.LASF59
 409 01cd 4A       		.byte	0x4a
 410 01ce 08       		.uleb128 0x8
 411 01cf 6E010000 		.4byte	.LASF60
 412 01d3 4B       		.byte	0x4b
 413 01d4 08       		.uleb128 0x8
 414 01d5 95060000 		.4byte	.LASF61
 415 01d9 4C       		.byte	0x4c
 416 01da 08       		.uleb128 0x8
 417 01db DC090000 		.4byte	.LASF62
 418 01df 4D       		.byte	0x4d
 419 01e0 08       		.uleb128 0x8
 420 01e1 51040000 		.4byte	.LASF63
 421 01e5 4E       		.byte	0x4e
 422 01e6 08       		.uleb128 0x8
 423 01e7 160C0000 		.4byte	.LASF64
 424 01eb 4F       		.byte	0x4f
 425 01ec 08       		.uleb128 0x8
 426 01ed 8D010000 		.4byte	.LASF65
 427 01f1 50       		.byte	0x50
 428 01f2 08       		.uleb128 0x8
 429 01f3 C0040000 		.4byte	.LASF66
 430 01f7 51       		.byte	0x51
 431 01f8 08       		.uleb128 0x8
 432 01f9 8E0A0000 		.4byte	.LASF67
 433 01fd 52       		.byte	0x52
 434 01fe 08       		.uleb128 0x8
 435 01ff C90B0000 		.4byte	.LASF68
 436 0203 53       		.byte	0x53
 437 0204 08       		.uleb128 0x8
 438 0205 350C0000 		.4byte	.LASF69
 439 0209 54       		.byte	0x54
 440 020a 08       		.uleb128 0x8
 441 020b CD060000 		.4byte	.LASF70
 442 020f 55       		.byte	0x55
 443 0210 08       		.uleb128 0x8
 444 0211 D5050000 		.4byte	.LASF71
 445 0215 56       		.byte	0x56
 446 0216 08       		.uleb128 0x8
 447 0217 420D0000 		.4byte	.LASF72
 448 021b 57       		.byte	0x57
 449 021c 08       		.uleb128 0x8
 450 021d F1060000 		.4byte	.LASF73
 451 0221 58       		.byte	0x58
ARM GAS  C:\Users\megan\AppData\Local\Temp\cc94iAc8.s 			page 11


 452 0222 08       		.uleb128 0x8
 453 0223 63050000 		.4byte	.LASF74
 454 0227 70       		.byte	0x70
 455 0228 08       		.uleb128 0x8
 456 0229 C10F0000 		.4byte	.LASF75
 457 022d 71       		.byte	0x71
 458 022e 08       		.uleb128 0x8
 459 022f C9080000 		.4byte	.LASF76
 460 0233 72       		.byte	0x72
 461 0234 08       		.uleb128 0x8
 462 0235 320B0000 		.4byte	.LASF77
 463 0239 73       		.byte	0x73
 464 023a 08       		.uleb128 0x8
 465 023b E70A0000 		.4byte	.LASF78
 466 023f 74       		.byte	0x74
 467 0240 08       		.uleb128 0x8
 468 0241 E6040000 		.4byte	.LASF79
 469 0245 75       		.byte	0x75
 470 0246 08       		.uleb128 0x8
 471 0247 D2000000 		.4byte	.LASF80
 472 024b 76       		.byte	0x76
 473 024c 08       		.uleb128 0x8
 474 024d 46000000 		.4byte	.LASF81
 475 0251 77       		.byte	0x77
 476 0252 08       		.uleb128 0x8
 477 0253 00000000 		.4byte	.LASF82
 478 0257 78       		.byte	0x78
 479 0258 08       		.uleb128 0x8
 480 0259 6B0D0000 		.4byte	.LASF83
 481 025d 79       		.byte	0x79
 482 025e 08       		.uleb128 0x8
 483 025f 89050000 		.4byte	.LASF84
 484 0263 7A       		.byte	0x7a
 485 0264 08       		.uleb128 0x8
 486 0265 0C030000 		.4byte	.LASF85
 487 0269 FA       		.byte	0xfa
 488 026a 08       		.uleb128 0x8
 489 026b 15060000 		.4byte	.LASF86
 490 026f FB       		.byte	0xfb
 491 0270 08       		.uleb128 0x8
 492 0271 EA0B0000 		.4byte	.LASF87
 493 0275 FC       		.byte	0xfc
 494 0276 08       		.uleb128 0x8
 495 0277 72100000 		.4byte	.LASF88
 496 027b FD       		.byte	0xfd
 497 027c 08       		.uleb128 0x8
 498 027d 2C050000 		.4byte	.LASF89
 499 0281 FF       		.byte	0xff
 500 0282 00       		.byte	0
 501 0283 07       		.uleb128 0x7
 502 0284 02       		.byte	0x2
 503 0285 3A000000 		.4byte	0x3a
 504 0289 03       		.byte	0x3
 505 028a 0204     		.2byte	0x402
 506 028c 5C030000 		.4byte	0x35c
 507 0290 08       		.uleb128 0x8
 508 0291 3A050000 		.4byte	.LASF90
ARM GAS  C:\Users\megan\AppData\Local\Temp\cc94iAc8.s 			page 12


 509 0295 00       		.byte	0
 510 0296 08       		.uleb128 0x8
 511 0297 07050000 		.4byte	.LASF91
 512 029b 01       		.byte	0x1
 513 029c 08       		.uleb128 0x8
 514 029d 480E0000 		.4byte	.LASF92
 515 02a1 02       		.byte	0x2
 516 02a2 08       		.uleb128 0x8
 517 02a3 84000000 		.4byte	.LASF93
 518 02a7 03       		.byte	0x3
 519 02a8 08       		.uleb128 0x8
 520 02a9 8F0E0000 		.4byte	.LASF94
 521 02ad 04       		.byte	0x4
 522 02ae 08       		.uleb128 0x8
 523 02af F7050000 		.4byte	.LASF95
 524 02b3 05       		.byte	0x5
 525 02b4 08       		.uleb128 0x8
 526 02b5 FC0B0000 		.4byte	.LASF96
 527 02b9 06       		.byte	0x6
 528 02ba 08       		.uleb128 0x8
 529 02bb E0030000 		.4byte	.LASF97
 530 02bf 07       		.byte	0x7
 531 02c0 08       		.uleb128 0x8
 532 02c1 560C0000 		.4byte	.LASF98
 533 02c5 08       		.byte	0x8
 534 02c6 08       		.uleb128 0x8
 535 02c7 730F0000 		.4byte	.LASF99
 536 02cb 09       		.byte	0x9
 537 02cc 08       		.uleb128 0x8
 538 02cd 500B0000 		.4byte	.LASF100
 539 02d1 0A       		.byte	0xa
 540 02d2 08       		.uleb128 0x8
 541 02d3 E30C0000 		.4byte	.LASF101
 542 02d7 0B       		.byte	0xb
 543 02d8 08       		.uleb128 0x8
 544 02d9 34030000 		.4byte	.LASF102
 545 02dd 0C       		.byte	0xc
 546 02de 08       		.uleb128 0x8
 547 02df BF020000 		.4byte	.LASF103
 548 02e3 0D       		.byte	0xd
 549 02e4 08       		.uleb128 0x8
 550 02e5 34060000 		.4byte	.LASF104
 551 02e9 0E       		.byte	0xe
 552 02ea 08       		.uleb128 0x8
 553 02eb 270F0000 		.4byte	.LASF105
 554 02ef 0F       		.byte	0xf
 555 02f0 08       		.uleb128 0x8
 556 02f1 B30D0000 		.4byte	.LASF106
 557 02f5 10       		.byte	0x10
 558 02f6 08       		.uleb128 0x8
 559 02f7 14070000 		.4byte	.LASF107
 560 02fb 11       		.byte	0x11
 561 02fc 08       		.uleb128 0x8
 562 02fd 97040000 		.4byte	.LASF108
 563 0301 12       		.byte	0x12
 564 0302 08       		.uleb128 0x8
 565 0303 4A100000 		.4byte	.LASF109
ARM GAS  C:\Users\megan\AppData\Local\Temp\cc94iAc8.s 			page 13


 566 0307 13       		.byte	0x13
 567 0308 08       		.uleb128 0x8
 568 0309 BE030000 		.4byte	.LASF110
 569 030d 27       		.byte	0x27
 570 030e 08       		.uleb128 0x8
 571 030f 8E0D0000 		.4byte	.LASF111
 572 0313 28       		.byte	0x28
 573 0314 08       		.uleb128 0x8
 574 0315 0B0F0000 		.4byte	.LASF112
 575 0319 29       		.byte	0x29
 576 031a 08       		.uleb128 0x8
 577 031b 8F020000 		.4byte	.LASF113
 578 031f 2A       		.byte	0x2a
 579 0320 08       		.uleb128 0x8
 580 0321 F3000000 		.4byte	.LASF114
 581 0325 2B       		.byte	0x2b
 582 0326 08       		.uleb128 0x8
 583 0327 62090000 		.4byte	.LASF115
 584 032b 2C       		.byte	0x2c
 585 032c 08       		.uleb128 0x8
 586 032d D00E0000 		.4byte	.LASF116
 587 0331 FE       		.byte	0xfe
 588 0332 08       		.uleb128 0x8
 589 0333 52090000 		.4byte	.LASF117
 590 0337 FF       		.byte	0xff
 591 0338 09       		.uleb128 0x9
 592 0339 38070000 		.4byte	.LASF118
 593 033d 0001     		.2byte	0x100
 594 033f 09       		.uleb128 0x9
 595 0340 AF0A0000 		.4byte	.LASF119
 596 0344 0101     		.2byte	0x101
 597 0346 09       		.uleb128 0x9
 598 0347 6A0B0000 		.4byte	.LASF120
 599 034b 0201     		.2byte	0x102
 600 034d 09       		.uleb128 0x9
 601 034e 37040000 		.4byte	.LASF121
 602 0352 0301     		.2byte	0x103
 603 0354 09       		.uleb128 0x9
 604 0355 BB0C0000 		.4byte	.LASF122
 605 0359 0401     		.2byte	0x104
 606 035b 00       		.byte	0
 607 035c 04       		.uleb128 0x4
 608 035d 7B0A0000 		.4byte	.LASF123
 609 0361 03       		.byte	0x3
 610 0362 7104     		.2byte	0x471
 611 0364 83020000 		.4byte	0x283
 612 0368 0A       		.uleb128 0xa
 613 0369 04       		.byte	0x4
 614 036a 6B000000 		.4byte	0x6b
 615 036e 04       		.uleb128 0x4
 616 036f 10100000 		.4byte	.LASF124
 617 0373 04       		.byte	0x4
 618 0374 8901     		.2byte	0x189
 619 0376 77000000 		.4byte	0x77
 620 037a 0B       		.uleb128 0xb
 621 037b 02       		.byte	0x2
 622 037c 04       		.byte	0x4
ARM GAS  C:\Users\megan\AppData\Local\Temp\cc94iAc8.s 			page 14


 623 037d 9301     		.2byte	0x193
 624 037f 9E030000 		.4byte	0x39e
 625 0383 0C       		.uleb128 0xc
 626 0384 AC0F0000 		.4byte	.LASF125
 627 0388 04       		.byte	0x4
 628 0389 9A01     		.2byte	0x19a
 629 038b 6B000000 		.4byte	0x6b
 630 038f 00       		.byte	0
 631 0390 0C       		.uleb128 0xc
 632 0391 C3080000 		.4byte	.LASF126
 633 0395 04       		.byte	0x4
 634 0396 A001     		.2byte	0x1a0
 635 0398 6B000000 		.4byte	0x6b
 636 039c 01       		.byte	0x1
 637 039d 00       		.byte	0
 638 039e 04       		.uleb128 0x4
 639 039f 65000000 		.4byte	.LASF127
 640 03a3 04       		.byte	0x4
 641 03a4 A201     		.2byte	0x1a2
 642 03a6 7A030000 		.4byte	0x37a
 643 03aa 0B       		.uleb128 0xb
 644 03ab 08       		.byte	0x8
 645 03ac 04       		.byte	0x4
 646 03ad BE01     		.2byte	0x1be
 647 03af DB030000 		.4byte	0x3db
 648 03b3 0D       		.uleb128 0xd
 649 03b4 76616C00 		.ascii	"val\000"
 650 03b8 04       		.byte	0x4
 651 03b9 C101     		.2byte	0x1c1
 652 03bb 68030000 		.4byte	0x368
 653 03bf 00       		.byte	0
 654 03c0 0D       		.uleb128 0xd
 655 03c1 6C656E00 		.ascii	"len\000"
 656 03c5 04       		.byte	0x4
 657 03c6 C401     		.2byte	0x1c4
 658 03c8 77000000 		.4byte	0x77
 659 03cc 04       		.byte	0x4
 660 03cd 0C       		.uleb128 0xc
 661 03ce FD030000 		.4byte	.LASF128
 662 03d2 04       		.byte	0x4
 663 03d3 CB01     		.2byte	0x1cb
 664 03d5 77000000 		.4byte	0x77
 665 03d9 06       		.byte	0x6
 666 03da 00       		.byte	0
 667 03db 04       		.uleb128 0x4
 668 03dc E4020000 		.4byte	.LASF129
 669 03e0 04       		.byte	0x4
 670 03e1 CD01     		.2byte	0x1cd
 671 03e3 AA030000 		.4byte	0x3aa
 672 03e7 0B       		.uleb128 0xb
 673 03e8 0C       		.byte	0xc
 674 03e9 04       		.byte	0x4
 675 03ea D001     		.2byte	0x1d0
 676 03ec 0B040000 		.4byte	0x40b
 677 03f0 0C       		.uleb128 0xc
 678 03f1 CF050000 		.4byte	.LASF130
 679 03f5 04       		.byte	0x4
ARM GAS  C:\Users\megan\AppData\Local\Temp\cc94iAc8.s 			page 15


 680 03f6 D301     		.2byte	0x1d3
 681 03f8 DB030000 		.4byte	0x3db
 682 03fc 00       		.byte	0
 683 03fd 0C       		.uleb128 0xc
 684 03fe AD050000 		.4byte	.LASF131
 685 0402 04       		.byte	0x4
 686 0403 D601     		.2byte	0x1d6
 687 0405 6E030000 		.4byte	0x36e
 688 0409 08       		.byte	0x8
 689 040a 00       		.byte	0
 690 040b 04       		.uleb128 0x4
 691 040c C80A0000 		.4byte	.LASF132
 692 0410 04       		.byte	0x4
 693 0411 D801     		.2byte	0x1d8
 694 0413 E7030000 		.4byte	0x3e7
 695 0417 0E       		.uleb128 0xe
 696 0418 10       		.byte	0x10
 697 0419 05       		.byte	0x5
 698 041a 8A       		.byte	0x8a
 699 041b 38040000 		.4byte	0x438
 700 041f 0F       		.uleb128 0xf
 701 0420 79000000 		.4byte	.LASF133
 702 0424 05       		.byte	0x5
 703 0425 8D       		.byte	0x8d
 704 0426 9E030000 		.4byte	0x39e
 705 042a 00       		.byte	0
 706 042b 0F       		.uleb128 0xf
 707 042c 0F090000 		.4byte	.LASF134
 708 0430 05       		.byte	0x5
 709 0431 90       		.byte	0x90
 710 0432 0B040000 		.4byte	0x40b
 711 0436 04       		.byte	0x4
 712 0437 00       		.byte	0
 713 0438 10       		.uleb128 0x10
 714 0439 A4090000 		.4byte	.LASF135
 715 043d 05       		.byte	0x5
 716 043e 92       		.byte	0x92
 717 043f 17040000 		.4byte	0x417
 718 0443 07       		.uleb128 0x7
 719 0444 01       		.byte	0x1
 720 0445 2C000000 		.4byte	0x2c
 721 0449 06       		.byte	0x6
 722 044a 9308     		.2byte	0x893
 723 044c 63040000 		.4byte	0x463
 724 0450 08       		.uleb128 0x8
 725 0451 AC0C0000 		.4byte	.LASF136
 726 0455 00       		.byte	0
 727 0456 08       		.uleb128 0x8
 728 0457 320D0000 		.4byte	.LASF137
 729 045b 01       		.byte	0x1
 730 045c 08       		.uleb128 0x8
 731 045d 9B0C0000 		.4byte	.LASF138
 732 0461 02       		.byte	0x2
 733 0462 00       		.byte	0
 734 0463 11       		.uleb128 0x11
 735 0464 E70F0000 		.4byte	.LASF139
 736 0468 01       		.byte	0x1
ARM GAS  C:\Users\megan\AppData\Local\Temp\cc94iAc8.s 			page 16


 737 0469 1C       		.byte	0x1c
 738 046a 5D000000 		.4byte	0x5d
 739 046e 00000000 		.4byte	.LFB35
 740 0472 40000000 		.4byte	.LFE35-.LFB35
 741 0476 01       		.uleb128 0x1
 742 0477 9C       		.byte	0x9c
 743 0478 8B040000 		.4byte	0x48b
 744 047c 12       		.uleb128 0x12
 745 047d 710A0000 		.4byte	.LASF152
 746 0481 01       		.byte	0x1
 747 0482 1F       		.byte	0x1f
 748 0483 5C030000 		.4byte	0x35c
 749 0487 02       		.uleb128 0x2
 750 0488 91       		.byte	0x91
 751 0489 6E       		.sleb128 -18
 752 048a 00       		.byte	0
 753 048b 13       		.uleb128 0x13
 754 048c EC0E0000 		.4byte	.LASF140
 755 0490 01       		.byte	0x1
 756 0491 43       		.byte	0x43
 757 0492 00000000 		.4byte	.LFB36
 758 0496 40000000 		.4byte	.LFE36-.LFB36
 759 049a 01       		.uleb128 0x1
 760 049b 9C       		.byte	0x9c
 761 049c C8040000 		.4byte	0x4c8
 762 04a0 14       		.uleb128 0x14
 763 04a1 2A030000 		.4byte	.LASF141
 764 04a5 01       		.byte	0x1
 765 04a6 43       		.byte	0x43
 766 04a7 83000000 		.4byte	0x83
 767 04ab 02       		.uleb128 0x2
 768 04ac 91       		.byte	0x91
 769 04ad 74       		.sleb128 -12
 770 04ae 14       		.uleb128 0x14
 771 04af 840E0000 		.4byte	.LASF142
 772 04b3 01       		.byte	0x1
 773 04b4 43       		.byte	0x43
 774 04b5 C3000000 		.4byte	0xc3
 775 04b9 02       		.uleb128 0x2
 776 04ba 91       		.byte	0x91
 777 04bb 70       		.sleb128 -16
 778 04bc 15       		.uleb128 0x15
 779 04bd 69020000 		.4byte	.LASF153
 780 04c1 01       		.byte	0x1
 781 04c2 45       		.byte	0x45
 782 04c3 C8040000 		.4byte	0x4c8
 783 04c7 00       		.byte	0
 784 04c8 0A       		.uleb128 0xa
 785 04c9 04       		.byte	0x4
 786 04ca 38040000 		.4byte	0x438
 787 04ce 16       		.uleb128 0x16
 788 04cf B50F0000 		.4byte	.LASF143
 789 04d3 01       		.byte	0x1
 790 04d4 14       		.byte	0x14
 791 04d5 6B000000 		.4byte	0x6b
 792 04d9 05       		.uleb128 0x5
 793 04da 03       		.byte	0x3
ARM GAS  C:\Users\megan\AppData\Local\Temp\cc94iAc8.s 			page 17


 794 04db 00000000 		.4byte	number_read
 795 04df 16       		.uleb128 0x16
 796 04e0 FE0E0000 		.4byte	.LASF144
 797 04e4 01       		.byte	0x1
 798 04e5 15       		.byte	0x15
 799 04e6 6B000000 		.4byte	0x6b
 800 04ea 05       		.uleb128 0x5
 801 04eb 03       		.byte	0x3
 802 04ec 00000000 		.4byte	number_write
 803 04f0 16       		.uleb128 0x16
 804 04f1 87060000 		.4byte	.LASF145
 805 04f5 01       		.byte	0x1
 806 04f6 16       		.byte	0x16
 807 04f7 6B000000 		.4byte	0x6b
 808 04fb 05       		.uleb128 0x5
 809 04fc 03       		.byte	0x3
 810 04fd 00000000 		.4byte	number_notify
 811 0501 16       		.uleb128 0x16
 812 0502 9F070000 		.4byte	.LASF146
 813 0506 01       		.byte	0x1
 814 0507 17       		.byte	0x17
 815 0508 6B000000 		.4byte	0x6b
 816 050c 05       		.uleb128 0x5
 817 050d 03       		.byte	0x3
 818 050e 00000000 		.4byte	number_indicate
 819 0512 16       		.uleb128 0x16
 820 0513 330E0000 		.4byte	.LASF147
 821 0517 01       		.byte	0x1
 822 0518 19       		.byte	0x19
 823 0519 6B000000 		.4byte	0x6b
 824 051d 05       		.uleb128 0x5
 825 051e 03       		.byte	0x3
 826 051f 00000000 		.4byte	notification_enabled
 827 0523 16       		.uleb128 0x16
 828 0524 AC020000 		.4byte	.LASF148
 829 0528 01       		.byte	0x1
 830 0529 1A       		.byte	0x1a
 831 052a 6B000000 		.4byte	0x6b
 832 052e 05       		.uleb128 0x5
 833 052f 03       		.byte	0x3
 834 0530 00000000 		.4byte	indication_enabled
 835 0534 00       		.byte	0
 836              		.section	.debug_abbrev,"",%progbits
 837              	.Ldebug_abbrev0:
 838 0000 01       		.uleb128 0x1
 839 0001 11       		.uleb128 0x11
 840 0002 01       		.byte	0x1
 841 0003 25       		.uleb128 0x25
 842 0004 0E       		.uleb128 0xe
 843 0005 13       		.uleb128 0x13
 844 0006 0B       		.uleb128 0xb
 845 0007 03       		.uleb128 0x3
 846 0008 0E       		.uleb128 0xe
 847 0009 1B       		.uleb128 0x1b
 848 000a 0E       		.uleb128 0xe
 849 000b 55       		.uleb128 0x55
 850 000c 17       		.uleb128 0x17
ARM GAS  C:\Users\megan\AppData\Local\Temp\cc94iAc8.s 			page 18


 851 000d 11       		.uleb128 0x11
 852 000e 01       		.uleb128 0x1
 853 000f 10       		.uleb128 0x10
 854 0010 17       		.uleb128 0x17
 855 0011 00       		.byte	0
 856 0012 00       		.byte	0
 857 0013 02       		.uleb128 0x2
 858 0014 24       		.uleb128 0x24
 859 0015 00       		.byte	0
 860 0016 0B       		.uleb128 0xb
 861 0017 0B       		.uleb128 0xb
 862 0018 3E       		.uleb128 0x3e
 863 0019 0B       		.uleb128 0xb
 864 001a 03       		.uleb128 0x3
 865 001b 0E       		.uleb128 0xe
 866 001c 00       		.byte	0
 867 001d 00       		.byte	0
 868 001e 03       		.uleb128 0x3
 869 001f 24       		.uleb128 0x24
 870 0020 00       		.byte	0
 871 0021 0B       		.uleb128 0xb
 872 0022 0B       		.uleb128 0xb
 873 0023 3E       		.uleb128 0x3e
 874 0024 0B       		.uleb128 0xb
 875 0025 03       		.uleb128 0x3
 876 0026 08       		.uleb128 0x8
 877 0027 00       		.byte	0
 878 0028 00       		.byte	0
 879 0029 04       		.uleb128 0x4
 880 002a 16       		.uleb128 0x16
 881 002b 00       		.byte	0
 882 002c 03       		.uleb128 0x3
 883 002d 0E       		.uleb128 0xe
 884 002e 3A       		.uleb128 0x3a
 885 002f 0B       		.uleb128 0xb
 886 0030 3B       		.uleb128 0x3b
 887 0031 05       		.uleb128 0x5
 888 0032 49       		.uleb128 0x49
 889 0033 13       		.uleb128 0x13
 890 0034 00       		.byte	0
 891 0035 00       		.byte	0
 892 0036 05       		.uleb128 0x5
 893 0037 35       		.uleb128 0x35
 894 0038 00       		.byte	0
 895 0039 49       		.uleb128 0x49
 896 003a 13       		.uleb128 0x13
 897 003b 00       		.byte	0
 898 003c 00       		.byte	0
 899 003d 06       		.uleb128 0x6
 900 003e 0F       		.uleb128 0xf
 901 003f 00       		.byte	0
 902 0040 0B       		.uleb128 0xb
 903 0041 0B       		.uleb128 0xb
 904 0042 00       		.byte	0
 905 0043 00       		.byte	0
 906 0044 07       		.uleb128 0x7
 907 0045 04       		.uleb128 0x4
ARM GAS  C:\Users\megan\AppData\Local\Temp\cc94iAc8.s 			page 19


 908 0046 01       		.byte	0x1
 909 0047 0B       		.uleb128 0xb
 910 0048 0B       		.uleb128 0xb
 911 0049 49       		.uleb128 0x49
 912 004a 13       		.uleb128 0x13
 913 004b 3A       		.uleb128 0x3a
 914 004c 0B       		.uleb128 0xb
 915 004d 3B       		.uleb128 0x3b
 916 004e 05       		.uleb128 0x5
 917 004f 01       		.uleb128 0x1
 918 0050 13       		.uleb128 0x13
 919 0051 00       		.byte	0
 920 0052 00       		.byte	0
 921 0053 08       		.uleb128 0x8
 922 0054 28       		.uleb128 0x28
 923 0055 00       		.byte	0
 924 0056 03       		.uleb128 0x3
 925 0057 0E       		.uleb128 0xe
 926 0058 1C       		.uleb128 0x1c
 927 0059 0B       		.uleb128 0xb
 928 005a 00       		.byte	0
 929 005b 00       		.byte	0
 930 005c 09       		.uleb128 0x9
 931 005d 28       		.uleb128 0x28
 932 005e 00       		.byte	0
 933 005f 03       		.uleb128 0x3
 934 0060 0E       		.uleb128 0xe
 935 0061 1C       		.uleb128 0x1c
 936 0062 05       		.uleb128 0x5
 937 0063 00       		.byte	0
 938 0064 00       		.byte	0
 939 0065 0A       		.uleb128 0xa
 940 0066 0F       		.uleb128 0xf
 941 0067 00       		.byte	0
 942 0068 0B       		.uleb128 0xb
 943 0069 0B       		.uleb128 0xb
 944 006a 49       		.uleb128 0x49
 945 006b 13       		.uleb128 0x13
 946 006c 00       		.byte	0
 947 006d 00       		.byte	0
 948 006e 0B       		.uleb128 0xb
 949 006f 13       		.uleb128 0x13
 950 0070 01       		.byte	0x1
 951 0071 0B       		.uleb128 0xb
 952 0072 0B       		.uleb128 0xb
 953 0073 3A       		.uleb128 0x3a
 954 0074 0B       		.uleb128 0xb
 955 0075 3B       		.uleb128 0x3b
 956 0076 05       		.uleb128 0x5
 957 0077 01       		.uleb128 0x1
 958 0078 13       		.uleb128 0x13
 959 0079 00       		.byte	0
 960 007a 00       		.byte	0
 961 007b 0C       		.uleb128 0xc
 962 007c 0D       		.uleb128 0xd
 963 007d 00       		.byte	0
 964 007e 03       		.uleb128 0x3
ARM GAS  C:\Users\megan\AppData\Local\Temp\cc94iAc8.s 			page 20


 965 007f 0E       		.uleb128 0xe
 966 0080 3A       		.uleb128 0x3a
 967 0081 0B       		.uleb128 0xb
 968 0082 3B       		.uleb128 0x3b
 969 0083 05       		.uleb128 0x5
 970 0084 49       		.uleb128 0x49
 971 0085 13       		.uleb128 0x13
 972 0086 38       		.uleb128 0x38
 973 0087 0B       		.uleb128 0xb
 974 0088 00       		.byte	0
 975 0089 00       		.byte	0
 976 008a 0D       		.uleb128 0xd
 977 008b 0D       		.uleb128 0xd
 978 008c 00       		.byte	0
 979 008d 03       		.uleb128 0x3
 980 008e 08       		.uleb128 0x8
 981 008f 3A       		.uleb128 0x3a
 982 0090 0B       		.uleb128 0xb
 983 0091 3B       		.uleb128 0x3b
 984 0092 05       		.uleb128 0x5
 985 0093 49       		.uleb128 0x49
 986 0094 13       		.uleb128 0x13
 987 0095 38       		.uleb128 0x38
 988 0096 0B       		.uleb128 0xb
 989 0097 00       		.byte	0
 990 0098 00       		.byte	0
 991 0099 0E       		.uleb128 0xe
 992 009a 13       		.uleb128 0x13
 993 009b 01       		.byte	0x1
 994 009c 0B       		.uleb128 0xb
 995 009d 0B       		.uleb128 0xb
 996 009e 3A       		.uleb128 0x3a
 997 009f 0B       		.uleb128 0xb
 998 00a0 3B       		.uleb128 0x3b
 999 00a1 0B       		.uleb128 0xb
 1000 00a2 01       		.uleb128 0x1
 1001 00a3 13       		.uleb128 0x13
 1002 00a4 00       		.byte	0
 1003 00a5 00       		.byte	0
 1004 00a6 0F       		.uleb128 0xf
 1005 00a7 0D       		.uleb128 0xd
 1006 00a8 00       		.byte	0
 1007 00a9 03       		.uleb128 0x3
 1008 00aa 0E       		.uleb128 0xe
 1009 00ab 3A       		.uleb128 0x3a
 1010 00ac 0B       		.uleb128 0xb
 1011 00ad 3B       		.uleb128 0x3b
 1012 00ae 0B       		.uleb128 0xb
 1013 00af 49       		.uleb128 0x49
 1014 00b0 13       		.uleb128 0x13
 1015 00b1 38       		.uleb128 0x38
 1016 00b2 0B       		.uleb128 0xb
 1017 00b3 00       		.byte	0
 1018 00b4 00       		.byte	0
 1019 00b5 10       		.uleb128 0x10
 1020 00b6 16       		.uleb128 0x16
 1021 00b7 00       		.byte	0
ARM GAS  C:\Users\megan\AppData\Local\Temp\cc94iAc8.s 			page 21


 1022 00b8 03       		.uleb128 0x3
 1023 00b9 0E       		.uleb128 0xe
 1024 00ba 3A       		.uleb128 0x3a
 1025 00bb 0B       		.uleb128 0xb
 1026 00bc 3B       		.uleb128 0x3b
 1027 00bd 0B       		.uleb128 0xb
 1028 00be 49       		.uleb128 0x49
 1029 00bf 13       		.uleb128 0x13
 1030 00c0 00       		.byte	0
 1031 00c1 00       		.byte	0
 1032 00c2 11       		.uleb128 0x11
 1033 00c3 2E       		.uleb128 0x2e
 1034 00c4 01       		.byte	0x1
 1035 00c5 3F       		.uleb128 0x3f
 1036 00c6 19       		.uleb128 0x19
 1037 00c7 03       		.uleb128 0x3
 1038 00c8 0E       		.uleb128 0xe
 1039 00c9 3A       		.uleb128 0x3a
 1040 00ca 0B       		.uleb128 0xb
 1041 00cb 3B       		.uleb128 0x3b
 1042 00cc 0B       		.uleb128 0xb
 1043 00cd 49       		.uleb128 0x49
 1044 00ce 13       		.uleb128 0x13
 1045 00cf 11       		.uleb128 0x11
 1046 00d0 01       		.uleb128 0x1
 1047 00d1 12       		.uleb128 0x12
 1048 00d2 06       		.uleb128 0x6
 1049 00d3 40       		.uleb128 0x40
 1050 00d4 18       		.uleb128 0x18
 1051 00d5 9642     		.uleb128 0x2116
 1052 00d7 19       		.uleb128 0x19
 1053 00d8 01       		.uleb128 0x1
 1054 00d9 13       		.uleb128 0x13
 1055 00da 00       		.byte	0
 1056 00db 00       		.byte	0
 1057 00dc 12       		.uleb128 0x12
 1058 00dd 34       		.uleb128 0x34
 1059 00de 00       		.byte	0
 1060 00df 03       		.uleb128 0x3
 1061 00e0 0E       		.uleb128 0xe
 1062 00e1 3A       		.uleb128 0x3a
 1063 00e2 0B       		.uleb128 0xb
 1064 00e3 3B       		.uleb128 0x3b
 1065 00e4 0B       		.uleb128 0xb
 1066 00e5 49       		.uleb128 0x49
 1067 00e6 13       		.uleb128 0x13
 1068 00e7 02       		.uleb128 0x2
 1069 00e8 18       		.uleb128 0x18
 1070 00e9 00       		.byte	0
 1071 00ea 00       		.byte	0
 1072 00eb 13       		.uleb128 0x13
 1073 00ec 2E       		.uleb128 0x2e
 1074 00ed 01       		.byte	0x1
 1075 00ee 3F       		.uleb128 0x3f
 1076 00ef 19       		.uleb128 0x19
 1077 00f0 03       		.uleb128 0x3
 1078 00f1 0E       		.uleb128 0xe
ARM GAS  C:\Users\megan\AppData\Local\Temp\cc94iAc8.s 			page 22


 1079 00f2 3A       		.uleb128 0x3a
 1080 00f3 0B       		.uleb128 0xb
 1081 00f4 3B       		.uleb128 0x3b
 1082 00f5 0B       		.uleb128 0xb
 1083 00f6 27       		.uleb128 0x27
 1084 00f7 19       		.uleb128 0x19
 1085 00f8 11       		.uleb128 0x11
 1086 00f9 01       		.uleb128 0x1
 1087 00fa 12       		.uleb128 0x12
 1088 00fb 06       		.uleb128 0x6
 1089 00fc 40       		.uleb128 0x40
 1090 00fd 18       		.uleb128 0x18
 1091 00fe 9642     		.uleb128 0x2116
 1092 0100 19       		.uleb128 0x19
 1093 0101 01       		.uleb128 0x1
 1094 0102 13       		.uleb128 0x13
 1095 0103 00       		.byte	0
 1096 0104 00       		.byte	0
 1097 0105 14       		.uleb128 0x14
 1098 0106 05       		.uleb128 0x5
 1099 0107 00       		.byte	0
 1100 0108 03       		.uleb128 0x3
 1101 0109 0E       		.uleb128 0xe
 1102 010a 3A       		.uleb128 0x3a
 1103 010b 0B       		.uleb128 0xb
 1104 010c 3B       		.uleb128 0x3b
 1105 010d 0B       		.uleb128 0xb
 1106 010e 49       		.uleb128 0x49
 1107 010f 13       		.uleb128 0x13
 1108 0110 02       		.uleb128 0x2
 1109 0111 18       		.uleb128 0x18
 1110 0112 00       		.byte	0
 1111 0113 00       		.byte	0
 1112 0114 15       		.uleb128 0x15
 1113 0115 34       		.uleb128 0x34
 1114 0116 00       		.byte	0
 1115 0117 03       		.uleb128 0x3
 1116 0118 0E       		.uleb128 0xe
 1117 0119 3A       		.uleb128 0x3a
 1118 011a 0B       		.uleb128 0xb
 1119 011b 3B       		.uleb128 0x3b
 1120 011c 0B       		.uleb128 0xb
 1121 011d 49       		.uleb128 0x49
 1122 011e 13       		.uleb128 0x13
 1123 011f 00       		.byte	0
 1124 0120 00       		.byte	0
 1125 0121 16       		.uleb128 0x16
 1126 0122 34       		.uleb128 0x34
 1127 0123 00       		.byte	0
 1128 0124 03       		.uleb128 0x3
 1129 0125 0E       		.uleb128 0xe
 1130 0126 3A       		.uleb128 0x3a
 1131 0127 0B       		.uleb128 0xb
 1132 0128 3B       		.uleb128 0x3b
 1133 0129 0B       		.uleb128 0xb
 1134 012a 49       		.uleb128 0x49
 1135 012b 13       		.uleb128 0x13
ARM GAS  C:\Users\megan\AppData\Local\Temp\cc94iAc8.s 			page 23


 1136 012c 3F       		.uleb128 0x3f
 1137 012d 19       		.uleb128 0x19
 1138 012e 02       		.uleb128 0x2
 1139 012f 18       		.uleb128 0x18
 1140 0130 00       		.byte	0
 1141 0131 00       		.byte	0
 1142 0132 00       		.byte	0
 1143              		.section	.debug_aranges,"",%progbits
 1144 0000 24000000 		.4byte	0x24
 1145 0004 0200     		.2byte	0x2
 1146 0006 00000000 		.4byte	.Ldebug_info0
 1147 000a 04       		.byte	0x4
 1148 000b 00       		.byte	0
 1149 000c 0000     		.2byte	0
 1150 000e 0000     		.2byte	0
 1151 0010 00000000 		.4byte	.LFB35
 1152 0014 40000000 		.4byte	.LFE35-.LFB35
 1153 0018 00000000 		.4byte	.LFB36
 1154 001c 40000000 		.4byte	.LFE36-.LFB36
 1155 0020 00000000 		.4byte	0
 1156 0024 00000000 		.4byte	0
 1157              		.section	.debug_ranges,"",%progbits
 1158              	.Ldebug_ranges0:
 1159 0000 00000000 		.4byte	.LFB35
 1160 0004 40000000 		.4byte	.LFE35
 1161 0008 00000000 		.4byte	.LFB36
 1162 000c 40000000 		.4byte	.LFE36
 1163 0010 00000000 		.4byte	0
 1164 0014 00000000 		.4byte	0
 1165              		.section	.debug_line,"",%progbits
 1166              	.Ldebug_line0:
 1167 0000 EE000000 		.section	.debug_str,"MS",%progbits,1
 1167      02009A00 
 1167      00000201 
 1167      FB0E0D00 
 1167      01010101 
 1168              	.LASF82:
 1169 0000 4359424C 		.ascii	"CYBLE_EVT_L2CAP_CBFC_RX_CREDIT_IND\000"
 1169      455F4556 
 1169      545F4C32 
 1169      4341505F 
 1169      43424643 
 1170              	.LASF23:
 1171 0023 4359424C 		.ascii	"CYBLE_EVT_STACK_BUSY_STATUS\000"
 1171      455F4556 
 1171      545F5354 
 1171      41434B5F 
 1171      42555359 
 1172              	.LASF10:
 1173 003f 75696E74 		.ascii	"uint16\000"
 1173      313600
 1174              	.LASF81:
 1175 0046 4359424C 		.ascii	"CYBLE_EVT_L2CAP_CBFC_DATA_READ\000"
 1175      455F4556 
 1175      545F4C32 
 1175      4341505F 
 1175      43424643 
ARM GAS  C:\Users\megan\AppData\Local\Temp\cc94iAc8.s 			page 24


 1176              	.LASF127:
 1177 0065 4359424C 		.ascii	"CYBLE_CONN_HANDLE_T\000"
 1177      455F434F 
 1177      4E4E5F48 
 1177      414E444C 
 1177      455F5400 
 1178              	.LASF133:
 1179 0079 636F6E6E 		.ascii	"connHandle\000"
 1179      48616E64 
 1179      6C6500
 1180              	.LASF93:
 1181 0084 4359424C 		.ascii	"CYBLE_ERROR_MEMORY_ALLOCATION_FAILED\000"
 1181      455F4552 
 1181      524F525F 
 1181      4D454D4F 
 1181      52595F41 
 1182              	.LASF35:
 1183 00a9 4359424C 		.ascii	"CYBLE_EVT_GAP_CONNECTION_UPDATE_COMPLETE\000"
 1183      455F4556 
 1183      545F4741 
 1183      505F434F 
 1183      4E4E4543 
 1184              	.LASF80:
 1185 00d2 4359424C 		.ascii	"CYBLE_EVT_L2CAP_CBFC_DISCONN_CNF\000"
 1185      455F4556 
 1185      545F4C32 
 1185      4341505F 
 1185      43424643 
 1186              	.LASF114:
 1187 00f3 4359424C 		.ascii	"CYBLE_ERROR_UNSUPPORTED_FEATURE_OR_PARAMETER_VALUE\000"
 1187      455F4552 
 1187      524F525F 
 1187      554E5355 
 1187      50504F52 
 1188              	.LASF36:
 1189 0126 4359424C 		.ascii	"CYBLE_EVT_GAPC_SCAN_START_STOP\000"
 1189      455F4556 
 1189      545F4741 
 1189      50435F53 
 1189      43414E5F 
 1190              	.LASF40:
 1191 0145 4359424C 		.ascii	"CYBLE_EVT_GAP_OOB_GENERATED_NOTIFICATION\000"
 1191      455F4556 
 1191      545F4741 
 1191      505F4F4F 
 1191      425F4745 
 1192              	.LASF60:
 1193 016e 4359424C 		.ascii	"CYBLE_EVT_GATTC_READ_MULTI_RSP\000"
 1193      455F4556 
 1193      545F4741 
 1193      5454435F 
 1193      52454144 
 1194              	.LASF65:
 1195 018d 4359424C 		.ascii	"CYBLE_EVT_GATTS_EXEC_WRITE_REQ\000"
 1195      455F4556 
 1195      545F4741 
 1195      5454535F 
ARM GAS  C:\Users\megan\AppData\Local\Temp\cc94iAc8.s 			page 25


 1195      45584543 
 1196              	.LASF151:
 1197 01ac 433A5C55 		.ascii	"C:\\Users\\megan\\Google Drive\\College\\S10 - Fall"
 1197      73657273 
 1197      5C6D6567 
 1197      616E5C47 
 1197      6F6F676C 
 1198 01da 20323031 		.ascii	" 2017\\ECEN 4350 - Embedded uC Design\\Github\\ECEN"
 1198      375C4543 
 1198      454E2034 
 1198      33353020 
 1198      2D20456D 
 1199 020a 34333530 		.ascii	"4350-EmbeddedMicrocontrollerDesign\\BinMonitorPart1"
 1199      2D456D62 
 1199      65646465 
 1199      644D6963 
 1199      726F636F 
 1200 023c 5C42696E 		.ascii	"\\BinMonitorPart1\\BinMonitorSensorPart1.cydsn\000"
 1200      4D6F6E69 
 1200      746F7250 
 1200      61727431 
 1200      5C42696E 
 1201              	.LASF153:
 1202 0269 77725265 		.ascii	"wrReqParam\000"
 1202      71506172 
 1202      616D00
 1203              	.LASF20:
 1204 0274 4359424C 		.ascii	"CYBLE_EVT_TIMEOUT\000"
 1204      455F4556 
 1204      545F5449 
 1204      4D454F55 
 1204      5400
 1205              	.LASF4:
 1206 0286 6C6F6E67 		.ascii	"long int\000"
 1206      20696E74 
 1206      00
 1207              	.LASF113:
 1208 028f 4359424C 		.ascii	"CYBLE_ERROR_HARDWARE_FAILURE\000"
 1208      455F4552 
 1208      524F525F 
 1208      48415244 
 1208      57415245 
 1209              	.LASF148:
 1210 02ac 696E6469 		.ascii	"indication_enabled\000"
 1210      63617469 
 1210      6F6E5F65 
 1210      6E61626C 
 1210      656400
 1211              	.LASF103:
 1212 02bf 4359424C 		.ascii	"CYBLE_ERROR_L2CAP_PSM_WRONG_ENCODING\000"
 1212      455F4552 
 1212      524F525F 
 1212      4C324341 
 1212      505F5053 
 1213              	.LASF129:
 1214 02e4 4359424C 		.ascii	"CYBLE_GATT_VALUE_T\000"
 1214      455F4741 
ARM GAS  C:\Users\megan\AppData\Local\Temp\cc94iAc8.s 			page 26


 1214      54545F56 
 1214      414C5545 
 1214      5F5400
 1215              	.LASF22:
 1216 02f7 4359424C 		.ascii	"CYBLE_EVT_HCI_STATUS\000"
 1216      455F4556 
 1216      545F4843 
 1216      495F5354 
 1216      41545553 
 1217              	.LASF85:
 1218 030c 4359424C 		.ascii	"CYBLE_EVT_PENDING_FLASH_WRITE\000"
 1218      455F4556 
 1218      545F5045 
 1218      4E44494E 
 1218      475F464C 
 1219              	.LASF141:
 1220 032a 6576656E 		.ascii	"eventCode\000"
 1220      74436F64 
 1220      6500
 1221              	.LASF102:
 1222 0334 4359424C 		.ascii	"CYBLE_ERROR_SEC_FAILED\000"
 1222      455F4552 
 1222      524F525F 
 1222      5345435F 
 1222      4641494C 
 1223              	.LASF34:
 1224 034b 4359424C 		.ascii	"CYBLE_EVT_GAP_ENCRYPT_CHANGE\000"
 1224      455F4556 
 1224      545F4741 
 1224      505F454E 
 1224      43525950 
 1225              	.LASF38:
 1226 0368 4359424C 		.ascii	"CYBLE_EVT_GAP_NUMERIC_COMPARISON_REQUEST\000"
 1226      455F4556 
 1226      545F4741 
 1226      505F4E55 
 1226      4D455249 
 1227              	.LASF6:
 1228 0391 6C6F6E67 		.ascii	"long long int\000"
 1228      206C6F6E 
 1228      6720696E 
 1228      7400
 1229              	.LASF0:
 1230 039f 7369676E 		.ascii	"signed char\000"
 1230      65642063 
 1230      68617200 
 1231              	.LASF19:
 1232 03ab 4359424C 		.ascii	"CYBLE_EVT_STACK_ON\000"
 1232      455F4556 
 1232      545F5354 
 1232      41434B5F 
 1232      4F4E00
 1233              	.LASF110:
 1234 03be 4359424C 		.ascii	"CYBLE_ERROR_DEVICE_ALREADY_EXISTS\000"
 1234      455F4552 
 1234      524F525F 
 1234      44455649 
ARM GAS  C:\Users\megan\AppData\Local\Temp\cc94iAc8.s 			page 27


 1234      43455F41 
 1235              	.LASF97:
 1236 03e0 4359424C 		.ascii	"CYBLE_ERROR_NO_DEVICE_ENTITY\000"
 1236      455F4552 
 1236      524F525F 
 1236      4E4F5F44 
 1236      45564943 
 1237              	.LASF128:
 1238 03fd 61637475 		.ascii	"actualLen\000"
 1238      616C4C65 
 1238      6E00
 1239              	.LASF26:
 1240 0407 4359424C 		.ascii	"CYBLE_EVT_GAP_AUTH_REQ\000"
 1240      455F4556 
 1240      545F4741 
 1240      505F4155 
 1240      54485F52 
 1241              	.LASF58:
 1242 041e 4359424C 		.ascii	"CYBLE_EVT_GATTC_READ_RSP\000"
 1242      455F4556 
 1242      545F4741 
 1242      5454435F 
 1242      52454144 
 1243              	.LASF121:
 1244 0437 4359424C 		.ascii	"CYBLE_ERROR_INVALID_STATE\000"
 1244      455F4552 
 1244      524F525F 
 1244      494E5641 
 1244      4C49445F 
 1245              	.LASF63:
 1246 0451 4359424C 		.ascii	"CYBLE_EVT_GATTS_WRITE_CMD_REQ\000"
 1246      455F4556 
 1246      545F4741 
 1246      5454535F 
 1246      57524954 
 1247              	.LASF31:
 1248 046f 4359424C 		.ascii	"CYBLE_EVT_GAPP_ADVERTISEMENT_START_STOP\000"
 1248      455F4556 
 1248      545F4741 
 1248      50505F41 
 1248      44564552 
 1249              	.LASF108:
 1250 0497 4359424C 		.ascii	"CYBLE_ERROR_L2CAP_PSM_NOT_IN_RANGE\000"
 1250      455F4552 
 1250      524F525F 
 1250      4C324341 
 1250      505F5053 
 1251              	.LASF9:
 1252 04ba 75696E74 		.ascii	"uint8\000"
 1252      3800
 1253              	.LASF66:
 1254 04c0 4359424C 		.ascii	"CYBLE_EVT_GATTC_EXEC_WRITE_RSP\000"
 1254      455F4556 
 1254      545F4741 
 1254      5454435F 
 1254      45584543 
 1255              	.LASF13:
ARM GAS  C:\Users\megan\AppData\Local\Temp\cc94iAc8.s 			page 28


 1256 04df 646F7562 		.ascii	"double\000"
 1256      6C6500
 1257              	.LASF79:
 1258 04e6 4359424C 		.ascii	"CYBLE_EVT_L2CAP_CBFC_DISCONN_IND\000"
 1258      455F4556 
 1258      545F4C32 
 1258      4341505F 
 1258      43424643 
 1259              	.LASF91:
 1260 0507 4359424C 		.ascii	"CYBLE_ERROR_INVALID_PARAMETER\000"
 1260      455F4552 
 1260      524F525F 
 1260      494E5641 
 1260      4C49445F 
 1261              	.LASF11:
 1262 0525 75696E74 		.ascii	"uint32\000"
 1262      333200
 1263              	.LASF89:
 1264 052c 4359424C 		.ascii	"CYBLE_EVT_MAX\000"
 1264      455F4556 
 1264      545F4D41 
 1264      5800
 1265              	.LASF90:
 1266 053a 4359424C 		.ascii	"CYBLE_ERROR_OK\000"
 1266      455F4552 
 1266      524F525F 
 1266      4F4B00
 1267              	.LASF49:
 1268 0549 4359424C 		.ascii	"CYBLE_EVT_GATTC_ERROR_RSP\000"
 1268      455F4556 
 1268      545F4741 
 1268      5454435F 
 1268      4552524F 
 1269              	.LASF74:
 1270 0563 4359424C 		.ascii	"CYBLE_EVT_L2CAP_CONN_PARAM_UPDATE_REQ\000"
 1270      455F4556 
 1270      545F4C32 
 1270      4341505F 
 1270      434F4E4E 
 1271              	.LASF84:
 1272 0589 4359424C 		.ascii	"CYBLE_EVT_L2CAP_CBFC_DATA_WRITE_IND\000"
 1272      455F4556 
 1272      545F4C32 
 1272      4341505F 
 1272      43424643 
 1273              	.LASF131:
 1274 05ad 61747472 		.ascii	"attrHandle\000"
 1274      48616E64 
 1274      6C6500
 1275              	.LASF7:
 1276 05b8 6C6F6E67 		.ascii	"long long unsigned int\000"
 1276      206C6F6E 
 1276      6720756E 
 1276      7369676E 
 1276      65642069 
 1277              	.LASF130:
 1278 05cf 76616C75 		.ascii	"value\000"
ARM GAS  C:\Users\megan\AppData\Local\Temp\cc94iAc8.s 			page 29


 1278      6500
 1279              	.LASF71:
 1280 05d5 4359424C 		.ascii	"CYBLE_EVT_GATTC_STOP_CMD_COMPLETE\000"
 1280      455F4556 
 1280      545F4741 
 1280      5454435F 
 1280      53544F50 
 1281              	.LASF95:
 1282 05f7 4359424C 		.ascii	"CYBLE_ERROR_OOB_NOT_AVAILABLE\000"
 1282      455F4552 
 1282      524F525F 
 1282      4F4F425F 
 1282      4E4F545F 
 1283              	.LASF86:
 1284 0615 4359424C 		.ascii	"CYBLE_EVT_LE_PING_AUTH_TIMEOUT\000"
 1284      455F4556 
 1284      545F4C45 
 1284      5F50494E 
 1284      475F4155 
 1285              	.LASF104:
 1286 0634 4359424C 		.ascii	"CYBLE_ERROR_L2CAP_PSM_ALREADY_REGISTERED\000"
 1286      455F4552 
 1286      524F525F 
 1286      4C324341 
 1286      505F5053 
 1287              	.LASF5:
 1288 065d 6C6F6E67 		.ascii	"long unsigned int\000"
 1288      20756E73 
 1288      69676E65 
 1288      6420696E 
 1288      7400
 1289              	.LASF45:
 1290 066f 4359424C 		.ascii	"CYBLE_EVT_GAP_CONN_ESTB\000"
 1290      455F4556 
 1290      545F4741 
 1290      505F434F 
 1290      4E4E5F45 
 1291              	.LASF145:
 1292 0687 6E756D62 		.ascii	"number_notify\000"
 1292      65725F6E 
 1292      6F746966 
 1292      7900
 1293              	.LASF61:
 1294 0695 4359424C 		.ascii	"CYBLE_EVT_GATTS_WRITE_REQ\000"
 1294      455F4556 
 1294      545F4741 
 1294      5454535F 
 1294      57524954 
 1295              	.LASF53:
 1296 06af 4359424C 		.ascii	"CYBLE_EVT_GATTC_XCHNG_MTU_RSP\000"
 1296      455F4556 
 1296      545F4741 
 1296      5454435F 
 1296      5843484E 
 1297              	.LASF70:
 1298 06cd 4359424C 		.ascii	"CYBLE_EVT_GATTS_DATA_SIGNED_CMD_REQ\000"
 1298      455F4556 
ARM GAS  C:\Users\megan\AppData\Local\Temp\cc94iAc8.s 			page 30


 1298      545F4741 
 1298      5454535F 
 1298      44415441 
 1299              	.LASF73:
 1300 06f1 4359424C 		.ascii	"CYBLE_EVT_GATTC_LONG_PROCEDURE_END\000"
 1300      455F4556 
 1300      545F4741 
 1300      5454435F 
 1300      4C4F4E47 
 1301              	.LASF107:
 1302 0714 4359424C 		.ascii	"CYBLE_ERROR_L2CAP_CHANNEL_NOT_FOUND\000"
 1302      455F4552 
 1302      524F525F 
 1302      4C324341 
 1302      505F4348 
 1303              	.LASF118:
 1304 0738 4359424C 		.ascii	"CYBLE_ERROR_NTF_DISABLED\000"
 1304      455F4552 
 1304      524F525F 
 1304      4E54465F 
 1304      44495341 
 1305              	.LASF18:
 1306 0751 4359424C 		.ascii	"CYBLE_EVT_HOST_INVALID\000"
 1306      455F4556 
 1306      545F484F 
 1306      53545F49 
 1306      4E56414C 
 1307              	.LASF56:
 1308 0768 4359424C 		.ascii	"CYBLE_EVT_GATTC_FIND_INFO_RSP\000"
 1308      455F4556 
 1308      545F4741 
 1308      5454435F 
 1308      46494E44 
 1309              	.LASF24:
 1310 0786 4359424C 		.ascii	"CYBLE_EVT_MEMORY_REQUEST\000"
 1310      455F4556 
 1310      545F4D45 
 1310      4D4F5259 
 1310      5F524551 
 1311              	.LASF146:
 1312 079f 6E756D62 		.ascii	"number_indicate\000"
 1312      65725F69 
 1312      6E646963 
 1312      61746500 
 1313              	.LASF27:
 1314 07af 4359424C 		.ascii	"CYBLE_EVT_GAP_PASSKEY_ENTRY_REQUEST\000"
 1314      455F4556 
 1314      545F4741 
 1314      505F5041 
 1314      53534B45 
 1315              	.LASF32:
 1316 07d3 4359424C 		.ascii	"CYBLE_EVT_GAP_DEVICE_CONNECTED\000"
 1316      455F4556 
 1316      545F4741 
 1316      505F4445 
 1316      56494345 
 1317              	.LASF150:
ARM GAS  C:\Users\megan\AppData\Local\Temp\cc94iAc8.s 			page 31


 1318 07f2 6D61696E 		.ascii	"main.c\000"
 1318      2E6300
 1319              	.LASF47:
 1320 07f9 4359424C 		.ascii	"CYBLE_EVT_GAP_AUTH_REQ_REPLY_ERR\000"
 1320      455F4556 
 1320      545F4741 
 1320      505F4155 
 1320      54485F52 
 1321              	.LASF149:
 1322 081a 474E5520 		.ascii	"GNU C11 5.4.1 20160609 (release) [ARM/embedded-5-br"
 1322      43313120 
 1322      352E342E 
 1322      31203230 
 1322      31363036 
 1323 084d 616E6368 		.ascii	"anch revision 237715] -mcpu=cortex-m0 -mthumb -g -O"
 1323      20726576 
 1323      6973696F 
 1323      6E203233 
 1323      37373135 
 1324 0880 30202D66 		.ascii	"0 -ffunction-sections -ffat-lto-objects\000"
 1324      66756E63 
 1324      74696F6E 
 1324      2D736563 
 1324      74696F6E 
 1325              	.LASF50:
 1326 08a8 4359424C 		.ascii	"CYBLE_EVT_GATT_CONNECT_IND\000"
 1326      455F4556 
 1326      545F4741 
 1326      54545F43 
 1326      4F4E4E45 
 1327              	.LASF126:
 1328 08c3 61747449 		.ascii	"attId\000"
 1328      6400
 1329              	.LASF76:
 1330 08c9 4359424C 		.ascii	"CYBLE_EVT_L2CAP_COMMAND_REJ\000"
 1330      455F4556 
 1330      545F4C32 
 1330      4341505F 
 1330      434F4D4D 
 1331              	.LASF15:
 1332 08e5 72656733 		.ascii	"reg32\000"
 1332      3200
 1333              	.LASF25:
 1334 08eb 4359424C 		.ascii	"CYBLE_EVT_GAPC_SCAN_PROGRESS_RESULT\000"
 1334      455F4556 
 1334      545F4741 
 1334      50435F53 
 1334      43414E5F 
 1335              	.LASF134:
 1336 090f 68616E64 		.ascii	"handleValPair\000"
 1336      6C655661 
 1336      6C506169 
 1336      7200
 1337              	.LASF48:
 1338 091d 4359424C 		.ascii	"CYBLE_EVT_GAP_SMP_LOC_P256_KEYS_GEN_AND_SET_COMPLET"
 1338      455F4556 
 1338      545F4741 
ARM GAS  C:\Users\megan\AppData\Local\Temp\cc94iAc8.s 			page 32


 1338      505F534D 
 1338      505F4C4F 
 1339 0950 4500     		.ascii	"E\000"
 1340              	.LASF117:
 1341 0952 4359424C 		.ascii	"CYBLE_ERROR_MAX\000"
 1341      455F4552 
 1341      524F525F 
 1341      4D415800 
 1342              	.LASF115:
 1343 0962 4359424C 		.ascii	"CYBLE_ERROR_FLASH_WRITE\000"
 1343      455F4552 
 1343      524F525F 
 1343      464C4153 
 1343      485F5752 
 1344              	.LASF55:
 1345 097a 4359424C 		.ascii	"CYBLE_EVT_GATTC_READ_BY_TYPE_RSP\000"
 1345      455F4556 
 1345      545F4741 
 1345      5454435F 
 1345      52454144 
 1346              	.LASF17:
 1347 099b 73697A65 		.ascii	"sizetype\000"
 1347      74797065 
 1347      00
 1348              	.LASF135:
 1349 09a4 4359424C 		.ascii	"CYBLE_GATTS_WRITE_REQ_PARAM_T\000"
 1349      455F4741 
 1349      5454535F 
 1349      57524954 
 1349      455F5245 
 1350              	.LASF30:
 1351 09c2 4359424C 		.ascii	"CYBLE_EVT_GAP_AUTH_FAILED\000"
 1351      455F4556 
 1351      545F4741 
 1351      505F4155 
 1351      54485F46 
 1352              	.LASF62:
 1353 09dc 4359424C 		.ascii	"CYBLE_EVT_GATTC_WRITE_RSP\000"
 1353      455F4556 
 1353      545F4741 
 1353      5454435F 
 1353      57524954 
 1354              	.LASF43:
 1355 09f6 4359424C 		.ascii	"CYBLE_EVT_GAPC_DIRECT_ADV_REPORT\000"
 1355      455F4556 
 1355      545F4741 
 1355      50435F44 
 1355      49524543 
 1356              	.LASF41:
 1357 0a17 4359424C 		.ascii	"CYBLE_EVT_GAP_DATA_LENGTH_CHANGE\000"
 1357      455F4556 
 1357      545F4741 
 1357      505F4441 
 1357      54415F4C 
 1358              	.LASF46:
 1359 0a38 4359424C 		.ascii	"CYBLE_EVT_GAP_SCAN_REQ_RECVD\000"
 1359      455F4556 
ARM GAS  C:\Users\megan\AppData\Local\Temp\cc94iAc8.s 			page 33


 1359      545F4741 
 1359      505F5343 
 1359      414E5F52 
 1360              	.LASF29:
 1361 0a55 4359424C 		.ascii	"CYBLE_EVT_GAP_AUTH_COMPLETE\000"
 1361      455F4556 
 1361      545F4741 
 1361      505F4155 
 1361      54485F43 
 1362              	.LASF152:
 1363 0a71 61706952 		.ascii	"apiResult\000"
 1363      6573756C 
 1363      7400
 1364              	.LASF123:
 1365 0a7b 4359424C 		.ascii	"CYBLE_API_RESULT_T\000"
 1365      455F4150 
 1365      495F5245 
 1365      53554C54 
 1365      5F5400
 1366              	.LASF67:
 1367 0a8e 4359424C 		.ascii	"CYBLE_EVT_GATTC_HANDLE_VALUE_NTF\000"
 1367      455F4556 
 1367      545F4741 
 1367      5454435F 
 1367      48414E44 
 1368              	.LASF119:
 1369 0aaf 4359424C 		.ascii	"CYBLE_ERROR_IND_DISABLED\000"
 1369      455F4552 
 1369      524F525F 
 1369      494E445F 
 1369      44495341 
 1370              	.LASF132:
 1371 0ac8 4359424C 		.ascii	"CYBLE_GATT_HANDLE_VALUE_PAIR_T\000"
 1371      455F4741 
 1371      54545F48 
 1371      414E444C 
 1371      455F5641 
 1372              	.LASF78:
 1373 0ae7 4359424C 		.ascii	"CYBLE_EVT_L2CAP_CBFC_CONN_CNF\000"
 1373      455F4556 
 1373      545F4C32 
 1373      4341505F 
 1373      43424643 
 1374              	.LASF54:
 1375 0b05 4359424C 		.ascii	"CYBLE_EVT_GATTC_READ_BY_GROUP_TYPE_RSP\000"
 1375      455F4556 
 1375      545F4741 
 1375      5454435F 
 1375      52454144 
 1376              	.LASF12:
 1377 0b2c 666C6F61 		.ascii	"float\000"
 1377      7400
 1378              	.LASF77:
 1379 0b32 4359424C 		.ascii	"CYBLE_EVT_L2CAP_CBFC_CONN_IND\000"
 1379      455F4556 
 1379      545F4C32 
 1379      4341505F 
ARM GAS  C:\Users\megan\AppData\Local\Temp\cc94iAc8.s 			page 34


 1379      43424643 
 1380              	.LASF100:
 1381 0b50 4359424C 		.ascii	"CYBLE_ERROR_TX_POWER_READ\000"
 1381      455F4552 
 1381      524F525F 
 1381      54585F50 
 1381      4F574552 
 1382              	.LASF120:
 1383 0b6a 4359424C 		.ascii	"CYBLE_ERROR_CHAR_IS_NOT_DISCOVERED\000"
 1383      455F4552 
 1383      524F525F 
 1383      43484152 
 1383      5F49535F 
 1384              	.LASF1:
 1385 0b8d 756E7369 		.ascii	"unsigned char\000"
 1385      676E6564 
 1385      20636861 
 1385      7200
 1386              	.LASF39:
 1387 0b9b 4359424C 		.ascii	"CYBLE_EVT_GAP_KEYPRESS_NOTIFICATION\000"
 1387      455F4556 
 1387      545F4741 
 1387      505F4B45 
 1387      59505245 
 1388              	.LASF2:
 1389 0bbf 73686F72 		.ascii	"short int\000"
 1389      7420696E 
 1389      7400
 1390              	.LASF68:
 1391 0bc9 4359424C 		.ascii	"CYBLE_EVT_GATTC_HANDLE_VALUE_IND\000"
 1391      455F4556 
 1391      545F4741 
 1391      5454435F 
 1391      48414E44 
 1392              	.LASF87:
 1393 0bea 4359424C 		.ascii	"CYBLE_EVT_HCI_PKT\000"
 1393      455F4556 
 1393      545F4843 
 1393      495F504B 
 1393      5400
 1394              	.LASF96:
 1395 0bfc 4359424C 		.ascii	"CYBLE_ERROR_NO_CONNECTION\000"
 1395      455F4552 
 1395      524F525F 
 1395      4E4F5F43 
 1395      4F4E4E45 
 1396              	.LASF64:
 1397 0c16 4359424C 		.ascii	"CYBLE_EVT_GATTS_PREP_WRITE_REQ\000"
 1397      455F4556 
 1397      545F4741 
 1397      5454535F 
 1397      50524550 
 1398              	.LASF69:
 1399 0c35 4359424C 		.ascii	"CYBLE_EVT_GATTS_HANDLE_VALUE_CNF\000"
 1399      455F4556 
 1399      545F4741 
 1399      5454535F 
ARM GAS  C:\Users\megan\AppData\Local\Temp\cc94iAc8.s 			page 35


 1399      48414E44 
 1400              	.LASF98:
 1401 0c56 4359424C 		.ascii	"CYBLE_ERROR_REPEATED_ATTEMPTS\000"
 1401      455F4552 
 1401      524F525F 
 1401      52455045 
 1401      41544544 
 1402              	.LASF44:
 1403 0c74 4359424C 		.ascii	"CYBLE_EVT_GAP_SMP_NEGOTIATED_AUTH_INFO\000"
 1403      455F4556 
 1403      545F4741 
 1403      505F534D 
 1403      505F4E45 
 1404              	.LASF138:
 1405 0c9b 4359424C 		.ascii	"CYBLE_SRVI_COUNT\000"
 1405      455F5352 
 1405      56495F43 
 1405      4F554E54 
 1405      00
 1406              	.LASF136:
 1407 0cac 4359424C 		.ascii	"CYBLE_SRVI_GAP\000"
 1407      455F5352 
 1407      56495F47 
 1407      415000
 1408              	.LASF122:
 1409 0cbb 4359424C 		.ascii	"CYBLE_ERROR_STACK_BUSY\000"
 1409      455F4552 
 1409      524F525F 
 1409      53544143 
 1409      4B5F4255 
 1410              	.LASF16:
 1411 0cd2 6C6F6E67 		.ascii	"long double\000"
 1411      20646F75 
 1411      626C6500 
 1412              	.LASF14:
 1413 0cde 63686172 		.ascii	"char\000"
 1413      00
 1414              	.LASF101:
 1415 0ce3 4359424C 		.ascii	"CYBLE_ERROR_BT_ON_NOT_COMPLETED\000"
 1415      455F4552 
 1415      524F525F 
 1415      42545F4F 
 1415      4E5F4E4F 
 1416              	.LASF33:
 1417 0d03 4359424C 		.ascii	"CYBLE_EVT_GAP_DEVICE_DISCONNECTED\000"
 1417      455F4556 
 1417      545F4741 
 1417      505F4445 
 1417      56494345 
 1418              	.LASF8:
 1419 0d25 756E7369 		.ascii	"unsigned int\000"
 1419      676E6564 
 1419      20696E74 
 1419      00
 1420              	.LASF137:
 1421 0d32 4359424C 		.ascii	"CYBLE_SRVI_GATT\000"
 1421      455F5352 
ARM GAS  C:\Users\megan\AppData\Local\Temp\cc94iAc8.s 			page 36


 1421      56495F47 
 1421      41545400 
 1422              	.LASF72:
 1423 0d42 4359424C 		.ascii	"CYBLE_EVT_GATTS_READ_CHAR_VAL_ACCESS_REQ\000"
 1423      455F4556 
 1423      545F4741 
 1423      5454535F 
 1423      52454144 
 1424              	.LASF83:
 1425 0d6b 4359424C 		.ascii	"CYBLE_EVT_L2CAP_CBFC_TX_CREDIT_IND\000"
 1425      455F4556 
 1425      545F4C32 
 1425      4341505F 
 1425      43424643 
 1426              	.LASF111:
 1427 0d8e 4359424C 		.ascii	"CYBLE_ERROR_FLASH_WRITE_NOT_PERMITED\000"
 1427      455F4552 
 1427      524F525F 
 1427      464C4153 
 1427      485F5752 
 1428              	.LASF106:
 1429 0db3 4359424C 		.ascii	"CYBLE_ERROR_L2CAP_CONNECTION_ENTITY_NOT_FOUND\000"
 1429      455F4552 
 1429      524F525F 
 1429      4C324341 
 1429      505F434F 
 1430              	.LASF28:
 1431 0de1 4359424C 		.ascii	"CYBLE_EVT_GAP_PASSKEY_DISPLAY_REQUEST\000"
 1431      455F4556 
 1431      545F4741 
 1431      505F5041 
 1431      53534B45 
 1432              	.LASF21:
 1433 0e07 4359424C 		.ascii	"CYBLE_EVT_HARDWARE_ERROR\000"
 1433      455F4556 
 1433      545F4841 
 1433      52445741 
 1433      52455F45 
 1434              	.LASF3:
 1435 0e20 73686F72 		.ascii	"short unsigned int\000"
 1435      7420756E 
 1435      7369676E 
 1435      65642069 
 1435      6E7400
 1436              	.LASF147:
 1437 0e33 6E6F7469 		.ascii	"notification_enabled\000"
 1437      66696361 
 1437      74696F6E 
 1437      5F656E61 
 1437      626C6564 
 1438              	.LASF92:
 1439 0e48 4359424C 		.ascii	"CYBLE_ERROR_INVALID_OPERATION\000"
 1439      455F4552 
 1439      524F525F 
 1439      494E5641 
 1439      4C49445F 
 1440              	.LASF52:
ARM GAS  C:\Users\megan\AppData\Local\Temp\cc94iAc8.s 			page 37


 1441 0e66 4359424C 		.ascii	"CYBLE_EVT_GATTS_XCNHG_MTU_REQ\000"
 1441      455F4556 
 1441      545F4741 
 1441      5454535F 
 1441      58434E48 
 1442              	.LASF142:
 1443 0e84 6576656E 		.ascii	"eventParam\000"
 1443      74506172 
 1443      616D00
 1444              	.LASF94:
 1445 0e8f 4359424C 		.ascii	"CYBLE_ERROR_INSUFFICIENT_RESOURCES\000"
 1445      455F4552 
 1445      524F525F 
 1445      494E5355 
 1445      46464943 
 1446              	.LASF59:
 1447 0eb2 4359424C 		.ascii	"CYBLE_EVT_GATTC_READ_BLOB_RSP\000"
 1447      455F4556 
 1447      545F4741 
 1447      5454435F 
 1447      52454144 
 1448              	.LASF116:
 1449 0ed0 4359424C 		.ascii	"CYBLE_ERROR_CONTROLLER_BUSY\000"
 1449      455F4552 
 1449      524F525F 
 1449      434F4E54 
 1449      524F4C4C 
 1450              	.LASF140:
 1451 0eec 53746163 		.ascii	"StackEventHandler\000"
 1451      6B457665 
 1451      6E744861 
 1451      6E646C65 
 1451      7200
 1452              	.LASF144:
 1453 0efe 6E756D62 		.ascii	"number_write\000"
 1453      65725F77 
 1453      72697465 
 1453      00
 1454              	.LASF112:
 1455 0f0b 4359424C 		.ascii	"CYBLE_ERROR_MIC_AUTH_FAILED\000"
 1455      455F4552 
 1455      524F525F 
 1455      4D49435F 
 1455      41555448 
 1456              	.LASF105:
 1457 0f27 4359424C 		.ascii	"CYBLE_ERROR_L2CAP_PSM_NOT_REGISTERED\000"
 1457      455F4552 
 1457      524F525F 
 1457      4C324341 
 1457      505F5053 
 1458              	.LASF57:
 1459 0f4c 4359424C 		.ascii	"CYBLE_EVT_GATTC_FIND_BY_TYPE_VALUE_RSP\000"
 1459      455F4556 
 1459      545F4741 
 1459      5454435F 
 1459      46494E44 
 1460              	.LASF99:
ARM GAS  C:\Users\megan\AppData\Local\Temp\cc94iAc8.s 			page 38


 1461 0f73 4359424C 		.ascii	"CYBLE_ERROR_GAP_ROLE\000"
 1461      455F4552 
 1461      524F525F 
 1461      4741505F 
 1461      524F4C45 
 1462              	.LASF37:
 1463 0f88 4359424C 		.ascii	"CYBLE_EVT_GAP_KEYINFO_EXCHNGE_CMPLT\000"
 1463      455F4556 
 1463      545F4741 
 1463      505F4B45 
 1463      59494E46 
 1464              	.LASF125:
 1465 0fac 62644861 		.ascii	"bdHandle\000"
 1465      6E646C65 
 1465      00
 1466              	.LASF143:
 1467 0fb5 6E756D62 		.ascii	"number_read\000"
 1467      65725F72 
 1467      65616400 
 1468              	.LASF75:
 1469 0fc1 4359424C 		.ascii	"CYBLE_EVT_L2CAP_CONN_PARAM_UPDATE_RSP\000"
 1469      455F4556 
 1469      545F4C32 
 1469      4341505F 
 1469      434F4E4E 
 1470              	.LASF139:
 1471 0fe7 6D61696E 		.ascii	"main\000"
 1471      00
 1472              	.LASF42:
 1473 0fec 4359424C 		.ascii	"CYBLE_EVT_GAP_ENHANCE_CONN_COMPLETE\000"
 1473      455F4556 
 1473      545F4741 
 1473      505F454E 
 1473      48414E43 
 1474              	.LASF124:
 1475 1010 4359424C 		.ascii	"CYBLE_GATT_DB_ATTR_HANDLE_T\000"
 1475      455F4741 
 1475      54545F44 
 1475      425F4154 
 1475      54525F48 
 1476              	.LASF51:
 1477 102c 4359424C 		.ascii	"CYBLE_EVT_GATT_DISCONNECT_IND\000"
 1477      455F4556 
 1477      545F4741 
 1477      54545F44 
 1477      4953434F 
 1478              	.LASF109:
 1479 104a 4359424C 		.ascii	"CYBLE_ERROR_GATT_DB_INVALID_ATTR_HANDLE\000"
 1479      455F4552 
 1479      524F525F 
 1479      47415454 
 1479      5F44425F 
 1480              	.LASF88:
 1481 1072 4359424C 		.ascii	"CYBLE_EVT_FLASH_CORRUPT\000"
 1481      455F4556 
 1481      545F464C 
 1481      4153485F 
ARM GAS  C:\Users\megan\AppData\Local\Temp\cc94iAc8.s 			page 39


 1481      434F5252 
 1482              		.ident	"GCC: (GNU Tools for ARM Embedded Processors) 5.4.1 20160609 (release) [ARM/embedded-5-bran
